#-----------------------------------------------------------
# Vivado v2024.1.2 (64-bit)
# SW Build 5164865 on Thu Sep  5 14:37:11 MDT 2024
# IP Build 5164407 on Fri Sep  6 08:18:11 MDT 2024
# SharedData Build 5164864 on Thu Sep 05 13:09:09 MDT 2024
# Start of session at: Sat Jan 18 13:44:58 2025
# Process ID: 23220
# Current directory: C:/Users/Samuel/risc_arty
# Command line: vivado.exe -gui_launcher_event rodinguilauncherevent34388 C:\Users\Samuel\risc_arty\risc_arty.xpr
# Log file: C:/Users/Samuel/risc_arty/vivado.log
# Journal file: C:/Users/Samuel/risc_arty\vivado.jou
# Running On        :DESKTOP-OGK78OO
# Platform          :Windows Server 2016 or Windows 10
# Operating System  :19045
# Processor Detail  :AMD Ryzen 9 5900X 12-Core Processor            
# CPU Frequency     :3700 MHz
# CPU Physical cores:12
# CPU Logical cores :24
# Host memory       :68635 MB
# Swap memory       :4294 MB
# Total Virtual     :72930 MB
# Available Virtual :56969 MB
#-----------------------------------------------------------
start_gui
open_project C:/Users/Samuel/risc_arty/risc_arty.xpr
WARNING: [Board 49-26] cannot add Board Part xilinx.com:vek280_es:part0:1.0 available at E:/Xinlix/Vivado/2024.1/data/xhub/boards/XilinxBoardStore/boards/Xilinx/vek280/es/rev_a/1.0/board.xml as part xcve2802-vsvh1760-2lp-e-s-es1 specified in board_part file is either invalid or not available
WARNING: [Board 49-26] cannot add Board Part xilinx.com:vek280_es:part0:1.1 available at E:/Xinlix/Vivado/2024.1/data/xhub/boards/XilinxBoardStore/boards/Xilinx/vek280/es/rev_a/1.1/board.xml as part xcve2802-vsvh1760-2lp-e-s-es1 specified in board_part file is either invalid or not available
WARNING: [Board 49-26] cannot add Board Part xilinx.com:vek280_es_revb:part0:1.0 available at E:/Xinlix/Vivado/2024.1/data/xhub/boards/XilinxBoardStore/boards/Xilinx/vek280/es/rev_b/1.0/board.xml as part xcve2802-vsvh1760-2mp-e-s-es1 specified in board_part file is either invalid or not available
WARNING: [Board 49-26] cannot add Board Part xilinx.com:vek280_es_revb:part0:1.1 available at E:/Xinlix/Vivado/2024.1/data/xhub/boards/XilinxBoardStore/boards/Xilinx/vek280/es/rev_b/1.1/board.xml as part xcve2802-vsvh1760-2mp-e-s-es1 specified in board_part file is either invalid or not available
WARNING: [Board 49-26] cannot add Board Part xilinx.com:vhk158_es:part0:1.0 available at E:/Xinlix/Vivado/2024.1/data/xhub/boards/XilinxBoardStore/boards/Xilinx/vhk158/es/1.0/board.xml as part xcvh1582-vsva3697-2mp-e-s-es1 specified in board_part file is either invalid or not available
WARNING: [Board 49-26] cannot add Board Part xilinx.com:vhk158_es:part0:1.1 available at E:/Xinlix/Vivado/2024.1/data/xhub/boards/XilinxBoardStore/boards/Xilinx/vhk158/es/1.1/board.xml as part xcvh1582-vsva3697-2mp-e-s-es1 specified in board_part file is either invalid or not available
WARNING: [Board 49-26] cannot add Board Part xilinx.com:zcu208ld:part0:2.0 available at E:/Xinlix/Vivado/2024.1/data/xhub/boards/XilinxBoardStore/boards/Xilinx/zcu208ld/production/2.0/board.xml as part xczu58dr-fsvg1517-2-i specified in board_part file is either invalid or not available
WARNING: [Board 49-26] cannot add Board Part xilinx.com:zcu216ld:part0:2.0 available at E:/Xinlix/Vivado/2024.1/data/xhub/boards/XilinxBoardStore/boards/Xilinx/zcu216ld/production/2.0/board.xml as part xczu59dr-ffvf1760-2-i specified in board_part file is either invalid or not available
WARNING: [Board 49-26] cannot add Board Part xilinx.com:zcu670ld:part0:1.0 available at E:/Xinlix/Vivado/2024.1/data/xhub/boards/XilinxBoardStore/boards/Xilinx/zcu670ld/1.0/board.xml as part xczu57dr-fsve1156-2-i specified in board_part file is either invalid or not available
Scanning sources...
Finished scanning sources
INFO: [IP_Flow 19-234] Refreshing IP repositories
INFO: [IP_Flow 19-1704] No user IP repositories specified
INFO: [IP_Flow 19-2313] Loaded Vivado IP repository 'E:/Xinlix/Vivado/2024.1/data/ip'.
open_project: Time (s): cpu = 00:00:23 ; elapsed = 00:00:13 . Memory (MB): peak = 1770.188 ; gain = 542.289
WARNING: [filemgmt 56-199] Attempt to get parsing info during refresh. "On-the-fly" syntax checking information may be incorrect. [C:\Users\Samuel\risc_arty\risc_arty.srcs\sources_1\imports\rtl\top.vhd:]
WARNING: [filemgmt 56-199] Attempt to get parsing info during refresh. "On-the-fly" syntax checking information may be incorrect. [C:\Users\Samuel\risc_arty\risc_arty.srcs\sources_1\imports\rtl\imem.vhd:]
WARNING: [filemgmt 56-199] Attempt to get parsing info during refresh. "On-the-fly" syntax checking information may be incorrect. [C:\Users\Samuel\risc_arty\risc_arty.srcs\sources_1\imports\rtl\imem.vhd:]
WARNING: [filemgmt 56-199] Attempt to get parsing info during refresh. "On-the-fly" syntax checking information may be incorrect. [C:\Users\Samuel\risc_arty\risc_arty.srcs\sources_1\imports\rtl\imem.vhd:]
ERROR: [Common 17-180] Spawn failed: No error
WARNING: [filemgmt 56-199] Attempt to get parsing info during refresh. "On-the-fly" syntax checking information may be incorrect. [C:\Users\Samuel\risc_arty\risc_arty.srcs\sources_1\imports\rtl\top.vhd:]
WARNING: [filemgmt 56-199] Attempt to get parsing info during refresh. "On-the-fly" syntax checking information may be incorrect. [C:\Users\Samuel\risc_arty\risc_arty.srcs\sources_1\imports\rtl\imem.vhd:]
WARNING: [filemgmt 56-199] Attempt to get parsing info during refresh. "On-the-fly" syntax checking information may be incorrect. [C:\Users\Samuel\risc_arty\risc_arty.srcs\sources_1\imports\rtl\imem.vhd:]
WARNING: [filemgmt 56-199] Attempt to get parsing info during refresh. "On-the-fly" syntax checking information may be incorrect. [C:\Users\Samuel\risc_arty\risc_arty.srcs\sources_1\imports\rtl\imem.vhd:]
ERROR: [Common 17-180] Spawn failed: No error
WARNING: [filemgmt 56-199] Attempt to get parsing info during refresh. "On-the-fly" syntax checking information may be incorrect. [C:\Users\Samuel\risc_arty\risc_arty.srcs\sources_1\imports\rtl\top.vhd:]
WARNING: [filemgmt 56-199] Attempt to get parsing info during refresh. "On-the-fly" syntax checking information may be incorrect. [C:\Users\Samuel\risc_arty\risc_arty.srcs\sources_1\imports\rtl\imem.vhd:]
WARNING: [filemgmt 56-199] Attempt to get parsing info during refresh. "On-the-fly" syntax checking information may be incorrect. [C:\Users\Samuel\risc_arty\risc_arty.srcs\sources_1\imports\rtl\dmem.vhd:]
WARNING: [filemgmt 56-199] Attempt to get parsing info during refresh. "On-the-fly" syntax checking information may be incorrect. [C:\Users\Samuel\risc_arty\risc_arty.srcs\sources_1\imports\rtl\imem.vhd:]
WARNING: [filemgmt 56-199] Attempt to get parsing info during refresh. "On-the-fly" syntax checking information may be incorrect. [C:\Users\Samuel\risc_arty\risc_arty.srcs\sources_1\imports\rtl\imem.vhd:]
WARNING: [filemgmt 56-199] Attempt to get parsing info during refresh. "On-the-fly" syntax checking information may be incorrect. [C:\Users\Samuel\risc_arty\risc_arty.srcs\sources_1\imports\rtl\top.vhd:]
WARNING: [filemgmt 56-199] Attempt to get parsing info during refresh. "On-the-fly" syntax checking information may be incorrect. [C:\Users\Samuel\risc_arty\risc_arty.srcs\sources_1\imports\rtl\imem.vhd:]
WARNING: [filemgmt 56-199] Attempt to get parsing info during refresh. "On-the-fly" syntax checking information may be incorrect. [C:\Users\Samuel\risc_arty\risc_arty.srcs\sources_1\imports\rtl\dmem.vhd:]
WARNING: [filemgmt 56-199] Attempt to get parsing info during refresh. "On-the-fly" syntax checking information may be incorrect. [C:\Users\Samuel\risc_arty\risc_arty.srcs\sources_1\imports\rtl\dmem.vhd:]
WARNING: [filemgmt 56-199] Attempt to get parsing info during refresh. "On-the-fly" syntax checking information may be incorrect. [C:\Users\Samuel\risc_arty\risc_arty.srcs\sources_1\imports\rtl\dmem.vhd:]
WARNING: [filemgmt 56-199] Attempt to get parsing info during refresh. "On-the-fly" syntax checking information may be incorrect. [C:\Users\Samuel\risc_arty\risc_arty.srcs\sources_1\imports\rtl\imem.vhd:]
WARNING: [filemgmt 56-199] Attempt to get parsing info during refresh. "On-the-fly" syntax checking information may be incorrect. [C:\Users\Samuel\risc_arty\risc_arty.srcs\sources_1\imports\rtl\wallDtoE.vhd:]
WARNING: [filemgmt 56-199] Attempt to get parsing info during refresh. "On-the-fly" syntax checking information may be incorrect. [C:\Users\Samuel\risc_arty\risc_arty.srcs\sources_1\imports\rtl\adder.vhd:]
WARNING: [filemgmt 56-199] Attempt to get parsing info during refresh. "On-the-fly" syntax checking information may be incorrect. [C:\Users\Samuel\risc_arty\risc_arty.srcs\sources_1\imports\rtl\riscvpipeline.vhd:]
WARNING: [filemgmt 56-199] Attempt to get parsing info during refresh. "On-the-fly" syntax checking information may be incorrect. [C:\Users\Samuel\risc_arty\risc_arty.srcs\sources_1\imports\rtl\extend.vhd:]
WARNING: [filemgmt 56-199] Attempt to get parsing info during refresh. "On-the-fly" syntax checking information may be incorrect. [C:\Users\Samuel\risc_arty\risc_arty.srcs\sources_1\imports\rtl\controller.vhd:]
WARNING: [filemgmt 56-199] Attempt to get parsing info during refresh. "On-the-fly" syntax checking information may be incorrect. [C:\Users\Samuel\risc_arty\risc_arty.srcs\sources_1\imports\rtl\dmem.vhd:]
WARNING: [filemgmt 56-199] Attempt to get parsing info during refresh. "On-the-fly" syntax checking information may be incorrect. [C:\Users\Samuel\risc_arty\risc_arty.srcs\sources_1\imports\rtl\banchunit.vhd:]
WARNING: [filemgmt 56-199] Attempt to get parsing info during refresh. "On-the-fly" syntax checking information may be incorrect. [C:\Users\Samuel\risc_arty\risc_arty.srcs\sources_1\imports\rtl\enflopr.vhd:]
WARNING: [filemgmt 56-199] Attempt to get parsing info during refresh. "On-the-fly" syntax checking information may be incorrect. [C:\Users\Samuel\risc_arty\risc_arty.srcs\sources_1\imports\rtl\top.vhd:]
WARNING: [filemgmt 56-199] Attempt to get parsing info during refresh. "On-the-fly" syntax checking information may be incorrect. [C:\Users\Samuel\risc_arty\risc_arty.srcs\sources_1\imports\rtl\aludec.vhd:]
WARNING: [filemgmt 56-199] Attempt to get parsing info during refresh. "On-the-fly" syntax checking information may be incorrect. [C:\Users\Samuel\risc_arty\risc_arty.srcs\sources_1\imports\rtl\signext.vhd:]
WARNING: [filemgmt 56-199] Attempt to get parsing info during refresh. "On-the-fly" syntax checking information may be incorrect. [C:\Users\Samuel\risc_arty\risc_arty.srcs\sources_1\imports\new\Pixel_On_Text.vhd:]
WARNING: [filemgmt 56-199] Attempt to get parsing info during refresh. "On-the-fly" syntax checking information may be incorrect. [C:\Users\Samuel\risc_arty\risc_arty.srcs\sources_1\imports\rtl\datapath.vhd:]
WARNING: [filemgmt 56-199] Attempt to get parsing info during refresh. "On-the-fly" syntax checking information may be incorrect. [C:\Users\Samuel\risc_arty\risc_arty.srcs\sources_1\imports\rtl\maindec.vhd:]
WARNING: [filemgmt 56-199] Attempt to get parsing info during refresh. "On-the-fly" syntax checking information may be incorrect. [C:\Users\Samuel\risc_arty\risc_arty.srcs\sources_1\imports\rtl\regfile.vhd:]
WARNING: [filemgmt 56-199] Attempt to get parsing info during refresh. "On-the-fly" syntax checking information may be incorrect. [C:\Users\Samuel\risc_arty\risc_arty.srcs\sources_1\new\divider.vhd:]
WARNING: [filemgmt 56-199] Attempt to get parsing info during refresh. "On-the-fly" syntax checking information may be incorrect. [C:\Users\Samuel\risc_arty\risc_arty.srcs\sources_1\imports\rtl\alu.vhd:]
WARNING: [filemgmt 56-199] Attempt to get parsing info during refresh. "On-the-fly" syntax checking information may be incorrect. [C:\Users\Samuel\risc_arty\risc_arty.srcs\sources_1\imports\rtl\wallEtoM.vhd:]
WARNING: [filemgmt 56-199] Attempt to get parsing info during refresh. "On-the-fly" syntax checking information may be incorrect. [C:\Users\Samuel\risc_arty\risc_arty.srcs\sources_1\new\remainder.vhd:]
WARNING: [filemgmt 56-199] Attempt to get parsing info during refresh. "On-the-fly" syntax checking information may be incorrect. [C:\Users\Samuel\risc_arty\risc_arty.srcs\sources_1\imports\new\Font_Rom.vhd:]
WARNING: [filemgmt 56-199] Attempt to get parsing info during refresh. "On-the-fly" syntax checking information may be incorrect. [C:\Users\Samuel\risc_arty\risc_arty.srcs\sources_1\imports\rtl\imem.vhd:]
WARNING: [filemgmt 56-199] Attempt to get parsing info during refresh. "On-the-fly" syntax checking information may be incorrect. [C:\Users\Samuel\risc_arty\risc_arty.srcs\sources_1\imports\rtl\imem.vhd:]
WARNING: [filemgmt 56-199] Attempt to get parsing info during refresh. "On-the-fly" syntax checking information may be incorrect. [C:\Users\Samuel\risc_arty\risc_arty.srcs\sources_1\imports\rtl\imem.vhd:]
WARNING: [filemgmt 56-199] Attempt to get parsing info during refresh. "On-the-fly" syntax checking information may be incorrect. [C:\Users\Samuel\risc_arty\risc_arty.srcs\sources_1\imports\rtl\wallDtoE.vhd:]
WARNING: [filemgmt 56-199] Attempt to get parsing info during refresh. "On-the-fly" syntax checking information may be incorrect. [C:\Users\Samuel\risc_arty\risc_arty.srcs\sources_1\imports\rtl\adder.vhd:]
WARNING: [filemgmt 56-199] Attempt to get parsing info during refresh. "On-the-fly" syntax checking information may be incorrect. [C:\Users\Samuel\risc_arty\risc_arty.srcs\sources_1\imports\rtl\riscvpipeline.vhd:]
WARNING: [filemgmt 56-199] Attempt to get parsing info during refresh. "On-the-fly" syntax checking information may be incorrect. [C:\Users\Samuel\risc_arty\risc_arty.srcs\sources_1\imports\rtl\extend.vhd:]
WARNING: [filemgmt 56-199] Attempt to get parsing info during refresh. "On-the-fly" syntax checking information may be incorrect. [C:\Users\Samuel\risc_arty\risc_arty.srcs\sources_1\imports\rtl\controller.vhd:]
WARNING: [filemgmt 56-199] Attempt to get parsing info during refresh. "On-the-fly" syntax checking information may be incorrect. [C:\Users\Samuel\risc_arty\risc_arty.srcs\sources_1\imports\rtl\dmem.vhd:]
WARNING: [filemgmt 56-199] Attempt to get parsing info during refresh. "On-the-fly" syntax checking information may be incorrect. [C:\Users\Samuel\risc_arty\risc_arty.srcs\sources_1\imports\rtl\banchunit.vhd:]
WARNING: [filemgmt 56-199] Attempt to get parsing info during refresh. "On-the-fly" syntax checking information may be incorrect. [C:\Users\Samuel\risc_arty\risc_arty.srcs\sources_1\imports\rtl\enflopr.vhd:]
WARNING: [filemgmt 56-199] Attempt to get parsing info during refresh. "On-the-fly" syntax checking information may be incorrect. [C:\Users\Samuel\risc_arty\risc_arty.srcs\sources_1\imports\rtl\top.vhd:]
WARNING: [filemgmt 56-199] Attempt to get parsing info during refresh. "On-the-fly" syntax checking information may be incorrect. [C:\Users\Samuel\risc_arty\risc_arty.srcs\sources_1\imports\rtl\aludec.vhd:]
WARNING: [filemgmt 56-199] Attempt to get parsing info during refresh. "On-the-fly" syntax checking information may be incorrect. [C:\Users\Samuel\risc_arty\risc_arty.srcs\sources_1\imports\rtl\signext.vhd:]
WARNING: [filemgmt 56-199] Attempt to get parsing info during refresh. "On-the-fly" syntax checking information may be incorrect. [C:\Users\Samuel\risc_arty\risc_arty.srcs\sources_1\imports\new\Pixel_On_Text.vhd:]
WARNING: [filemgmt 56-199] Attempt to get parsing info during refresh. "On-the-fly" syntax checking information may be incorrect. [C:\Users\Samuel\risc_arty\risc_arty.srcs\sources_1\imports\rtl\datapath.vhd:]
WARNING: [filemgmt 56-199] Attempt to get parsing info during refresh. "On-the-fly" syntax checking information may be incorrect. [C:\Users\Samuel\risc_arty\risc_arty.srcs\sources_1\imports\rtl\maindec.vhd:]
WARNING: [filemgmt 56-199] Attempt to get parsing info during refresh. "On-the-fly" syntax checking information may be incorrect. [C:\Users\Samuel\risc_arty\risc_arty.srcs\sources_1\imports\rtl\regfile.vhd:]
WARNING: [filemgmt 56-199] Attempt to get parsing info during refresh. "On-the-fly" syntax checking information may be incorrect. [C:\Users\Samuel\risc_arty\risc_arty.srcs\sources_1\new\divider.vhd:]
WARNING: [filemgmt 56-199] Attempt to get parsing info during refresh. "On-the-fly" syntax checking information may be incorrect. [C:\Users\Samuel\risc_arty\risc_arty.srcs\sources_1\imports\rtl\alu.vhd:]
WARNING: [filemgmt 56-199] Attempt to get parsing info during refresh. "On-the-fly" syntax checking information may be incorrect. [C:\Users\Samuel\risc_arty\risc_arty.srcs\sources_1\imports\rtl\wallEtoM.vhd:]
WARNING: [filemgmt 56-199] Attempt to get parsing info during refresh. "On-the-fly" syntax checking information may be incorrect. [C:\Users\Samuel\risc_arty\risc_arty.srcs\sources_1\new\remainder.vhd:]
WARNING: [filemgmt 56-199] Attempt to get parsing info during refresh. "On-the-fly" syntax checking information may be incorrect. [C:\Users\Samuel\risc_arty\risc_arty.srcs\sources_1\imports\new\Font_Rom.vhd:]
WARNING: [filemgmt 56-199] Attempt to get parsing info during refresh. "On-the-fly" syntax checking information may be incorrect. [C:\Users\Samuel\risc_arty\risc_arty.srcs\sources_1\imports\rtl\datapath.vhd:]
WARNING: [filemgmt 56-199] Attempt to get parsing info during refresh. "On-the-fly" syntax checking information may be incorrect. [C:\Users\Samuel\risc_arty\risc_arty.srcs\sources_1\imports\rtl\datapath.vhd:]
WARNING: [filemgmt 56-199] Attempt to get parsing info during refresh. "On-the-fly" syntax checking information may be incorrect. [C:\Users\Samuel\risc_arty\risc_arty.srcs\sources_1\imports\rtl\imem.vhd:]
WARNING: [filemgmt 56-199] Attempt to get parsing info during refresh. "On-the-fly" syntax checking information may be incorrect. [C:\Users\Samuel\risc_arty\risc_arty.srcs\sources_1\imports\rtl\wallDtoE.vhd:]
WARNING: [filemgmt 56-199] Attempt to get parsing info during refresh. "On-the-fly" syntax checking information may be incorrect. [C:\Users\Samuel\risc_arty\risc_arty.srcs\sources_1\imports\rtl\adder.vhd:]
WARNING: [filemgmt 56-199] Attempt to get parsing info during refresh. "On-the-fly" syntax checking information may be incorrect. [C:\Users\Samuel\risc_arty\risc_arty.srcs\sources_1\imports\rtl\riscvpipeline.vhd:]
WARNING: [filemgmt 56-199] Attempt to get parsing info during refresh. "On-the-fly" syntax checking information may be incorrect. [C:\Users\Samuel\risc_arty\risc_arty.srcs\sources_1\imports\rtl\extend.vhd:]
WARNING: [filemgmt 56-199] Attempt to get parsing info during refresh. "On-the-fly" syntax checking information may be incorrect. [C:\Users\Samuel\risc_arty\risc_arty.srcs\sources_1\imports\rtl\controller.vhd:]
WARNING: [filemgmt 56-199] Attempt to get parsing info during refresh. "On-the-fly" syntax checking information may be incorrect. [C:\Users\Samuel\risc_arty\risc_arty.srcs\sources_1\imports\rtl\dmem.vhd:]
WARNING: [filemgmt 56-199] Attempt to get parsing info during refresh. "On-the-fly" syntax checking information may be incorrect. [C:\Users\Samuel\risc_arty\risc_arty.srcs\sources_1\imports\rtl\banchunit.vhd:]
WARNING: [filemgmt 56-199] Attempt to get parsing info during refresh. "On-the-fly" syntax checking information may be incorrect. [C:\Users\Samuel\risc_arty\risc_arty.srcs\sources_1\imports\rtl\enflopr.vhd:]
WARNING: [filemgmt 56-199] Attempt to get parsing info during refresh. "On-the-fly" syntax checking information may be incorrect. [C:\Users\Samuel\risc_arty\risc_arty.srcs\sources_1\imports\rtl\top.vhd:]
WARNING: [filemgmt 56-199] Attempt to get parsing info during refresh. "On-the-fly" syntax checking information may be incorrect. [C:\Users\Samuel\risc_arty\risc_arty.srcs\sources_1\imports\rtl\aludec.vhd:]
WARNING: [filemgmt 56-199] Attempt to get parsing info during refresh. "On-the-fly" syntax checking information may be incorrect. [C:\Users\Samuel\risc_arty\risc_arty.srcs\sources_1\imports\rtl\signext.vhd:]
WARNING: [filemgmt 56-199] Attempt to get parsing info during refresh. "On-the-fly" syntax checking information may be incorrect. [C:\Users\Samuel\risc_arty\risc_arty.srcs\sources_1\imports\new\Pixel_On_Text.vhd:]
WARNING: [filemgmt 56-199] Attempt to get parsing info during refresh. "On-the-fly" syntax checking information may be incorrect. [C:\Users\Samuel\risc_arty\risc_arty.srcs\sources_1\imports\rtl\datapath.vhd:]
WARNING: [filemgmt 56-199] Attempt to get parsing info during refresh. "On-the-fly" syntax checking information may be incorrect. [C:\Users\Samuel\risc_arty\risc_arty.srcs\sources_1\imports\rtl\maindec.vhd:]
WARNING: [filemgmt 56-199] Attempt to get parsing info during refresh. "On-the-fly" syntax checking information may be incorrect. [C:\Users\Samuel\risc_arty\risc_arty.srcs\sources_1\imports\rtl\regfile.vhd:]
WARNING: [filemgmt 56-199] Attempt to get parsing info during refresh. "On-the-fly" syntax checking information may be incorrect. [C:\Users\Samuel\risc_arty\risc_arty.srcs\sources_1\new\divider.vhd:]
WARNING: [filemgmt 56-199] Attempt to get parsing info during refresh. "On-the-fly" syntax checking information may be incorrect. [C:\Users\Samuel\risc_arty\risc_arty.srcs\sources_1\imports\rtl\alu.vhd:]
WARNING: [filemgmt 56-199] Attempt to get parsing info during refresh. "On-the-fly" syntax checking information may be incorrect. [C:\Users\Samuel\risc_arty\risc_arty.srcs\sources_1\imports\rtl\wallEtoM.vhd:]
WARNING: [filemgmt 56-199] Attempt to get parsing info during refresh. "On-the-fly" syntax checking information may be incorrect. [C:\Users\Samuel\risc_arty\risc_arty.srcs\sources_1\new\remainder.vhd:]
WARNING: [filemgmt 56-199] Attempt to get parsing info during refresh. "On-the-fly" syntax checking information may be incorrect. [C:\Users\Samuel\risc_arty\risc_arty.srcs\sources_1\imports\new\Font_Rom.vhd:]
WARNING: [filemgmt 56-199] Attempt to get parsing info during refresh. "On-the-fly" syntax checking information may be incorrect. [C:\Users\Samuel\risc_arty\risc_arty.srcs\sources_1\imports\rtl\alu.vhd:]
WARNING: [filemgmt 56-199] Attempt to get parsing info during refresh. "On-the-fly" syntax checking information may be incorrect. [C:\Users\Samuel\risc_arty\risc_arty.srcs\sources_1\imports\rtl\alu.vhd:]
WARNING: [filemgmt 56-199] Attempt to get parsing info during refresh. "On-the-fly" syntax checking information may be incorrect. [C:\Users\Samuel\risc_arty\risc_arty.srcs\sources_1\imports\rtl\imem.vhd:]
WARNING: [filemgmt 56-199] Attempt to get parsing info during refresh. "On-the-fly" syntax checking information may be incorrect. [C:\Users\Samuel\risc_arty\risc_arty.srcs\sources_1\imports\rtl\wallDtoE.vhd:]
WARNING: [filemgmt 56-199] Attempt to get parsing info during refresh. "On-the-fly" syntax checking information may be incorrect. [C:\Users\Samuel\risc_arty\risc_arty.srcs\sources_1\imports\rtl\adder.vhd:]
WARNING: [filemgmt 56-199] Attempt to get parsing info during refresh. "On-the-fly" syntax checking information may be incorrect. [C:\Users\Samuel\risc_arty\risc_arty.srcs\sources_1\imports\rtl\riscvpipeline.vhd:]
WARNING: [filemgmt 56-199] Attempt to get parsing info during refresh. "On-the-fly" syntax checking information may be incorrect. [C:\Users\Samuel\risc_arty\risc_arty.srcs\sources_1\imports\rtl\extend.vhd:]
WARNING: [filemgmt 56-199] Attempt to get parsing info during refresh. "On-the-fly" syntax checking information may be incorrect. [C:\Users\Samuel\risc_arty\risc_arty.srcs\sources_1\imports\rtl\controller.vhd:]
WARNING: [filemgmt 56-199] Attempt to get parsing info during refresh. "On-the-fly" syntax checking information may be incorrect. [C:\Users\Samuel\risc_arty\risc_arty.srcs\sources_1\imports\rtl\dmem.vhd:]
WARNING: [filemgmt 56-199] Attempt to get parsing info during refresh. "On-the-fly" syntax checking information may be incorrect. [C:\Users\Samuel\risc_arty\risc_arty.srcs\sources_1\imports\rtl\banchunit.vhd:]
WARNING: [filemgmt 56-199] Attempt to get parsing info during refresh. "On-the-fly" syntax checking information may be incorrect. [C:\Users\Samuel\risc_arty\risc_arty.srcs\sources_1\imports\rtl\enflopr.vhd:]
WARNING: [filemgmt 56-199] Attempt to get parsing info during refresh. "On-the-fly" syntax checking information may be incorrect. [C:\Users\Samuel\risc_arty\risc_arty.srcs\sources_1\imports\rtl\top.vhd:]
WARNING: [filemgmt 56-199] Attempt to get parsing info during refresh. "On-the-fly" syntax checking information may be incorrect. [C:\Users\Samuel\risc_arty\risc_arty.srcs\sources_1\imports\rtl\aludec.vhd:]
WARNING: [filemgmt 56-199] Attempt to get parsing info during refresh. "On-the-fly" syntax checking information may be incorrect. [C:\Users\Samuel\risc_arty\risc_arty.srcs\sources_1\imports\rtl\signext.vhd:]
WARNING: [filemgmt 56-199] Attempt to get parsing info during refresh. "On-the-fly" syntax checking information may be incorrect. [C:\Users\Samuel\risc_arty\risc_arty.srcs\sources_1\imports\new\Pixel_On_Text.vhd:]
WARNING: [filemgmt 56-199] Attempt to get parsing info during refresh. "On-the-fly" syntax checking information may be incorrect. [C:\Users\Samuel\risc_arty\risc_arty.srcs\sources_1\imports\rtl\datapath.vhd:]
WARNING: [filemgmt 56-199] Attempt to get parsing info during refresh. "On-the-fly" syntax checking information may be incorrect. [C:\Users\Samuel\risc_arty\risc_arty.srcs\sources_1\imports\rtl\maindec.vhd:]
WARNING: [filemgmt 56-199] Attempt to get parsing info during refresh. "On-the-fly" syntax checking information may be incorrect. [C:\Users\Samuel\risc_arty\risc_arty.srcs\sources_1\imports\rtl\regfile.vhd:]
WARNING: [filemgmt 56-199] Attempt to get parsing info during refresh. "On-the-fly" syntax checking information may be incorrect. [C:\Users\Samuel\risc_arty\risc_arty.srcs\sources_1\new\divider.vhd:]
WARNING: [filemgmt 56-199] Attempt to get parsing info during refresh. "On-the-fly" syntax checking information may be incorrect. [C:\Users\Samuel\risc_arty\risc_arty.srcs\sources_1\imports\rtl\alu.vhd:]
WARNING: [filemgmt 56-199] Attempt to get parsing info during refresh. "On-the-fly" syntax checking information may be incorrect. [C:\Users\Samuel\risc_arty\risc_arty.srcs\sources_1\imports\rtl\wallEtoM.vhd:]
WARNING: [filemgmt 56-199] Attempt to get parsing info during refresh. "On-the-fly" syntax checking information may be incorrect. [C:\Users\Samuel\risc_arty\risc_arty.srcs\sources_1\new\remainder.vhd:]
WARNING: [filemgmt 56-199] Attempt to get parsing info during refresh. "On-the-fly" syntax checking information may be incorrect. [C:\Users\Samuel\risc_arty\risc_arty.srcs\sources_1\imports\new\Font_Rom.vhd:]
WARNING: [filemgmt 56-199] Attempt to get parsing info during refresh. "On-the-fly" syntax checking information may be incorrect. [C:\Users\Samuel\risc_arty\risc_arty.srcs\sources_1\imports\rtl\signext.vhd:]
WARNING: [filemgmt 56-199] Attempt to get parsing info during refresh. "On-the-fly" syntax checking information may be incorrect. [C:\Users\Samuel\risc_arty\risc_arty.srcs\sources_1\imports\rtl\signext.vhd:]
WARNING: [filemgmt 56-199] Attempt to get parsing info during refresh. "On-the-fly" syntax checking information may be incorrect. [C:\Users\Samuel\risc_arty\risc_arty.srcs\sources_1\imports\rtl\imem.vhd:]
WARNING: [filemgmt 56-199] Attempt to get parsing info during refresh. "On-the-fly" syntax checking information may be incorrect. [C:\Users\Samuel\risc_arty\risc_arty.srcs\sources_1\imports\rtl\wallDtoE.vhd:]
WARNING: [filemgmt 56-199] Attempt to get parsing info during refresh. "On-the-fly" syntax checking information may be incorrect. [C:\Users\Samuel\risc_arty\risc_arty.srcs\sources_1\imports\rtl\adder.vhd:]
WARNING: [filemgmt 56-199] Attempt to get parsing info during refresh. "On-the-fly" syntax checking information may be incorrect. [C:\Users\Samuel\risc_arty\risc_arty.srcs\sources_1\imports\rtl\riscvpipeline.vhd:]
WARNING: [filemgmt 56-199] Attempt to get parsing info during refresh. "On-the-fly" syntax checking information may be incorrect. [C:\Users\Samuel\risc_arty\risc_arty.srcs\sources_1\imports\rtl\extend.vhd:]
WARNING: [filemgmt 56-199] Attempt to get parsing info during refresh. "On-the-fly" syntax checking information may be incorrect. [C:\Users\Samuel\risc_arty\risc_arty.srcs\sources_1\imports\rtl\controller.vhd:]
WARNING: [filemgmt 56-199] Attempt to get parsing info during refresh. "On-the-fly" syntax checking information may be incorrect. [C:\Users\Samuel\risc_arty\risc_arty.srcs\sources_1\imports\rtl\dmem.vhd:]
WARNING: [filemgmt 56-199] Attempt to get parsing info during refresh. "On-the-fly" syntax checking information may be incorrect. [C:\Users\Samuel\risc_arty\risc_arty.srcs\sources_1\imports\rtl\banchunit.vhd:]
INFO: [Common 17-14] Message 'filemgmt 56-199' appears 100 times and further instances of the messages will be disabled. Use the Tcl command set_msg_config to change the current settings.
ERROR: [Common 17-180] Spawn failed: No error
ERROR: [Common 17-180] Spawn failed: No error
ERROR: [Common 17-180] Spawn failed: No error
ERROR: [Common 17-180] Spawn failed: No error
ERROR: [Common 17-180] Spawn failed: No error
WARNING: [filemgmt 56-199] Attempt to get parsing info during refresh. "On-the-fly" syntax checking information may be incorrect. [C:\Users\Samuel\risc_arty\risc_arty.srcs\sources_1\imports\rtl\imem.vhd:]
WARNING: [filemgmt 56-199] Attempt to get parsing info during refresh. "On-the-fly" syntax checking information may be incorrect. [C:\Users\Samuel\risc_arty\risc_arty.srcs\sources_1\imports\rtl\wallDtoE.vhd:]
WARNING: [filemgmt 56-199] Attempt to get parsing info during refresh. "On-the-fly" syntax checking information may be incorrect. [C:\Users\Samuel\risc_arty\risc_arty.srcs\sources_1\imports\rtl\adder.vhd:]
WARNING: [filemgmt 56-199] Attempt to get parsing info during refresh. "On-the-fly" syntax checking information may be incorrect. [C:\Users\Samuel\risc_arty\risc_arty.srcs\sources_1\imports\rtl\riscvpipeline.vhd:]
WARNING: [filemgmt 56-199] Attempt to get parsing info during refresh. "On-the-fly" syntax checking information may be incorrect. [C:\Users\Samuel\risc_arty\risc_arty.srcs\sources_1\imports\rtl\extend.vhd:]
WARNING: [filemgmt 56-199] Attempt to get parsing info during refresh. "On-the-fly" syntax checking information may be incorrect. [C:\Users\Samuel\risc_arty\risc_arty.srcs\sources_1\imports\rtl\controller.vhd:]
WARNING: [filemgmt 56-199] Attempt to get parsing info during refresh. "On-the-fly" syntax checking information may be incorrect. [C:\Users\Samuel\risc_arty\risc_arty.srcs\sources_1\imports\rtl\dmem.vhd:]
WARNING: [filemgmt 56-199] Attempt to get parsing info during refresh. "On-the-fly" syntax checking information may be incorrect. [C:\Users\Samuel\risc_arty\risc_arty.srcs\sources_1\imports\rtl\banchunit.vhd:]
WARNING: [filemgmt 56-199] Attempt to get parsing info during refresh. "On-the-fly" syntax checking information may be incorrect. [C:\Users\Samuel\risc_arty\risc_arty.srcs\sources_1\imports\rtl\enflopr.vhd:]
WARNING: [filemgmt 56-199] Attempt to get parsing info during refresh. "On-the-fly" syntax checking information may be incorrect. [C:\Users\Samuel\risc_arty\risc_arty.srcs\sources_1\imports\rtl\top.vhd:]
WARNING: [filemgmt 56-199] Attempt to get parsing info during refresh. "On-the-fly" syntax checking information may be incorrect. [C:\Users\Samuel\risc_arty\risc_arty.srcs\sources_1\imports\rtl\aludec.vhd:]
WARNING: [filemgmt 56-199] Attempt to get parsing info during refresh. "On-the-fly" syntax checking information may be incorrect. [C:\Users\Samuel\risc_arty\risc_arty.srcs\sources_1\imports\rtl\signext.vhd:]
WARNING: [filemgmt 56-199] Attempt to get parsing info during refresh. "On-the-fly" syntax checking information may be incorrect. [C:\Users\Samuel\risc_arty\risc_arty.srcs\sources_1\imports\new\Pixel_On_Text.vhd:]
WARNING: [filemgmt 56-199] Attempt to get parsing info during refresh. "On-the-fly" syntax checking information may be incorrect. [C:\Users\Samuel\risc_arty\risc_arty.srcs\sources_1\imports\rtl\datapath.vhd:]
WARNING: [filemgmt 56-199] Attempt to get parsing info during refresh. "On-the-fly" syntax checking information may be incorrect. [C:\Users\Samuel\risc_arty\risc_arty.srcs\sources_1\imports\rtl\maindec.vhd:]
WARNING: [filemgmt 56-199] Attempt to get parsing info during refresh. "On-the-fly" syntax checking information may be incorrect. [C:\Users\Samuel\risc_arty\risc_arty.srcs\sources_1\imports\rtl\regfile.vhd:]
WARNING: [filemgmt 56-199] Attempt to get parsing info during refresh. "On-the-fly" syntax checking information may be incorrect. [C:\Users\Samuel\risc_arty\risc_arty.srcs\sources_1\new\divider.vhd:]
WARNING: [filemgmt 56-199] Attempt to get parsing info during refresh. "On-the-fly" syntax checking information may be incorrect. [C:\Users\Samuel\risc_arty\risc_arty.srcs\sources_1\imports\rtl\alu.vhd:]
WARNING: [filemgmt 56-199] Attempt to get parsing info during refresh. "On-the-fly" syntax checking information may be incorrect. [C:\Users\Samuel\risc_arty\risc_arty.srcs\sources_1\imports\rtl\wallEtoM.vhd:]
WARNING: [filemgmt 56-199] Attempt to get parsing info during refresh. "On-the-fly" syntax checking information may be incorrect. [C:\Users\Samuel\risc_arty\risc_arty.srcs\sources_1\new\remainder.vhd:]
WARNING: [filemgmt 56-199] Attempt to get parsing info during refresh. "On-the-fly" syntax checking information may be incorrect. [C:\Users\Samuel\risc_arty\risc_arty.srcs\sources_1\imports\new\Font_Rom.vhd:]
WARNING: [filemgmt 56-199] Attempt to get parsing info during refresh. "On-the-fly" syntax checking information may be incorrect. [C:\Users\Samuel\risc_arty\risc_arty.srcs\sources_1\imports\rtl\imem.vhd:]
WARNING: [filemgmt 56-199] Attempt to get parsing info during refresh. "On-the-fly" syntax checking information may be incorrect. [C:\Users\Samuel\risc_arty\risc_arty.srcs\sources_1\imports\rtl\imem.vhd:]
WARNING: [filemgmt 56-199] Attempt to get parsing info during refresh. "On-the-fly" syntax checking information may be incorrect. [C:\Users\Samuel\risc_arty\risc_arty.srcs\sources_1\imports\rtl\imem.vhd:]
WARNING: [filemgmt 56-199] Attempt to get parsing info during refresh. "On-the-fly" syntax checking information may be incorrect. [C:\Users\Samuel\risc_arty\risc_arty.srcs\sources_1\imports\rtl\wallDtoE.vhd:]
WARNING: [filemgmt 56-199] Attempt to get parsing info during refresh. "On-the-fly" syntax checking information may be incorrect. [C:\Users\Samuel\risc_arty\risc_arty.srcs\sources_1\imports\rtl\adder.vhd:]
WARNING: [filemgmt 56-199] Attempt to get parsing info during refresh. "On-the-fly" syntax checking information may be incorrect. [C:\Users\Samuel\risc_arty\risc_arty.srcs\sources_1\imports\rtl\riscvpipeline.vhd:]
WARNING: [filemgmt 56-199] Attempt to get parsing info during refresh. "On-the-fly" syntax checking information may be incorrect. [C:\Users\Samuel\risc_arty\risc_arty.srcs\sources_1\imports\rtl\extend.vhd:]
WARNING: [filemgmt 56-199] Attempt to get parsing info during refresh. "On-the-fly" syntax checking information may be incorrect. [C:\Users\Samuel\risc_arty\risc_arty.srcs\sources_1\imports\rtl\controller.vhd:]
WARNING: [filemgmt 56-199] Attempt to get parsing info during refresh. "On-the-fly" syntax checking information may be incorrect. [C:\Users\Samuel\risc_arty\risc_arty.srcs\sources_1\imports\rtl\dmem.vhd:]
WARNING: [filemgmt 56-199] Attempt to get parsing info during refresh. "On-the-fly" syntax checking information may be incorrect. [C:\Users\Samuel\risc_arty\risc_arty.srcs\sources_1\imports\rtl\banchunit.vhd:]
WARNING: [filemgmt 56-199] Attempt to get parsing info during refresh. "On-the-fly" syntax checking information may be incorrect. [C:\Users\Samuel\risc_arty\risc_arty.srcs\sources_1\imports\rtl\enflopr.vhd:]
WARNING: [filemgmt 56-199] Attempt to get parsing info during refresh. "On-the-fly" syntax checking information may be incorrect. [C:\Users\Samuel\risc_arty\risc_arty.srcs\sources_1\imports\rtl\top.vhd:]
WARNING: [filemgmt 56-199] Attempt to get parsing info during refresh. "On-the-fly" syntax checking information may be incorrect. [C:\Users\Samuel\risc_arty\risc_arty.srcs\sources_1\imports\rtl\aludec.vhd:]
WARNING: [filemgmt 56-199] Attempt to get parsing info during refresh. "On-the-fly" syntax checking information may be incorrect. [C:\Users\Samuel\risc_arty\risc_arty.srcs\sources_1\imports\rtl\signext.vhd:]
WARNING: [filemgmt 56-199] Attempt to get parsing info during refresh. "On-the-fly" syntax checking information may be incorrect. [C:\Users\Samuel\risc_arty\risc_arty.srcs\sources_1\imports\new\Pixel_On_Text.vhd:]
WARNING: [filemgmt 56-199] Attempt to get parsing info during refresh. "On-the-fly" syntax checking information may be incorrect. [C:\Users\Samuel\risc_arty\risc_arty.srcs\sources_1\imports\rtl\datapath.vhd:]
WARNING: [filemgmt 56-199] Attempt to get parsing info during refresh. "On-the-fly" syntax checking information may be incorrect. [C:\Users\Samuel\risc_arty\risc_arty.srcs\sources_1\imports\rtl\maindec.vhd:]
WARNING: [filemgmt 56-199] Attempt to get parsing info during refresh. "On-the-fly" syntax checking information may be incorrect. [C:\Users\Samuel\risc_arty\risc_arty.srcs\sources_1\imports\rtl\regfile.vhd:]
WARNING: [filemgmt 56-199] Attempt to get parsing info during refresh. "On-the-fly" syntax checking information may be incorrect. [C:\Users\Samuel\risc_arty\risc_arty.srcs\sources_1\new\divider.vhd:]
WARNING: [filemgmt 56-199] Attempt to get parsing info during refresh. "On-the-fly" syntax checking information may be incorrect. [C:\Users\Samuel\risc_arty\risc_arty.srcs\sources_1\imports\rtl\alu.vhd:]
WARNING: [filemgmt 56-199] Attempt to get parsing info during refresh. "On-the-fly" syntax checking information may be incorrect. [C:\Users\Samuel\risc_arty\risc_arty.srcs\sources_1\imports\rtl\wallEtoM.vhd:]
WARNING: [filemgmt 56-199] Attempt to get parsing info during refresh. "On-the-fly" syntax checking information may be incorrect. [C:\Users\Samuel\risc_arty\risc_arty.srcs\sources_1\new\remainder.vhd:]
WARNING: [filemgmt 56-199] Attempt to get parsing info during refresh. "On-the-fly" syntax checking information may be incorrect. [C:\Users\Samuel\risc_arty\risc_arty.srcs\sources_1\imports\new\Font_Rom.vhd:]
WARNING: [filemgmt 56-199] Attempt to get parsing info during refresh. "On-the-fly" syntax checking information may be incorrect. [C:\Users\Samuel\risc_arty\risc_arty.srcs\sources_1\imports\rtl\datapath.vhd:]
WARNING: [filemgmt 56-199] Attempt to get parsing info during refresh. "On-the-fly" syntax checking information may be incorrect. [C:\Users\Samuel\risc_arty\risc_arty.srcs\sources_1\imports\rtl\datapath.vhd:]
WARNING: [filemgmt 56-199] Attempt to get parsing info during refresh. "On-the-fly" syntax checking information may be incorrect. [C:\Users\Samuel\risc_arty\risc_arty.srcs\sources_1\imports\rtl\imem.vhd:]
WARNING: [filemgmt 56-199] Attempt to get parsing info during refresh. "On-the-fly" syntax checking information may be incorrect. [C:\Users\Samuel\risc_arty\risc_arty.srcs\sources_1\imports\rtl\wallDtoE.vhd:]
WARNING: [filemgmt 56-199] Attempt to get parsing info during refresh. "On-the-fly" syntax checking information may be incorrect. [C:\Users\Samuel\risc_arty\risc_arty.srcs\sources_1\imports\rtl\adder.vhd:]
WARNING: [filemgmt 56-199] Attempt to get parsing info during refresh. "On-the-fly" syntax checking information may be incorrect. [C:\Users\Samuel\risc_arty\risc_arty.srcs\sources_1\imports\rtl\riscvpipeline.vhd:]
WARNING: [filemgmt 56-199] Attempt to get parsing info during refresh. "On-the-fly" syntax checking information may be incorrect. [C:\Users\Samuel\risc_arty\risc_arty.srcs\sources_1\imports\rtl\extend.vhd:]
WARNING: [filemgmt 56-199] Attempt to get parsing info during refresh. "On-the-fly" syntax checking information may be incorrect. [C:\Users\Samuel\risc_arty\risc_arty.srcs\sources_1\imports\rtl\controller.vhd:]
WARNING: [filemgmt 56-199] Attempt to get parsing info during refresh. "On-the-fly" syntax checking information may be incorrect. [C:\Users\Samuel\risc_arty\risc_arty.srcs\sources_1\imports\rtl\dmem.vhd:]
WARNING: [filemgmt 56-199] Attempt to get parsing info during refresh. "On-the-fly" syntax checking information may be incorrect. [C:\Users\Samuel\risc_arty\risc_arty.srcs\sources_1\imports\rtl\banchunit.vhd:]
WARNING: [filemgmt 56-199] Attempt to get parsing info during refresh. "On-the-fly" syntax checking information may be incorrect. [C:\Users\Samuel\risc_arty\risc_arty.srcs\sources_1\imports\rtl\enflopr.vhd:]
WARNING: [filemgmt 56-199] Attempt to get parsing info during refresh. "On-the-fly" syntax checking information may be incorrect. [C:\Users\Samuel\risc_arty\risc_arty.srcs\sources_1\imports\rtl\top.vhd:]
WARNING: [filemgmt 56-199] Attempt to get parsing info during refresh. "On-the-fly" syntax checking information may be incorrect. [C:\Users\Samuel\risc_arty\risc_arty.srcs\sources_1\imports\rtl\aludec.vhd:]
WARNING: [filemgmt 56-199] Attempt to get parsing info during refresh. "On-the-fly" syntax checking information may be incorrect. [C:\Users\Samuel\risc_arty\risc_arty.srcs\sources_1\imports\rtl\signext.vhd:]
WARNING: [filemgmt 56-199] Attempt to get parsing info during refresh. "On-the-fly" syntax checking information may be incorrect. [C:\Users\Samuel\risc_arty\risc_arty.srcs\sources_1\imports\new\Pixel_On_Text.vhd:]
WARNING: [filemgmt 56-199] Attempt to get parsing info during refresh. "On-the-fly" syntax checking information may be incorrect. [C:\Users\Samuel\risc_arty\risc_arty.srcs\sources_1\imports\rtl\datapath.vhd:]
WARNING: [filemgmt 56-199] Attempt to get parsing info during refresh. "On-the-fly" syntax checking information may be incorrect. [C:\Users\Samuel\risc_arty\risc_arty.srcs\sources_1\imports\rtl\maindec.vhd:]
WARNING: [filemgmt 56-199] Attempt to get parsing info during refresh. "On-the-fly" syntax checking information may be incorrect. [C:\Users\Samuel\risc_arty\risc_arty.srcs\sources_1\imports\rtl\regfile.vhd:]
WARNING: [filemgmt 56-199] Attempt to get parsing info during refresh. "On-the-fly" syntax checking information may be incorrect. [C:\Users\Samuel\risc_arty\risc_arty.srcs\sources_1\new\divider.vhd:]
WARNING: [filemgmt 56-199] Attempt to get parsing info during refresh. "On-the-fly" syntax checking information may be incorrect. [C:\Users\Samuel\risc_arty\risc_arty.srcs\sources_1\imports\rtl\alu.vhd:]
WARNING: [filemgmt 56-199] Attempt to get parsing info during refresh. "On-the-fly" syntax checking information may be incorrect. [C:\Users\Samuel\risc_arty\risc_arty.srcs\sources_1\imports\rtl\wallEtoM.vhd:]
WARNING: [filemgmt 56-199] Attempt to get parsing info during refresh. "On-the-fly" syntax checking information may be incorrect. [C:\Users\Samuel\risc_arty\risc_arty.srcs\sources_1\new\remainder.vhd:]
WARNING: [filemgmt 56-199] Attempt to get parsing info during refresh. "On-the-fly" syntax checking information may be incorrect. [C:\Users\Samuel\risc_arty\risc_arty.srcs\sources_1\imports\new\Font_Rom.vhd:]
WARNING: [filemgmt 56-199] Attempt to get parsing info during refresh. "On-the-fly" syntax checking information may be incorrect. [C:\Users\Samuel\risc_arty\risc_arty.srcs\sources_1\imports\rtl\alu.vhd:]
WARNING: [filemgmt 56-199] Attempt to get parsing info during refresh. "On-the-fly" syntax checking information may be incorrect. [C:\Users\Samuel\risc_arty\risc_arty.srcs\sources_1\imports\rtl\alu.vhd:]
WARNING: [filemgmt 56-199] Attempt to get parsing info during refresh. "On-the-fly" syntax checking information may be incorrect. [C:\Users\Samuel\risc_arty\risc_arty.srcs\sources_1\imports\rtl\imem.vhd:]
WARNING: [filemgmt 56-199] Attempt to get parsing info during refresh. "On-the-fly" syntax checking information may be incorrect. [C:\Users\Samuel\risc_arty\risc_arty.srcs\sources_1\imports\rtl\wallDtoE.vhd:]
WARNING: [filemgmt 56-199] Attempt to get parsing info during refresh. "On-the-fly" syntax checking information may be incorrect. [C:\Users\Samuel\risc_arty\risc_arty.srcs\sources_1\imports\rtl\adder.vhd:]
WARNING: [filemgmt 56-199] Attempt to get parsing info during refresh. "On-the-fly" syntax checking information may be incorrect. [C:\Users\Samuel\risc_arty\risc_arty.srcs\sources_1\imports\rtl\riscvpipeline.vhd:]
WARNING: [filemgmt 56-199] Attempt to get parsing info during refresh. "On-the-fly" syntax checking information may be incorrect. [C:\Users\Samuel\risc_arty\risc_arty.srcs\sources_1\imports\rtl\extend.vhd:]
WARNING: [filemgmt 56-199] Attempt to get parsing info during refresh. "On-the-fly" syntax checking information may be incorrect. [C:\Users\Samuel\risc_arty\risc_arty.srcs\sources_1\imports\rtl\controller.vhd:]
WARNING: [filemgmt 56-199] Attempt to get parsing info during refresh. "On-the-fly" syntax checking information may be incorrect. [C:\Users\Samuel\risc_arty\risc_arty.srcs\sources_1\imports\rtl\dmem.vhd:]
WARNING: [filemgmt 56-199] Attempt to get parsing info during refresh. "On-the-fly" syntax checking information may be incorrect. [C:\Users\Samuel\risc_arty\risc_arty.srcs\sources_1\imports\rtl\banchunit.vhd:]
WARNING: [filemgmt 56-199] Attempt to get parsing info during refresh. "On-the-fly" syntax checking information may be incorrect. [C:\Users\Samuel\risc_arty\risc_arty.srcs\sources_1\imports\rtl\enflopr.vhd:]
WARNING: [filemgmt 56-199] Attempt to get parsing info during refresh. "On-the-fly" syntax checking information may be incorrect. [C:\Users\Samuel\risc_arty\risc_arty.srcs\sources_1\imports\rtl\top.vhd:]
WARNING: [filemgmt 56-199] Attempt to get parsing info during refresh. "On-the-fly" syntax checking information may be incorrect. [C:\Users\Samuel\risc_arty\risc_arty.srcs\sources_1\imports\rtl\aludec.vhd:]
WARNING: [filemgmt 56-199] Attempt to get parsing info during refresh. "On-the-fly" syntax checking information may be incorrect. [C:\Users\Samuel\risc_arty\risc_arty.srcs\sources_1\imports\rtl\signext.vhd:]
WARNING: [filemgmt 56-199] Attempt to get parsing info during refresh. "On-the-fly" syntax checking information may be incorrect. [C:\Users\Samuel\risc_arty\risc_arty.srcs\sources_1\imports\new\Pixel_On_Text.vhd:]
WARNING: [filemgmt 56-199] Attempt to get parsing info during refresh. "On-the-fly" syntax checking information may be incorrect. [C:\Users\Samuel\risc_arty\risc_arty.srcs\sources_1\imports\rtl\datapath.vhd:]
WARNING: [filemgmt 56-199] Attempt to get parsing info during refresh. "On-the-fly" syntax checking information may be incorrect. [C:\Users\Samuel\risc_arty\risc_arty.srcs\sources_1\imports\rtl\maindec.vhd:]
WARNING: [filemgmt 56-199] Attempt to get parsing info during refresh. "On-the-fly" syntax checking information may be incorrect. [C:\Users\Samuel\risc_arty\risc_arty.srcs\sources_1\imports\rtl\regfile.vhd:]
WARNING: [filemgmt 56-199] Attempt to get parsing info during refresh. "On-the-fly" syntax checking information may be incorrect. [C:\Users\Samuel\risc_arty\risc_arty.srcs\sources_1\new\divider.vhd:]
WARNING: [filemgmt 56-199] Attempt to get parsing info during refresh. "On-the-fly" syntax checking information may be incorrect. [C:\Users\Samuel\risc_arty\risc_arty.srcs\sources_1\imports\rtl\alu.vhd:]
WARNING: [filemgmt 56-199] Attempt to get parsing info during refresh. "On-the-fly" syntax checking information may be incorrect. [C:\Users\Samuel\risc_arty\risc_arty.srcs\sources_1\imports\rtl\wallEtoM.vhd:]
WARNING: [filemgmt 56-199] Attempt to get parsing info during refresh. "On-the-fly" syntax checking information may be incorrect. [C:\Users\Samuel\risc_arty\risc_arty.srcs\sources_1\new\remainder.vhd:]
WARNING: [filemgmt 56-199] Attempt to get parsing info during refresh. "On-the-fly" syntax checking information may be incorrect. [C:\Users\Samuel\risc_arty\risc_arty.srcs\sources_1\imports\new\Font_Rom.vhd:]
WARNING: [filemgmt 56-199] Attempt to get parsing info during refresh. "On-the-fly" syntax checking information may be incorrect. [C:\Users\Samuel\risc_arty\risc_arty.srcs\sources_1\imports\rtl\signext.vhd:]
WARNING: [filemgmt 56-199] Attempt to get parsing info during refresh. "On-the-fly" syntax checking information may be incorrect. [C:\Users\Samuel\risc_arty\risc_arty.srcs\sources_1\imports\rtl\signext.vhd:]
WARNING: [filemgmt 56-199] Attempt to get parsing info during refresh. "On-the-fly" syntax checking information may be incorrect. [C:\Users\Samuel\risc_arty\risc_arty.srcs\sources_1\imports\rtl\imem.vhd:]
WARNING: [filemgmt 56-199] Attempt to get parsing info during refresh. "On-the-fly" syntax checking information may be incorrect. [C:\Users\Samuel\risc_arty\risc_arty.srcs\sources_1\imports\rtl\wallDtoE.vhd:]
WARNING: [filemgmt 56-199] Attempt to get parsing info during refresh. "On-the-fly" syntax checking information may be incorrect. [C:\Users\Samuel\risc_arty\risc_arty.srcs\sources_1\imports\rtl\adder.vhd:]
WARNING: [filemgmt 56-199] Attempt to get parsing info during refresh. "On-the-fly" syntax checking information may be incorrect. [C:\Users\Samuel\risc_arty\risc_arty.srcs\sources_1\imports\rtl\riscvpipeline.vhd:]
WARNING: [filemgmt 56-199] Attempt to get parsing info during refresh. "On-the-fly" syntax checking information may be incorrect. [C:\Users\Samuel\risc_arty\risc_arty.srcs\sources_1\imports\rtl\extend.vhd:]
WARNING: [filemgmt 56-199] Attempt to get parsing info during refresh. "On-the-fly" syntax checking information may be incorrect. [C:\Users\Samuel\risc_arty\risc_arty.srcs\sources_1\imports\rtl\controller.vhd:]
WARNING: [filemgmt 56-199] Attempt to get parsing info during refresh. "On-the-fly" syntax checking information may be incorrect. [C:\Users\Samuel\risc_arty\risc_arty.srcs\sources_1\imports\rtl\dmem.vhd:]
WARNING: [filemgmt 56-199] Attempt to get parsing info during refresh. "On-the-fly" syntax checking information may be incorrect. [C:\Users\Samuel\risc_arty\risc_arty.srcs\sources_1\imports\rtl\banchunit.vhd:]
INFO: [Common 17-14] Message 'filemgmt 56-199' appears 100 times and further instances of the messages will be disabled. Use the Tcl command set_msg_config to change the current settings.
ERROR: [Common 17-180] Spawn failed: No error
ERROR: [Common 17-180] Spawn failed: No error
ERROR: [Common 17-180] Spawn failed: No error
ERROR: [Common 17-180] Spawn failed: No error
ERROR: [Common 17-180] Spawn failed: No error
WARNING: [filemgmt 56-199] Attempt to get parsing info during refresh. "On-the-fly" syntax checking information may be incorrect. [C:\Users\Samuel\risc_arty\risc_arty.srcs\sources_1\new\multiplier.vhd:]
WARNING: [filemgmt 56-199] Attempt to get parsing info during refresh. "On-the-fly" syntax checking information may be incorrect. [C:\Users\Samuel\risc_arty\risc_arty.srcs\sources_1\imports\rtl\imem.vhd:]
WARNING: [filemgmt 56-199] Attempt to get parsing info during refresh. "On-the-fly" syntax checking information may be incorrect. [C:\Users\Samuel\risc_arty\risc_arty.srcs\sources_1\imports\rtl\wallDtoE.vhd:]
WARNING: [filemgmt 56-199] Attempt to get parsing info during refresh. "On-the-fly" syntax checking information may be incorrect. [C:\Users\Samuel\risc_arty\risc_arty.srcs\sources_1\imports\rtl\adder.vhd:]
WARNING: [filemgmt 56-199] Attempt to get parsing info during refresh. "On-the-fly" syntax checking information may be incorrect. [C:\Users\Samuel\risc_arty\risc_arty.srcs\sources_1\imports\rtl\riscvpipeline.vhd:]
WARNING: [filemgmt 56-199] Attempt to get parsing info during refresh. "On-the-fly" syntax checking information may be incorrect. [C:\Users\Samuel\risc_arty\risc_arty.srcs\sources_1\imports\rtl\extend.vhd:]
WARNING: [filemgmt 56-199] Attempt to get parsing info during refresh. "On-the-fly" syntax checking information may be incorrect. [C:\Users\Samuel\risc_arty\risc_arty.srcs\sources_1\imports\rtl\controller.vhd:]
WARNING: [filemgmt 56-199] Attempt to get parsing info during refresh. "On-the-fly" syntax checking information may be incorrect. [C:\Users\Samuel\risc_arty\risc_arty.srcs\sources_1\imports\rtl\dmem.vhd:]
WARNING: [filemgmt 56-199] Attempt to get parsing info during refresh. "On-the-fly" syntax checking information may be incorrect. [C:\Users\Samuel\risc_arty\risc_arty.srcs\sources_1\imports\rtl\banchunit.vhd:]
WARNING: [filemgmt 56-199] Attempt to get parsing info during refresh. "On-the-fly" syntax checking information may be incorrect. [C:\Users\Samuel\risc_arty\risc_arty.srcs\sources_1\imports\rtl\enflopr.vhd:]
WARNING: [filemgmt 56-199] Attempt to get parsing info during refresh. "On-the-fly" syntax checking information may be incorrect. [C:\Users\Samuel\risc_arty\risc_arty.srcs\sources_1\imports\rtl\top.vhd:]
WARNING: [filemgmt 56-199] Attempt to get parsing info during refresh. "On-the-fly" syntax checking information may be incorrect. [C:\Users\Samuel\risc_arty\risc_arty.srcs\sources_1\imports\rtl\aludec.vhd:]
WARNING: [filemgmt 56-199] Attempt to get parsing info during refresh. "On-the-fly" syntax checking information may be incorrect. [C:\Users\Samuel\risc_arty\risc_arty.srcs\sources_1\imports\rtl\signext.vhd:]
WARNING: [filemgmt 56-199] Attempt to get parsing info during refresh. "On-the-fly" syntax checking information may be incorrect. [C:\Users\Samuel\risc_arty\risc_arty.srcs\sources_1\imports\new\Pixel_On_Text.vhd:]
WARNING: [filemgmt 56-199] Attempt to get parsing info during refresh. "On-the-fly" syntax checking information may be incorrect. [C:\Users\Samuel\risc_arty\risc_arty.srcs\sources_1\imports\rtl\datapath.vhd:]
WARNING: [filemgmt 56-199] Attempt to get parsing info during refresh. "On-the-fly" syntax checking information may be incorrect. [C:\Users\Samuel\risc_arty\risc_arty.srcs\sources_1\imports\rtl\maindec.vhd:]
WARNING: [filemgmt 56-199] Attempt to get parsing info during refresh. "On-the-fly" syntax checking information may be incorrect. [C:\Users\Samuel\risc_arty\risc_arty.srcs\sources_1\imports\rtl\regfile.vhd:]
WARNING: [filemgmt 56-199] Attempt to get parsing info during refresh. "On-the-fly" syntax checking information may be incorrect. [C:\Users\Samuel\risc_arty\risc_arty.srcs\sources_1\new\divider.vhd:]
WARNING: [filemgmt 56-199] Attempt to get parsing info during refresh. "On-the-fly" syntax checking information may be incorrect. [C:\Users\Samuel\risc_arty\risc_arty.srcs\sources_1\imports\rtl\alu.vhd:]
WARNING: [filemgmt 56-199] Attempt to get parsing info during refresh. "On-the-fly" syntax checking information may be incorrect. [C:\Users\Samuel\risc_arty\risc_arty.srcs\sources_1\imports\rtl\wallEtoM.vhd:]
WARNING: [filemgmt 56-199] Attempt to get parsing info during refresh. "On-the-fly" syntax checking information may be incorrect. [C:\Users\Samuel\risc_arty\risc_arty.srcs\sources_1\new\remainder.vhd:]
WARNING: [filemgmt 56-199] Attempt to get parsing info during refresh. "On-the-fly" syntax checking information may be incorrect. [C:\Users\Samuel\risc_arty\risc_arty.srcs\sources_1\imports\new\Font_Rom.vhd:]
WARNING: [filemgmt 56-199] Attempt to get parsing info during refresh. "On-the-fly" syntax checking information may be incorrect. [C:\Users\Samuel\risc_arty\risc_arty.srcs\sources_1\imports\rtl\imem.vhd:]
WARNING: [filemgmt 56-199] Attempt to get parsing info during refresh. "On-the-fly" syntax checking information may be incorrect. [C:\Users\Samuel\risc_arty\risc_arty.srcs\sources_1\imports\rtl\imem.vhd:]
WARNING: [filemgmt 56-199] Attempt to get parsing info during refresh. "On-the-fly" syntax checking information may be incorrect. [C:\Users\Samuel\risc_arty\risc_arty.srcs\sources_1\new\multiplier.vhd:]
WARNING: [filemgmt 56-199] Attempt to get parsing info during refresh. "On-the-fly" syntax checking information may be incorrect. [C:\Users\Samuel\risc_arty\risc_arty.srcs\sources_1\imports\rtl\imem.vhd:]
WARNING: [filemgmt 56-199] Attempt to get parsing info during refresh. "On-the-fly" syntax checking information may be incorrect. [C:\Users\Samuel\risc_arty\risc_arty.srcs\sources_1\imports\rtl\wallDtoE.vhd:]
WARNING: [filemgmt 56-199] Attempt to get parsing info during refresh. "On-the-fly" syntax checking information may be incorrect. [C:\Users\Samuel\risc_arty\risc_arty.srcs\sources_1\imports\rtl\adder.vhd:]
WARNING: [filemgmt 56-199] Attempt to get parsing info during refresh. "On-the-fly" syntax checking information may be incorrect. [C:\Users\Samuel\risc_arty\risc_arty.srcs\sources_1\imports\rtl\riscvpipeline.vhd:]
WARNING: [filemgmt 56-199] Attempt to get parsing info during refresh. "On-the-fly" syntax checking information may be incorrect. [C:\Users\Samuel\risc_arty\risc_arty.srcs\sources_1\imports\rtl\extend.vhd:]
WARNING: [filemgmt 56-199] Attempt to get parsing info during refresh. "On-the-fly" syntax checking information may be incorrect. [C:\Users\Samuel\risc_arty\risc_arty.srcs\sources_1\imports\rtl\controller.vhd:]
WARNING: [filemgmt 56-199] Attempt to get parsing info during refresh. "On-the-fly" syntax checking information may be incorrect. [C:\Users\Samuel\risc_arty\risc_arty.srcs\sources_1\imports\rtl\dmem.vhd:]
WARNING: [filemgmt 56-199] Attempt to get parsing info during refresh. "On-the-fly" syntax checking information may be incorrect. [C:\Users\Samuel\risc_arty\risc_arty.srcs\sources_1\imports\rtl\banchunit.vhd:]
WARNING: [filemgmt 56-199] Attempt to get parsing info during refresh. "On-the-fly" syntax checking information may be incorrect. [C:\Users\Samuel\risc_arty\risc_arty.srcs\sources_1\imports\rtl\enflopr.vhd:]
WARNING: [filemgmt 56-199] Attempt to get parsing info during refresh. "On-the-fly" syntax checking information may be incorrect. [C:\Users\Samuel\risc_arty\risc_arty.srcs\sources_1\imports\rtl\top.vhd:]
WARNING: [filemgmt 56-199] Attempt to get parsing info during refresh. "On-the-fly" syntax checking information may be incorrect. [C:\Users\Samuel\risc_arty\risc_arty.srcs\sources_1\imports\rtl\aludec.vhd:]
WARNING: [filemgmt 56-199] Attempt to get parsing info during refresh. "On-the-fly" syntax checking information may be incorrect. [C:\Users\Samuel\risc_arty\risc_arty.srcs\sources_1\imports\rtl\signext.vhd:]
WARNING: [filemgmt 56-199] Attempt to get parsing info during refresh. "On-the-fly" syntax checking information may be incorrect. [C:\Users\Samuel\risc_arty\risc_arty.srcs\sources_1\imports\new\Pixel_On_Text.vhd:]
WARNING: [filemgmt 56-199] Attempt to get parsing info during refresh. "On-the-fly" syntax checking information may be incorrect. [C:\Users\Samuel\risc_arty\risc_arty.srcs\sources_1\imports\rtl\datapath.vhd:]
WARNING: [filemgmt 56-199] Attempt to get parsing info during refresh. "On-the-fly" syntax checking information may be incorrect. [C:\Users\Samuel\risc_arty\risc_arty.srcs\sources_1\imports\rtl\maindec.vhd:]
WARNING: [filemgmt 56-199] Attempt to get parsing info during refresh. "On-the-fly" syntax checking information may be incorrect. [C:\Users\Samuel\risc_arty\risc_arty.srcs\sources_1\imports\rtl\regfile.vhd:]
WARNING: [filemgmt 56-199] Attempt to get parsing info during refresh. "On-the-fly" syntax checking information may be incorrect. [C:\Users\Samuel\risc_arty\risc_arty.srcs\sources_1\new\divider.vhd:]
WARNING: [filemgmt 56-199] Attempt to get parsing info during refresh. "On-the-fly" syntax checking information may be incorrect. [C:\Users\Samuel\risc_arty\risc_arty.srcs\sources_1\imports\rtl\alu.vhd:]
WARNING: [filemgmt 56-199] Attempt to get parsing info during refresh. "On-the-fly" syntax checking information may be incorrect. [C:\Users\Samuel\risc_arty\risc_arty.srcs\sources_1\imports\rtl\wallEtoM.vhd:]
WARNING: [filemgmt 56-199] Attempt to get parsing info during refresh. "On-the-fly" syntax checking information may be incorrect. [C:\Users\Samuel\risc_arty\risc_arty.srcs\sources_1\new\remainder.vhd:]
WARNING: [filemgmt 56-199] Attempt to get parsing info during refresh. "On-the-fly" syntax checking information may be incorrect. [C:\Users\Samuel\risc_arty\risc_arty.srcs\sources_1\imports\new\Font_Rom.vhd:]
WARNING: [filemgmt 56-199] Attempt to get parsing info during refresh. "On-the-fly" syntax checking information may be incorrect. [C:\Users\Samuel\risc_arty\risc_arty.srcs\sources_1\imports\rtl\datapath.vhd:]
WARNING: [filemgmt 56-199] Attempt to get parsing info during refresh. "On-the-fly" syntax checking information may be incorrect. [C:\Users\Samuel\risc_arty\risc_arty.srcs\sources_1\imports\rtl\datapath.vhd:]
WARNING: [filemgmt 56-199] Attempt to get parsing info during refresh. "On-the-fly" syntax checking information may be incorrect. [C:\Users\Samuel\risc_arty\risc_arty.srcs\sources_1\new\multiplier.vhd:]
WARNING: [filemgmt 56-199] Attempt to get parsing info during refresh. "On-the-fly" syntax checking information may be incorrect. [C:\Users\Samuel\risc_arty\risc_arty.srcs\sources_1\imports\rtl\imem.vhd:]
WARNING: [filemgmt 56-199] Attempt to get parsing info during refresh. "On-the-fly" syntax checking information may be incorrect. [C:\Users\Samuel\risc_arty\risc_arty.srcs\sources_1\imports\rtl\wallDtoE.vhd:]
WARNING: [filemgmt 56-199] Attempt to get parsing info during refresh. "On-the-fly" syntax checking information may be incorrect. [C:\Users\Samuel\risc_arty\risc_arty.srcs\sources_1\imports\rtl\adder.vhd:]
WARNING: [filemgmt 56-199] Attempt to get parsing info during refresh. "On-the-fly" syntax checking information may be incorrect. [C:\Users\Samuel\risc_arty\risc_arty.srcs\sources_1\imports\rtl\riscvpipeline.vhd:]
WARNING: [filemgmt 56-199] Attempt to get parsing info during refresh. "On-the-fly" syntax checking information may be incorrect. [C:\Users\Samuel\risc_arty\risc_arty.srcs\sources_1\imports\rtl\extend.vhd:]
WARNING: [filemgmt 56-199] Attempt to get parsing info during refresh. "On-the-fly" syntax checking information may be incorrect. [C:\Users\Samuel\risc_arty\risc_arty.srcs\sources_1\imports\rtl\controller.vhd:]
WARNING: [filemgmt 56-199] Attempt to get parsing info during refresh. "On-the-fly" syntax checking information may be incorrect. [C:\Users\Samuel\risc_arty\risc_arty.srcs\sources_1\imports\rtl\dmem.vhd:]
WARNING: [filemgmt 56-199] Attempt to get parsing info during refresh. "On-the-fly" syntax checking information may be incorrect. [C:\Users\Samuel\risc_arty\risc_arty.srcs\sources_1\imports\rtl\banchunit.vhd:]
WARNING: [filemgmt 56-199] Attempt to get parsing info during refresh. "On-the-fly" syntax checking information may be incorrect. [C:\Users\Samuel\risc_arty\risc_arty.srcs\sources_1\imports\rtl\enflopr.vhd:]
WARNING: [filemgmt 56-199] Attempt to get parsing info during refresh. "On-the-fly" syntax checking information may be incorrect. [C:\Users\Samuel\risc_arty\risc_arty.srcs\sources_1\imports\rtl\top.vhd:]
WARNING: [filemgmt 56-199] Attempt to get parsing info during refresh. "On-the-fly" syntax checking information may be incorrect. [C:\Users\Samuel\risc_arty\risc_arty.srcs\sources_1\imports\rtl\aludec.vhd:]
WARNING: [filemgmt 56-199] Attempt to get parsing info during refresh. "On-the-fly" syntax checking information may be incorrect. [C:\Users\Samuel\risc_arty\risc_arty.srcs\sources_1\imports\rtl\signext.vhd:]
WARNING: [filemgmt 56-199] Attempt to get parsing info during refresh. "On-the-fly" syntax checking information may be incorrect. [C:\Users\Samuel\risc_arty\risc_arty.srcs\sources_1\imports\new\Pixel_On_Text.vhd:]
WARNING: [filemgmt 56-199] Attempt to get parsing info during refresh. "On-the-fly" syntax checking information may be incorrect. [C:\Users\Samuel\risc_arty\risc_arty.srcs\sources_1\imports\rtl\datapath.vhd:]
WARNING: [filemgmt 56-199] Attempt to get parsing info during refresh. "On-the-fly" syntax checking information may be incorrect. [C:\Users\Samuel\risc_arty\risc_arty.srcs\sources_1\imports\rtl\maindec.vhd:]
WARNING: [filemgmt 56-199] Attempt to get parsing info during refresh. "On-the-fly" syntax checking information may be incorrect. [C:\Users\Samuel\risc_arty\risc_arty.srcs\sources_1\imports\rtl\regfile.vhd:]
WARNING: [filemgmt 56-199] Attempt to get parsing info during refresh. "On-the-fly" syntax checking information may be incorrect. [C:\Users\Samuel\risc_arty\risc_arty.srcs\sources_1\new\divider.vhd:]
WARNING: [filemgmt 56-199] Attempt to get parsing info during refresh. "On-the-fly" syntax checking information may be incorrect. [C:\Users\Samuel\risc_arty\risc_arty.srcs\sources_1\imports\rtl\alu.vhd:]
WARNING: [filemgmt 56-199] Attempt to get parsing info during refresh. "On-the-fly" syntax checking information may be incorrect. [C:\Users\Samuel\risc_arty\risc_arty.srcs\sources_1\imports\rtl\wallEtoM.vhd:]
WARNING: [filemgmt 56-199] Attempt to get parsing info during refresh. "On-the-fly" syntax checking information may be incorrect. [C:\Users\Samuel\risc_arty\risc_arty.srcs\sources_1\new\remainder.vhd:]
WARNING: [filemgmt 56-199] Attempt to get parsing info during refresh. "On-the-fly" syntax checking information may be incorrect. [C:\Users\Samuel\risc_arty\risc_arty.srcs\sources_1\imports\new\Font_Rom.vhd:]
WARNING: [filemgmt 56-199] Attempt to get parsing info during refresh. "On-the-fly" syntax checking information may be incorrect. [C:\Users\Samuel\risc_arty\risc_arty.srcs\sources_1\imports\rtl\wallDtoE.vhd:]
WARNING: [filemgmt 56-199] Attempt to get parsing info during refresh. "On-the-fly" syntax checking information may be incorrect. [C:\Users\Samuel\risc_arty\risc_arty.srcs\sources_1\imports\rtl\wallDtoE.vhd:]
WARNING: [filemgmt 56-199] Attempt to get parsing info during refresh. "On-the-fly" syntax checking information may be incorrect. [C:\Users\Samuel\risc_arty\risc_arty.srcs\sources_1\new\multiplier.vhd:]
WARNING: [filemgmt 56-199] Attempt to get parsing info during refresh. "On-the-fly" syntax checking information may be incorrect. [C:\Users\Samuel\risc_arty\risc_arty.srcs\sources_1\imports\rtl\imem.vhd:]
WARNING: [filemgmt 56-199] Attempt to get parsing info during refresh. "On-the-fly" syntax checking information may be incorrect. [C:\Users\Samuel\risc_arty\risc_arty.srcs\sources_1\imports\rtl\wallDtoE.vhd:]
WARNING: [filemgmt 56-199] Attempt to get parsing info during refresh. "On-the-fly" syntax checking information may be incorrect. [C:\Users\Samuel\risc_arty\risc_arty.srcs\sources_1\imports\rtl\adder.vhd:]
WARNING: [filemgmt 56-199] Attempt to get parsing info during refresh. "On-the-fly" syntax checking information may be incorrect. [C:\Users\Samuel\risc_arty\risc_arty.srcs\sources_1\imports\rtl\riscvpipeline.vhd:]
WARNING: [filemgmt 56-199] Attempt to get parsing info during refresh. "On-the-fly" syntax checking information may be incorrect. [C:\Users\Samuel\risc_arty\risc_arty.srcs\sources_1\imports\rtl\extend.vhd:]
WARNING: [filemgmt 56-199] Attempt to get parsing info during refresh. "On-the-fly" syntax checking information may be incorrect. [C:\Users\Samuel\risc_arty\risc_arty.srcs\sources_1\imports\rtl\controller.vhd:]
WARNING: [filemgmt 56-199] Attempt to get parsing info during refresh. "On-the-fly" syntax checking information may be incorrect. [C:\Users\Samuel\risc_arty\risc_arty.srcs\sources_1\imports\rtl\dmem.vhd:]
WARNING: [filemgmt 56-199] Attempt to get parsing info during refresh. "On-the-fly" syntax checking information may be incorrect. [C:\Users\Samuel\risc_arty\risc_arty.srcs\sources_1\imports\rtl\banchunit.vhd:]
WARNING: [filemgmt 56-199] Attempt to get parsing info during refresh. "On-the-fly" syntax checking information may be incorrect. [C:\Users\Samuel\risc_arty\risc_arty.srcs\sources_1\imports\rtl\enflopr.vhd:]
WARNING: [filemgmt 56-199] Attempt to get parsing info during refresh. "On-the-fly" syntax checking information may be incorrect. [C:\Users\Samuel\risc_arty\risc_arty.srcs\sources_1\imports\rtl\top.vhd:]
WARNING: [filemgmt 56-199] Attempt to get parsing info during refresh. "On-the-fly" syntax checking information may be incorrect. [C:\Users\Samuel\risc_arty\risc_arty.srcs\sources_1\imports\rtl\aludec.vhd:]
WARNING: [filemgmt 56-199] Attempt to get parsing info during refresh. "On-the-fly" syntax checking information may be incorrect. [C:\Users\Samuel\risc_arty\risc_arty.srcs\sources_1\imports\rtl\signext.vhd:]
WARNING: [filemgmt 56-199] Attempt to get parsing info during refresh. "On-the-fly" syntax checking information may be incorrect. [C:\Users\Samuel\risc_arty\risc_arty.srcs\sources_1\imports\new\Pixel_On_Text.vhd:]
WARNING: [filemgmt 56-199] Attempt to get parsing info during refresh. "On-the-fly" syntax checking information may be incorrect. [C:\Users\Samuel\risc_arty\risc_arty.srcs\sources_1\imports\rtl\datapath.vhd:]
WARNING: [filemgmt 56-199] Attempt to get parsing info during refresh. "On-the-fly" syntax checking information may be incorrect. [C:\Users\Samuel\risc_arty\risc_arty.srcs\sources_1\imports\rtl\maindec.vhd:]
WARNING: [filemgmt 56-199] Attempt to get parsing info during refresh. "On-the-fly" syntax checking information may be incorrect. [C:\Users\Samuel\risc_arty\risc_arty.srcs\sources_1\imports\rtl\regfile.vhd:]
WARNING: [filemgmt 56-199] Attempt to get parsing info during refresh. "On-the-fly" syntax checking information may be incorrect. [C:\Users\Samuel\risc_arty\risc_arty.srcs\sources_1\new\divider.vhd:]
WARNING: [filemgmt 56-199] Attempt to get parsing info during refresh. "On-the-fly" syntax checking information may be incorrect. [C:\Users\Samuel\risc_arty\risc_arty.srcs\sources_1\imports\rtl\alu.vhd:]
WARNING: [filemgmt 56-199] Attempt to get parsing info during refresh. "On-the-fly" syntax checking information may be incorrect. [C:\Users\Samuel\risc_arty\risc_arty.srcs\sources_1\imports\rtl\wallEtoM.vhd:]
WARNING: [filemgmt 56-199] Attempt to get parsing info during refresh. "On-the-fly" syntax checking information may be incorrect. [C:\Users\Samuel\risc_arty\risc_arty.srcs\sources_1\new\remainder.vhd:]
WARNING: [filemgmt 56-199] Attempt to get parsing info during refresh. "On-the-fly" syntax checking information may be incorrect. [C:\Users\Samuel\risc_arty\risc_arty.srcs\sources_1\imports\new\Font_Rom.vhd:]
WARNING: [filemgmt 56-199] Attempt to get parsing info during refresh. "On-the-fly" syntax checking information may be incorrect. [C:\Users\Samuel\risc_arty\risc_arty.srcs\sources_1\imports\rtl\riscvpipeline.vhd:]
WARNING: [filemgmt 56-199] Attempt to get parsing info during refresh. "On-the-fly" syntax checking information may be incorrect. [C:\Users\Samuel\risc_arty\risc_arty.srcs\sources_1\imports\rtl\riscvpipeline.vhd:]
WARNING: [filemgmt 56-199] Attempt to get parsing info during refresh. "On-the-fly" syntax checking information may be incorrect. [C:\Users\Samuel\risc_arty\risc_arty.srcs\sources_1\new\multiplier.vhd:]
WARNING: [filemgmt 56-199] Attempt to get parsing info during refresh. "On-the-fly" syntax checking information may be incorrect. [C:\Users\Samuel\risc_arty\risc_arty.srcs\sources_1\imports\rtl\imem.vhd:]
WARNING: [filemgmt 56-199] Attempt to get parsing info during refresh. "On-the-fly" syntax checking information may be incorrect. [C:\Users\Samuel\risc_arty\risc_arty.srcs\sources_1\imports\rtl\wallDtoE.vhd:]
WARNING: [filemgmt 56-199] Attempt to get parsing info during refresh. "On-the-fly" syntax checking information may be incorrect. [C:\Users\Samuel\risc_arty\risc_arty.srcs\sources_1\imports\rtl\adder.vhd:]
INFO: [Common 17-14] Message 'filemgmt 56-199' appears 100 times and further instances of the messages will be disabled. Use the Tcl command set_msg_config to change the current settings.
WARNING: [filemgmt 56-199] Attempt to get parsing info during refresh. "On-the-fly" syntax checking information may be incorrect. [C:\Users\Samuel\risc_arty\risc_arty.srcs\sources_1\new\multiplier.vhd:]
WARNING: [filemgmt 56-199] Attempt to get parsing info during refresh. "On-the-fly" syntax checking information may be incorrect. [C:\Users\Samuel\risc_arty\risc_arty.srcs\sources_1\imports\rtl\imem.vhd:]
WARNING: [filemgmt 56-199] Attempt to get parsing info during refresh. "On-the-fly" syntax checking information may be incorrect. [C:\Users\Samuel\risc_arty\risc_arty.srcs\sources_1\imports\rtl\wallDtoE.vhd:]
WARNING: [filemgmt 56-199] Attempt to get parsing info during refresh. "On-the-fly" syntax checking information may be incorrect. [C:\Users\Samuel\risc_arty\risc_arty.srcs\sources_1\imports\rtl\adder.vhd:]
WARNING: [filemgmt 56-199] Attempt to get parsing info during refresh. "On-the-fly" syntax checking information may be incorrect. [C:\Users\Samuel\risc_arty\risc_arty.srcs\sources_1\imports\rtl\riscvpipeline.vhd:]
WARNING: [filemgmt 56-199] Attempt to get parsing info during refresh. "On-the-fly" syntax checking information may be incorrect. [C:\Users\Samuel\risc_arty\risc_arty.srcs\sources_1\imports\rtl\extend.vhd:]
WARNING: [filemgmt 56-199] Attempt to get parsing info during refresh. "On-the-fly" syntax checking information may be incorrect. [C:\Users\Samuel\risc_arty\risc_arty.srcs\sources_1\imports\rtl\controller.vhd:]
WARNING: [filemgmt 56-199] Attempt to get parsing info during refresh. "On-the-fly" syntax checking information may be incorrect. [C:\Users\Samuel\risc_arty\risc_arty.srcs\sources_1\imports\rtl\dmem.vhd:]
WARNING: [filemgmt 56-199] Attempt to get parsing info during refresh. "On-the-fly" syntax checking information may be incorrect. [C:\Users\Samuel\risc_arty\risc_arty.srcs\sources_1\imports\rtl\banchunit.vhd:]
WARNING: [filemgmt 56-199] Attempt to get parsing info during refresh. "On-the-fly" syntax checking information may be incorrect. [C:\Users\Samuel\risc_arty\risc_arty.srcs\sources_1\imports\rtl\enflopr.vhd:]
WARNING: [filemgmt 56-199] Attempt to get parsing info during refresh. "On-the-fly" syntax checking information may be incorrect. [C:\Users\Samuel\risc_arty\risc_arty.srcs\sources_1\imports\rtl\top.vhd:]
WARNING: [filemgmt 56-199] Attempt to get parsing info during refresh. "On-the-fly" syntax checking information may be incorrect. [C:\Users\Samuel\risc_arty\risc_arty.srcs\sources_1\imports\rtl\aludec.vhd:]
WARNING: [filemgmt 56-199] Attempt to get parsing info during refresh. "On-the-fly" syntax checking information may be incorrect. [C:\Users\Samuel\risc_arty\risc_arty.srcs\sources_1\imports\rtl\signext.vhd:]
WARNING: [filemgmt 56-199] Attempt to get parsing info during refresh. "On-the-fly" syntax checking information may be incorrect. [C:\Users\Samuel\risc_arty\risc_arty.srcs\sources_1\imports\new\Pixel_On_Text.vhd:]
WARNING: [filemgmt 56-199] Attempt to get parsing info during refresh. "On-the-fly" syntax checking information may be incorrect. [C:\Users\Samuel\risc_arty\risc_arty.srcs\sources_1\imports\rtl\datapath.vhd:]
WARNING: [filemgmt 56-199] Attempt to get parsing info during refresh. "On-the-fly" syntax checking information may be incorrect. [C:\Users\Samuel\risc_arty\risc_arty.srcs\sources_1\imports\rtl\maindec.vhd:]
WARNING: [filemgmt 56-199] Attempt to get parsing info during refresh. "On-the-fly" syntax checking information may be incorrect. [C:\Users\Samuel\risc_arty\risc_arty.srcs\sources_1\imports\rtl\regfile.vhd:]
WARNING: [filemgmt 56-199] Attempt to get parsing info during refresh. "On-the-fly" syntax checking information may be incorrect. [C:\Users\Samuel\risc_arty\risc_arty.srcs\sources_1\new\divider.vhd:]
WARNING: [filemgmt 56-199] Attempt to get parsing info during refresh. "On-the-fly" syntax checking information may be incorrect. [C:\Users\Samuel\risc_arty\risc_arty.srcs\sources_1\imports\rtl\alu.vhd:]
WARNING: [filemgmt 56-199] Attempt to get parsing info during refresh. "On-the-fly" syntax checking information may be incorrect. [C:\Users\Samuel\risc_arty\risc_arty.srcs\sources_1\imports\rtl\wallEtoM.vhd:]
WARNING: [filemgmt 56-199] Attempt to get parsing info during refresh. "On-the-fly" syntax checking information may be incorrect. [C:\Users\Samuel\risc_arty\risc_arty.srcs\sources_1\new\remainder.vhd:]
WARNING: [filemgmt 56-199] Attempt to get parsing info during refresh. "On-the-fly" syntax checking information may be incorrect. [C:\Users\Samuel\risc_arty\risc_arty.srcs\sources_1\imports\new\Font_Rom.vhd:]
WARNING: [filemgmt 56-199] Attempt to get parsing info during refresh. "On-the-fly" syntax checking information may be incorrect. [C:\Users\Samuel\risc_arty\risc_arty.srcs\sources_1\imports\rtl\dmem.vhd:]
WARNING: [filemgmt 56-199] Attempt to get parsing info during refresh. "On-the-fly" syntax checking information may be incorrect. [C:\Users\Samuel\risc_arty\risc_arty.srcs\sources_1\imports\rtl\dmem.vhd:]
ERROR: [Common 17-180] Spawn failed: No error
WARNING: [filemgmt 56-199] Attempt to get parsing info during refresh. "On-the-fly" syntax checking information may be incorrect. [C:\Users\Samuel\risc_arty\risc_arty.srcs\sources_1\new\multiplier.vhd:]
WARNING: [filemgmt 56-199] Attempt to get parsing info during refresh. "On-the-fly" syntax checking information may be incorrect. [C:\Users\Samuel\risc_arty\risc_arty.srcs\sources_1\imports\rtl\imem.vhd:]
WARNING: [filemgmt 56-199] Attempt to get parsing info during refresh. "On-the-fly" syntax checking information may be incorrect. [C:\Users\Samuel\risc_arty\risc_arty.srcs\sources_1\imports\rtl\wallDtoE.vhd:]
WARNING: [filemgmt 56-199] Attempt to get parsing info during refresh. "On-the-fly" syntax checking information may be incorrect. [C:\Users\Samuel\risc_arty\risc_arty.srcs\sources_1\imports\rtl\adder.vhd:]
WARNING: [filemgmt 56-199] Attempt to get parsing info during refresh. "On-the-fly" syntax checking information may be incorrect. [C:\Users\Samuel\risc_arty\risc_arty.srcs\sources_1\imports\rtl\riscvpipeline.vhd:]
WARNING: [filemgmt 56-199] Attempt to get parsing info during refresh. "On-the-fly" syntax checking information may be incorrect. [C:\Users\Samuel\risc_arty\risc_arty.srcs\sources_1\imports\rtl\extend.vhd:]
WARNING: [filemgmt 56-199] Attempt to get parsing info during refresh. "On-the-fly" syntax checking information may be incorrect. [C:\Users\Samuel\risc_arty\risc_arty.srcs\sources_1\imports\rtl\controller.vhd:]
WARNING: [filemgmt 56-199] Attempt to get parsing info during refresh. "On-the-fly" syntax checking information may be incorrect. [C:\Users\Samuel\risc_arty\risc_arty.srcs\sources_1\imports\rtl\dmem.vhd:]
WARNING: [filemgmt 56-199] Attempt to get parsing info during refresh. "On-the-fly" syntax checking information may be incorrect. [C:\Users\Samuel\risc_arty\risc_arty.srcs\sources_1\imports\rtl\banchunit.vhd:]
WARNING: [filemgmt 56-199] Attempt to get parsing info during refresh. "On-the-fly" syntax checking information may be incorrect. [C:\Users\Samuel\risc_arty\risc_arty.srcs\sources_1\imports\rtl\enflopr.vhd:]
WARNING: [filemgmt 56-199] Attempt to get parsing info during refresh. "On-the-fly" syntax checking information may be incorrect. [C:\Users\Samuel\risc_arty\risc_arty.srcs\sources_1\imports\rtl\top.vhd:]
WARNING: [filemgmt 56-199] Attempt to get parsing info during refresh. "On-the-fly" syntax checking information may be incorrect. [C:\Users\Samuel\risc_arty\risc_arty.srcs\sources_1\imports\rtl\aludec.vhd:]
WARNING: [filemgmt 56-199] Attempt to get parsing info during refresh. "On-the-fly" syntax checking information may be incorrect. [C:\Users\Samuel\risc_arty\risc_arty.srcs\sources_1\imports\rtl\signext.vhd:]
WARNING: [filemgmt 56-199] Attempt to get parsing info during refresh. "On-the-fly" syntax checking information may be incorrect. [C:\Users\Samuel\risc_arty\risc_arty.srcs\sources_1\imports\new\Pixel_On_Text.vhd:]
WARNING: [filemgmt 56-199] Attempt to get parsing info during refresh. "On-the-fly" syntax checking information may be incorrect. [C:\Users\Samuel\risc_arty\risc_arty.srcs\sources_1\imports\rtl\datapath.vhd:]
WARNING: [filemgmt 56-199] Attempt to get parsing info during refresh. "On-the-fly" syntax checking information may be incorrect. [C:\Users\Samuel\risc_arty\risc_arty.srcs\sources_1\imports\rtl\maindec.vhd:]
WARNING: [filemgmt 56-199] Attempt to get parsing info during refresh. "On-the-fly" syntax checking information may be incorrect. [C:\Users\Samuel\risc_arty\risc_arty.srcs\sources_1\imports\rtl\regfile.vhd:]
WARNING: [filemgmt 56-199] Attempt to get parsing info during refresh. "On-the-fly" syntax checking information may be incorrect. [C:\Users\Samuel\risc_arty\risc_arty.srcs\sources_1\new\divider.vhd:]
WARNING: [filemgmt 56-199] Attempt to get parsing info during refresh. "On-the-fly" syntax checking information may be incorrect. [C:\Users\Samuel\risc_arty\risc_arty.srcs\sources_1\imports\rtl\alu.vhd:]
WARNING: [filemgmt 56-199] Attempt to get parsing info during refresh. "On-the-fly" syntax checking information may be incorrect. [C:\Users\Samuel\risc_arty\risc_arty.srcs\sources_1\imports\rtl\wallEtoM.vhd:]
WARNING: [filemgmt 56-199] Attempt to get parsing info during refresh. "On-the-fly" syntax checking information may be incorrect. [C:\Users\Samuel\risc_arty\risc_arty.srcs\sources_1\new\remainder.vhd:]
WARNING: [filemgmt 56-199] Attempt to get parsing info during refresh. "On-the-fly" syntax checking information may be incorrect. [C:\Users\Samuel\risc_arty\risc_arty.srcs\sources_1\imports\new\Font_Rom.vhd:]
WARNING: [filemgmt 56-199] Attempt to get parsing info during refresh. "On-the-fly" syntax checking information may be incorrect. [C:\Users\Samuel\risc_arty\risc_arty.srcs\sources_1\imports\rtl\aludec.vhd:]
WARNING: [filemgmt 56-199] Attempt to get parsing info during refresh. "On-the-fly" syntax checking information may be incorrect. [C:\Users\Samuel\risc_arty\risc_arty.srcs\sources_1\imports\rtl\aludec.vhd:]
ERROR: [Common 17-180] Spawn failed: No error
WARNING: [filemgmt 56-199] Attempt to get parsing info during refresh. "On-the-fly" syntax checking information may be incorrect. [C:\Users\Samuel\risc_arty\risc_arty.srcs\sources_1\new\multiplier.vhd:]
WARNING: [filemgmt 56-199] Attempt to get parsing info during refresh. "On-the-fly" syntax checking information may be incorrect. [C:\Users\Samuel\risc_arty\risc_arty.srcs\sources_1\imports\rtl\imem.vhd:]
WARNING: [filemgmt 56-199] Attempt to get parsing info during refresh. "On-the-fly" syntax checking information may be incorrect. [C:\Users\Samuel\risc_arty\risc_arty.srcs\sources_1\imports\rtl\wallDtoE.vhd:]
WARNING: [filemgmt 56-199] Attempt to get parsing info during refresh. "On-the-fly" syntax checking information may be incorrect. [C:\Users\Samuel\risc_arty\risc_arty.srcs\sources_1\imports\rtl\adder.vhd:]
WARNING: [filemgmt 56-199] Attempt to get parsing info during refresh. "On-the-fly" syntax checking information may be incorrect. [C:\Users\Samuel\risc_arty\risc_arty.srcs\sources_1\imports\rtl\riscvpipeline.vhd:]
WARNING: [filemgmt 56-199] Attempt to get parsing info during refresh. "On-the-fly" syntax checking information may be incorrect. [C:\Users\Samuel\risc_arty\risc_arty.srcs\sources_1\imports\rtl\extend.vhd:]
WARNING: [filemgmt 56-199] Attempt to get parsing info during refresh. "On-the-fly" syntax checking information may be incorrect. [C:\Users\Samuel\risc_arty\risc_arty.srcs\sources_1\imports\rtl\controller.vhd:]
WARNING: [filemgmt 56-199] Attempt to get parsing info during refresh. "On-the-fly" syntax checking information may be incorrect. [C:\Users\Samuel\risc_arty\risc_arty.srcs\sources_1\imports\rtl\dmem.vhd:]
WARNING: [filemgmt 56-199] Attempt to get parsing info during refresh. "On-the-fly" syntax checking information may be incorrect. [C:\Users\Samuel\risc_arty\risc_arty.srcs\sources_1\imports\rtl\banchunit.vhd:]
WARNING: [filemgmt 56-199] Attempt to get parsing info during refresh. "On-the-fly" syntax checking information may be incorrect. [C:\Users\Samuel\risc_arty\risc_arty.srcs\sources_1\imports\rtl\enflopr.vhd:]
WARNING: [filemgmt 56-199] Attempt to get parsing info during refresh. "On-the-fly" syntax checking information may be incorrect. [C:\Users\Samuel\risc_arty\risc_arty.srcs\sources_1\imports\rtl\top.vhd:]
WARNING: [filemgmt 56-199] Attempt to get parsing info during refresh. "On-the-fly" syntax checking information may be incorrect. [C:\Users\Samuel\risc_arty\risc_arty.srcs\sources_1\imports\rtl\aludec.vhd:]
WARNING: [filemgmt 56-199] Attempt to get parsing info during refresh. "On-the-fly" syntax checking information may be incorrect. [C:\Users\Samuel\risc_arty\risc_arty.srcs\sources_1\imports\rtl\signext.vhd:]
WARNING: [filemgmt 56-199] Attempt to get parsing info during refresh. "On-the-fly" syntax checking information may be incorrect. [C:\Users\Samuel\risc_arty\risc_arty.srcs\sources_1\imports\new\Pixel_On_Text.vhd:]
WARNING: [filemgmt 56-199] Attempt to get parsing info during refresh. "On-the-fly" syntax checking information may be incorrect. [C:\Users\Samuel\risc_arty\risc_arty.srcs\sources_1\imports\rtl\datapath.vhd:]
WARNING: [filemgmt 56-199] Attempt to get parsing info during refresh. "On-the-fly" syntax checking information may be incorrect. [C:\Users\Samuel\risc_arty\risc_arty.srcs\sources_1\imports\rtl\maindec.vhd:]
WARNING: [filemgmt 56-199] Attempt to get parsing info during refresh. "On-the-fly" syntax checking information may be incorrect. [C:\Users\Samuel\risc_arty\risc_arty.srcs\sources_1\imports\rtl\regfile.vhd:]
WARNING: [filemgmt 56-199] Attempt to get parsing info during refresh. "On-the-fly" syntax checking information may be incorrect. [C:\Users\Samuel\risc_arty\risc_arty.srcs\sources_1\new\divider.vhd:]
WARNING: [filemgmt 56-199] Attempt to get parsing info during refresh. "On-the-fly" syntax checking information may be incorrect. [C:\Users\Samuel\risc_arty\risc_arty.srcs\sources_1\imports\rtl\alu.vhd:]
WARNING: [filemgmt 56-199] Attempt to get parsing info during refresh. "On-the-fly" syntax checking information may be incorrect. [C:\Users\Samuel\risc_arty\risc_arty.srcs\sources_1\imports\rtl\wallEtoM.vhd:]
WARNING: [filemgmt 56-199] Attempt to get parsing info during refresh. "On-the-fly" syntax checking information may be incorrect. [C:\Users\Samuel\risc_arty\risc_arty.srcs\sources_1\new\remainder.vhd:]
WARNING: [filemgmt 56-199] Attempt to get parsing info during refresh. "On-the-fly" syntax checking information may be incorrect. [C:\Users\Samuel\risc_arty\risc_arty.srcs\sources_1\imports\new\Font_Rom.vhd:]
WARNING: [filemgmt 56-199] Attempt to get parsing info during refresh. "On-the-fly" syntax checking information may be incorrect. [C:\Users\Samuel\risc_arty\risc_arty.srcs\sources_1\imports\rtl\adder.vhd:]
WARNING: [filemgmt 56-199] Attempt to get parsing info during refresh. "On-the-fly" syntax checking information may be incorrect. [C:\Users\Samuel\risc_arty\risc_arty.srcs\sources_1\imports\rtl\adder.vhd:]
ERROR: [Common 17-180] Spawn failed: No error
WARNING: [filemgmt 56-199] Attempt to get parsing info during refresh. "On-the-fly" syntax checking information may be incorrect. [C:\Users\Samuel\risc_arty\risc_arty.srcs\sources_1\new\multiplier.vhd:]
WARNING: [filemgmt 56-199] Attempt to get parsing info during refresh. "On-the-fly" syntax checking information may be incorrect. [C:\Users\Samuel\risc_arty\risc_arty.srcs\sources_1\imports\rtl\imem.vhd:]
WARNING: [filemgmt 56-199] Attempt to get parsing info during refresh. "On-the-fly" syntax checking information may be incorrect. [C:\Users\Samuel\risc_arty\risc_arty.srcs\sources_1\imports\rtl\wallDtoE.vhd:]
WARNING: [filemgmt 56-199] Attempt to get parsing info during refresh. "On-the-fly" syntax checking information may be incorrect. [C:\Users\Samuel\risc_arty\risc_arty.srcs\sources_1\imports\rtl\adder.vhd:]
WARNING: [filemgmt 56-199] Attempt to get parsing info during refresh. "On-the-fly" syntax checking information may be incorrect. [C:\Users\Samuel\risc_arty\risc_arty.srcs\sources_1\imports\rtl\riscvpipeline.vhd:]
WARNING: [filemgmt 56-199] Attempt to get parsing info during refresh. "On-the-fly" syntax checking information may be incorrect. [C:\Users\Samuel\risc_arty\risc_arty.srcs\sources_1\imports\rtl\extend.vhd:]
WARNING: [filemgmt 56-199] Attempt to get parsing info during refresh. "On-the-fly" syntax checking information may be incorrect. [C:\Users\Samuel\risc_arty\risc_arty.srcs\sources_1\imports\rtl\controller.vhd:]
WARNING: [filemgmt 56-199] Attempt to get parsing info during refresh. "On-the-fly" syntax checking information may be incorrect. [C:\Users\Samuel\risc_arty\risc_arty.srcs\sources_1\imports\rtl\dmem.vhd:]
WARNING: [filemgmt 56-199] Attempt to get parsing info during refresh. "On-the-fly" syntax checking information may be incorrect. [C:\Users\Samuel\risc_arty\risc_arty.srcs\sources_1\imports\rtl\banchunit.vhd:]
WARNING: [filemgmt 56-199] Attempt to get parsing info during refresh. "On-the-fly" syntax checking information may be incorrect. [C:\Users\Samuel\risc_arty\risc_arty.srcs\sources_1\imports\rtl\enflopr.vhd:]
WARNING: [filemgmt 56-199] Attempt to get parsing info during refresh. "On-the-fly" syntax checking information may be incorrect. [C:\Users\Samuel\risc_arty\risc_arty.srcs\sources_1\imports\rtl\top.vhd:]
WARNING: [filemgmt 56-199] Attempt to get parsing info during refresh. "On-the-fly" syntax checking information may be incorrect. [C:\Users\Samuel\risc_arty\risc_arty.srcs\sources_1\imports\rtl\aludec.vhd:]
WARNING: [filemgmt 56-199] Attempt to get parsing info during refresh. "On-the-fly" syntax checking information may be incorrect. [C:\Users\Samuel\risc_arty\risc_arty.srcs\sources_1\imports\rtl\signext.vhd:]
WARNING: [filemgmt 56-199] Attempt to get parsing info during refresh. "On-the-fly" syntax checking information may be incorrect. [C:\Users\Samuel\risc_arty\risc_arty.srcs\sources_1\imports\new\Pixel_On_Text.vhd:]
WARNING: [filemgmt 56-199] Attempt to get parsing info during refresh. "On-the-fly" syntax checking information may be incorrect. [C:\Users\Samuel\risc_arty\risc_arty.srcs\sources_1\imports\rtl\datapath.vhd:]
WARNING: [filemgmt 56-199] Attempt to get parsing info during refresh. "On-the-fly" syntax checking information may be incorrect. [C:\Users\Samuel\risc_arty\risc_arty.srcs\sources_1\imports\rtl\maindec.vhd:]
WARNING: [filemgmt 56-199] Attempt to get parsing info during refresh. "On-the-fly" syntax checking information may be incorrect. [C:\Users\Samuel\risc_arty\risc_arty.srcs\sources_1\imports\rtl\regfile.vhd:]
WARNING: [filemgmt 56-199] Attempt to get parsing info during refresh. "On-the-fly" syntax checking information may be incorrect. [C:\Users\Samuel\risc_arty\risc_arty.srcs\sources_1\new\divider.vhd:]
WARNING: [filemgmt 56-199] Attempt to get parsing info during refresh. "On-the-fly" syntax checking information may be incorrect. [C:\Users\Samuel\risc_arty\risc_arty.srcs\sources_1\imports\rtl\alu.vhd:]
WARNING: [filemgmt 56-199] Attempt to get parsing info during refresh. "On-the-fly" syntax checking information may be incorrect. [C:\Users\Samuel\risc_arty\risc_arty.srcs\sources_1\imports\rtl\wallEtoM.vhd:]
WARNING: [filemgmt 56-199] Attempt to get parsing info during refresh. "On-the-fly" syntax checking information may be incorrect. [C:\Users\Samuel\risc_arty\risc_arty.srcs\sources_1\new\remainder.vhd:]
WARNING: [filemgmt 56-199] Attempt to get parsing info during refresh. "On-the-fly" syntax checking information may be incorrect. [C:\Users\Samuel\risc_arty\risc_arty.srcs\sources_1\imports\new\Font_Rom.vhd:]
WARNING: [filemgmt 56-199] Attempt to get parsing info during refresh. "On-the-fly" syntax checking information may be incorrect. [C:\Users\Samuel\risc_arty\risc_arty.srcs\sources_1\imports\rtl\controller.vhd:]
WARNING: [filemgmt 56-199] Attempt to get parsing info during refresh. "On-the-fly" syntax checking information may be incorrect. [C:\Users\Samuel\risc_arty\risc_arty.srcs\sources_1\imports\rtl\controller.vhd:]
ERROR: [Common 17-180] Spawn failed: No error
WARNING: [filemgmt 56-199] Attempt to get parsing info during refresh. "On-the-fly" syntax checking information may be incorrect. [C:\Users\Samuel\risc_arty\risc_arty.srcs\sources_1\new\multiplier.vhd:]
WARNING: [filemgmt 56-199] Attempt to get parsing info during refresh. "On-the-fly" syntax checking information may be incorrect. [C:\Users\Samuel\risc_arty\risc_arty.srcs\sources_1\imports\rtl\imem.vhd:]
WARNING: [filemgmt 56-199] Attempt to get parsing info during refresh. "On-the-fly" syntax checking information may be incorrect. [C:\Users\Samuel\risc_arty\risc_arty.srcs\sources_1\imports\rtl\wallDtoE.vhd:]
WARNING: [filemgmt 56-199] Attempt to get parsing info during refresh. "On-the-fly" syntax checking information may be incorrect. [C:\Users\Samuel\risc_arty\risc_arty.srcs\sources_1\imports\rtl\adder.vhd:]
WARNING: [filemgmt 56-199] Attempt to get parsing info during refresh. "On-the-fly" syntax checking information may be incorrect. [C:\Users\Samuel\risc_arty\risc_arty.srcs\sources_1\imports\rtl\riscvpipeline.vhd:]
WARNING: [filemgmt 56-199] Attempt to get parsing info during refresh. "On-the-fly" syntax checking information may be incorrect. [C:\Users\Samuel\risc_arty\risc_arty.srcs\sources_1\imports\rtl\extend.vhd:]
WARNING: [filemgmt 56-199] Attempt to get parsing info during refresh. "On-the-fly" syntax checking information may be incorrect. [C:\Users\Samuel\risc_arty\risc_arty.srcs\sources_1\imports\rtl\controller.vhd:]
WARNING: [filemgmt 56-199] Attempt to get parsing info during refresh. "On-the-fly" syntax checking information may be incorrect. [C:\Users\Samuel\risc_arty\risc_arty.srcs\sources_1\imports\rtl\dmem.vhd:]
WARNING: [filemgmt 56-199] Attempt to get parsing info during refresh. "On-the-fly" syntax checking information may be incorrect. [C:\Users\Samuel\risc_arty\risc_arty.srcs\sources_1\imports\rtl\banchunit.vhd:]
WARNING: [filemgmt 56-199] Attempt to get parsing info during refresh. "On-the-fly" syntax checking information may be incorrect. [C:\Users\Samuel\risc_arty\risc_arty.srcs\sources_1\imports\rtl\enflopr.vhd:]
WARNING: [filemgmt 56-199] Attempt to get parsing info during refresh. "On-the-fly" syntax checking information may be incorrect. [C:\Users\Samuel\risc_arty\risc_arty.srcs\sources_1\imports\rtl\top.vhd:]
WARNING: [filemgmt 56-199] Attempt to get parsing info during refresh. "On-the-fly" syntax checking information may be incorrect. [C:\Users\Samuel\risc_arty\risc_arty.srcs\sources_1\imports\rtl\aludec.vhd:]
WARNING: [filemgmt 56-199] Attempt to get parsing info during refresh. "On-the-fly" syntax checking information may be incorrect. [C:\Users\Samuel\risc_arty\risc_arty.srcs\sources_1\imports\rtl\signext.vhd:]
WARNING: [filemgmt 56-199] Attempt to get parsing info during refresh. "On-the-fly" syntax checking information may be incorrect. [C:\Users\Samuel\risc_arty\risc_arty.srcs\sources_1\imports\new\Pixel_On_Text.vhd:]
WARNING: [filemgmt 56-199] Attempt to get parsing info during refresh. "On-the-fly" syntax checking information may be incorrect. [C:\Users\Samuel\risc_arty\risc_arty.srcs\sources_1\imports\rtl\datapath.vhd:]
WARNING: [filemgmt 56-199] Attempt to get parsing info during refresh. "On-the-fly" syntax checking information may be incorrect. [C:\Users\Samuel\risc_arty\risc_arty.srcs\sources_1\imports\rtl\maindec.vhd:]
WARNING: [filemgmt 56-199] Attempt to get parsing info during refresh. "On-the-fly" syntax checking information may be incorrect. [C:\Users\Samuel\risc_arty\risc_arty.srcs\sources_1\imports\rtl\regfile.vhd:]
WARNING: [filemgmt 56-199] Attempt to get parsing info during refresh. "On-the-fly" syntax checking information may be incorrect. [C:\Users\Samuel\risc_arty\risc_arty.srcs\sources_1\new\divider.vhd:]
WARNING: [filemgmt 56-199] Attempt to get parsing info during refresh. "On-the-fly" syntax checking information may be incorrect. [C:\Users\Samuel\risc_arty\risc_arty.srcs\sources_1\imports\rtl\alu.vhd:]
WARNING: [filemgmt 56-199] Attempt to get parsing info during refresh. "On-the-fly" syntax checking information may be incorrect. [C:\Users\Samuel\risc_arty\risc_arty.srcs\sources_1\imports\rtl\wallEtoM.vhd:]
WARNING: [filemgmt 56-199] Attempt to get parsing info during refresh. "On-the-fly" syntax checking information may be incorrect. [C:\Users\Samuel\risc_arty\risc_arty.srcs\sources_1\new\remainder.vhd:]
WARNING: [filemgmt 56-199] Attempt to get parsing info during refresh. "On-the-fly" syntax checking information may be incorrect. [C:\Users\Samuel\risc_arty\risc_arty.srcs\sources_1\imports\new\Font_Rom.vhd:]
WARNING: [filemgmt 56-199] Attempt to get parsing info during refresh. "On-the-fly" syntax checking information may be incorrect. [C:\Users\Samuel\risc_arty\risc_arty.srcs\sources_1\imports\rtl\extend.vhd:]
WARNING: [filemgmt 56-199] Attempt to get parsing info during refresh. "On-the-fly" syntax checking information may be incorrect. [C:\Users\Samuel\risc_arty\risc_arty.srcs\sources_1\imports\rtl\extend.vhd:]
ERROR: [Common 17-180] Spawn failed: No error
WARNING: [filemgmt 56-199] Attempt to get parsing info during refresh. "On-the-fly" syntax checking information may be incorrect. [C:\Users\Samuel\risc_arty\risc_arty.srcs\sources_1\new\multiplier.vhd:]
WARNING: [filemgmt 56-199] Attempt to get parsing info during refresh. "On-the-fly" syntax checking information may be incorrect. [C:\Users\Samuel\risc_arty\risc_arty.srcs\sources_1\imports\rtl\imem.vhd:]
WARNING: [filemgmt 56-199] Attempt to get parsing info during refresh. "On-the-fly" syntax checking information may be incorrect. [C:\Users\Samuel\risc_arty\risc_arty.srcs\sources_1\imports\rtl\wallDtoE.vhd:]
WARNING: [filemgmt 56-199] Attempt to get parsing info during refresh. "On-the-fly" syntax checking information may be incorrect. [C:\Users\Samuel\risc_arty\risc_arty.srcs\sources_1\imports\rtl\adder.vhd:]
INFO: [Common 17-14] Message 'filemgmt 56-199' appears 100 times and further instances of the messages will be disabled. Use the Tcl command set_msg_config to change the current settings.
ERROR: [Common 17-180] Spawn failed: No error
reset_run synth_1
INFO: [Project 1-1161] Replacing file C:/Users/Samuel/risc_arty/risc_arty.srcs/utils_1/imports/synth_1/top.dcp with file C:/Users/Samuel/risc_arty/risc_arty.runs/synth_1/top.dcp
launch_runs synth_1 -jobs 24
[Sat Jan 18 14:01:05 2025] Launched synth_1...
Run output will be captured here: C:/Users/Samuel/risc_arty/risc_arty.runs/synth_1/runme.log
ERROR: [Common 17-180] Spawn failed: No error
ERROR: [Common 17-180] Spawn failed: No error
ERROR: [Common 17-180] Spawn failed: No error
ERROR: [Common 17-180] Spawn failed: No error
ERROR: [Common 17-180] Spawn failed: No error
ERROR: [Common 17-180] Spawn failed: No error
ERROR: [Common 17-180] Spawn failed: No error
ERROR: [Common 17-180] Spawn failed: No error
ERROR: [Common 17-180] Spawn failed: No error
ERROR: [Common 17-180] Spawn failed: No error
ERROR: [Common 17-180] Spawn failed: No error
exit
INFO: [Common 17-206] Exiting Vivado at Sat Jan 18 14:02:54 2025...
