Vivado Simulator v2024.1.2
Copyright 1986-2022 Xilinx, Inc. All Rights Reserved.
Copyright 2022-2024 Advanced Micro Devices, Inc. All Rights Reserved.
Running: E:/Xinlix/Vivado/2024.1/bin/unwrapped/win64.o/xelab.exe --incr --debug typical --relax --mt 2 -L xil_defaultlib -L secureip --snapshot top_func_impl xil_defaultlib.top -log elaborate.log 
Using 2 slave threads.
Starting static elaboration
Completed static elaboration
Starting simulation data flow analysis
Completed simulation data flow analysis
Time Resolution for simulation is 1ps
Compiling package std.standard
Compiling package std.textio
Compiling package ieee.std_logic_1164
Compiling package ieee.numeric_std
Compiling package unisim.vcomponents
Compiling package ieee.vital_timing
Compiling package ieee.vital_primitives
Compiling package unisim.vpkg
Compiling package ieee.std_logic_arith
Compiling package ieee.std_logic_signed
Compiling package ieee.std_logic_textio
Compiling architecture bufg_v of entity unisim.BUFG [bufg_default]
Compiling architecture ibuf_v of entity unisim.IBUF [\IBUF(1,9)(1,1)(1,4)(1,7)\]
Compiling architecture lut1_v of entity unisim.LUT1 [\LUT1(init="0001")(0,3)\]
Compiling architecture fdre_v of entity unisim.FDRE [fdre_default]
Compiling architecture carry4_v of entity unisim.CARRY4 [carry4_default]
Compiling architecture lut2_v of entity unisim.LUT2 [\LUT2(init="0110")(0,3)\]
Compiling architecture srl16e_v of entity unisim.SRL16E [\SRL16E(0,15)\]
Compiling architecture rb18_internal_vhdl_v of entity unisim.RB18_INTERNAL_VHDL [\RB18_INTERNAL_VHDL(bram_size=18...]
Compiling architecture ramb18e1_v of entity unisim.RAMB18E1 [\RAMB18E1(doa_reg=1,dob_reg=1,re...]
Compiling architecture lut2_v of entity unisim.LUT2 [\LUT2(init="1110")(0,3)\]
Compiling architecture structure of entity xil_defaultlib.dmem_bram_blk_mem_gen_prim_wrapper_init [dmem_bram_blk_mem_gen_prim_wrapp...]
Compiling architecture structure of entity xil_defaultlib.dmem_bram_blk_mem_gen_prim_width [dmem_bram_blk_mem_gen_prim_width...]
Compiling architecture structure of entity xil_defaultlib.dmem_bram_blk_mem_gen_generic_cstr [dmem_bram_blk_mem_gen_generic_cs...]
Compiling architecture structure of entity xil_defaultlib.dmem_bram_blk_mem_gen_top [dmem_bram_blk_mem_gen_top_defaul...]
Compiling architecture structure of entity xil_defaultlib.dmem_bram_blk_mem_gen_v8_4_8_synth [dmem_bram_blk_mem_gen_v8_4_8_syn...]
Compiling architecture structure of entity xil_defaultlib.dmem_bram_blk_mem_gen_v8_4_8 [dmem_bram_blk_mem_gen_v8_4_8_def...]
Compiling architecture structure of entity xil_defaultlib.dmem_bram [dmem_bram_default]
Compiling architecture lut5_v of entity unisim.LUT5 [\LUT5(init="10101010101010101000...]
Compiling architecture lut5_v of entity unisim.LUT5 [\LUT5(init="10101010101010101000...]
Compiling architecture lut5_v of entity unisim.LUT5 [\LUT5(init="10101010101010100000...]
Compiling architecture lut5_v of entity unisim.LUT5 [\LUT5(init="10101010101010100000...]
Compiling architecture lut2_v of entity unisim.LUT2 [\LUT2(init="1000")(0,3)\]
Compiling architecture lut6_v of entity unisim.LUT6 [\LUT6(init="11101111010000001111...]
Compiling architecture lut6_v of entity unisim.LUT6 [\LUT6(init="11110000101010101111...]
Compiling architecture lut5_v of entity unisim.LUT5 [\LUT5(init="11100100111000001010...]
Compiling architecture structure of entity xil_defaultlib.dmem [dmem_default]
Compiling architecture rb18_internal_vhdl_v of entity unisim.RB18_INTERNAL_VHDL [\RB18_INTERNAL_VHDL(bram_size=18...]
Compiling architecture ramb18e1_v of entity unisim.RAMB18E1 [\RAMB18E1(init_00="0000000000000...]
Compiling architecture structure of entity xil_defaultlib.imem_bram_blk_mem_gen_prim_wrapper_init [imem_bram_blk_mem_gen_prim_wrapp...]
Compiling architecture structure of entity xil_defaultlib.imem_bram_blk_mem_gen_prim_width [imem_bram_blk_mem_gen_prim_width...]
Compiling architecture structure of entity xil_defaultlib.imem_bram_blk_mem_gen_generic_cstr [imem_bram_blk_mem_gen_generic_cs...]
Compiling architecture structure of entity xil_defaultlib.imem_bram_blk_mem_gen_top [imem_bram_blk_mem_gen_top_defaul...]
Compiling architecture structure of entity xil_defaultlib.imem_bram_blk_mem_gen_v8_4_8_synth [imem_bram_blk_mem_gen_v8_4_8_syn...]
Compiling architecture structure of entity xil_defaultlib.imem_bram_blk_mem_gen_v8_4_8 [imem_bram_blk_mem_gen_v8_4_8_def...]
Compiling architecture structure of entity xil_defaultlib.imem_bram [imem_bram_default]
Compiling architecture muxf7_v of entity unisim.MUXF7 [muxf7_default]
Compiling architecture lut6_v of entity unisim.LUT6 [\LUT6(init="11100000000000001110...]
Compiling architecture lut6_v of entity unisim.LUT6 [\LUT6(init="11111111111111111111...]
Compiling architecture lut6_v of entity unisim.LUT6 [\LUT6(init="00000010111111110000...]
Compiling architecture lut6_v of entity unisim.LUT6 [\LUT6(init="11111101000000001111...]
Compiling architecture lut2_v of entity unisim.LUT2 [\LUT2(init="0001")(0,3)\]
Compiling architecture lut5_v of entity unisim.LUT5 [\LUT5(init="01011001010111011111...]
Compiling architecture lut6_v of entity unisim.LUT6 [\LUT6(init="00110000110111110000...]
Compiling architecture lut6_v of entity unisim.LUT6 [\LUT6(init="11100000000111110000...]
Compiling architecture lut5_v of entity unisim.LUT5 [\LUT5(init="10011001100101011111...]
Compiling architecture lut5_v of entity unisim.LUT5 [\LUT5(init="01010101010111011111...]
Compiling architecture lut6_v of entity unisim.LUT6 [\LUT6(init="00010000111111110000...]
Compiling architecture lut6_v of entity unisim.LUT6 [\LUT6(init="00000000111111110000...]
Compiling architecture lut6_v of entity unisim.LUT6 [\LUT6(init="11000000110000001010...]
Compiling architecture muxf8_v of entity unisim.MUXF8 [muxf8_default]
Compiling architecture lut6_v of entity unisim.LUT6 [\LUT6(init="11111111111111111111...]
Compiling architecture lut6_v of entity unisim.LUT6 [\LUT6(init="00011111111000001111...]
Compiling architecture lut6_v of entity unisim.LUT6 [\LUT6(init="10111000101110001011...]
Compiling architecture lut6_v of entity unisim.LUT6 [\LUT6(init="00000000000000001111...]
Compiling architecture lut6_v of entity unisim.LUT6 [\LUT6(init="01010111111111110101...]
Compiling architecture lut6_v of entity unisim.LUT6 [\LUT6(init="10101000000000001010...]
Compiling architecture lut5_v of entity unisim.LUT5 [\LUT5(init="11100000000000000000...]
Compiling architecture lut6_v of entity unisim.LUT6 [\LUT6(init="10010000000010010000...]
Compiling architecture lut4_v of entity unisim.LUT4 [\LUT4(init="1001000000001001")(0...]
Compiling architecture lut2_v of entity unisim.LUT2 [\LUT2(init="0010")(0,3)\]
Compiling architecture structure of entity xil_defaultlib.imem [imem_default]
Compiling architecture obuf_v of entity unisim.OBUF [\OBUF(1,9)(1,7)(1,4)\]
Compiling architecture lut6_v of entity unisim.LUT6 [\LUT6(init="10000000000000000000...]
Compiling architecture lut6_v of entity unisim.LUT6 [\LUT6(init="00000000000000000000...]
Compiling architecture lut6_v of entity unisim.LUT6 [\LUT6(init="00000000000000000000...]
Compiling architecture structure of entity xil_defaultlib.aludec [aludec_default]
Compiling architecture structure of entity xil_defaultlib.controller [controller_default]
Compiling architecture lut6_v of entity unisim.LUT6 [\LUT6(init="10111011101110111011...]
Compiling architecture lut6_v of entity unisim.LUT6 [\LUT6(init="10001000101110001011...]
Compiling architecture lut4_v of entity unisim.LUT4 [\LUT4(init="0000000010000000")(0...]
Compiling architecture lut3_v of entity unisim.LUT3 [\LUT3(init="10111000")(0,7)\]
Compiling architecture lut5_v of entity unisim.LUT5 [\LUT5(init="11111111111111111111...]
Compiling architecture lut5_v of entity unisim.LUT5 [\LUT5(init="10010000000000000000...]
Compiling architecture lut5_v of entity unisim.LUT5 [\LUT5(init="10111010101111110100...]
Compiling architecture lut5_v of entity unisim.LUT5 [\LUT5(init="00110000101110110011...]
Compiling architecture lut6_v of entity unisim.LUT6 [\LUT6(init="10010000000000000000...]
Compiling architecture lut6_v of entity unisim.LUT6 [\LUT6(init="11111111111111111111...]
Compiling architecture lut5_v of entity unisim.LUT5 [\LUT5(init="11111011000010111111...]
Compiling architecture lut6_v of entity unisim.LUT6 [\LUT6(init="10111000111111111011...]
Compiling architecture lut6_v of entity unisim.LUT6 [\LUT6(init="10101111101000001100...]
Compiling architecture lut6_v of entity unisim.LUT6 [\LUT6(init="11111111000011001101...]
Compiling architecture lut4_v of entity unisim.LUT4 [\LUT4(init="0100101110110100")(0...]
Compiling architecture lut5_v of entity unisim.LUT5 [\LUT5(init="11011000001001110010...]
Compiling architecture lut6_v of entity unisim.LUT6 [\LUT6(init="11000000101010101111...]
Compiling architecture lut6_v of entity unisim.LUT6 [\LUT6(init="11111111111111111111...]
Compiling architecture lut5_v of entity unisim.LUT5 [\LUT5(init="10111000101110111011...]
Compiling architecture lut6_v of entity unisim.LUT6 [\LUT6(init="01011100010111000101...]
Compiling architecture lut5_v of entity unisim.LUT5 [\LUT5(init="11111111111111110010...]
Compiling architecture lut3_v of entity unisim.LUT3 [\LUT3(init="10010110")(0,7)\]
Compiling architecture lut6_v of entity unisim.LUT6 [\LUT6(init="10101000100010001000...]
Compiling architecture lut4_v of entity unisim.LUT4 [\LUT4(init="1111111111101111")(0...]
Compiling architecture lut5_v of entity unisim.LUT5 [\LUT5(init="01000111010001110100...]
Compiling architecture lut6_v of entity unisim.LUT6 [\LUT6(init="01110100111111110111...]
Compiling architecture lut6_v of entity unisim.LUT6 [\LUT6(init="11111111101110111111...]
Compiling architecture lut3_v of entity unisim.LUT3 [\LUT3(init="01010011")(0,7)\]
Compiling architecture lut6_v of entity unisim.LUT6 [\LUT6(init="11101111111000001110...]
Compiling architecture lut6_v of entity unisim.LUT6 [\LUT6(init="11110010111111111111...]
Compiling architecture lut6_v of entity unisim.LUT6 [\LUT6(init="00000000000000000000...]
Compiling architecture lut6_v of entity unisim.LUT6 [\LUT6(init="00000000111001001111...]
Compiling architecture lut3_v of entity unisim.LUT3 [\LUT3(init="11100100")(0,7)\]
Compiling architecture lut5_v of entity unisim.LUT5 [\LUT5(init="11000011011010011001...]
Compiling architecture lut6_v of entity unisim.LUT6 [\LUT6(init="11101110111011101110...]
Compiling architecture lut6_v of entity unisim.LUT6 [\LUT6(init="01000100111101000100...]
Compiling architecture lut6_v of entity unisim.LUT6 [\LUT6(init="10111000101110001011...]
Compiling architecture lut3_v of entity unisim.LUT3 [\LUT3(init="10101100")(0,7)\]
Compiling architecture lut5_v of entity unisim.LUT5 [\LUT5(init="10111000111111111011...]
Compiling architecture lut5_v of entity unisim.LUT5 [\LUT5(init="10000000111000001111...]
Compiling architecture lut6_v of entity unisim.LUT6 [\LUT6(init="00000000000000000100...]
Compiling architecture lut6_v of entity unisim.LUT6 [\LUT6(init="00000000000000000000...]
Compiling architecture lut6_v of entity unisim.LUT6 [\LUT6(init="11101111111000001111...]
Compiling architecture lut6_v of entity unisim.LUT6 [\LUT6(init="00000000100110011111...]
Compiling architecture lut6_v of entity unisim.LUT6 [\LUT6(init="10101010101010101010...]
Compiling architecture lut6_v of entity unisim.LUT6 [\LUT6(init="11101110111011111111...]
Compiling architecture lut5_v of entity unisim.LUT5 [\LUT5(init="00000000010100010101...]
Compiling architecture lut5_v of entity unisim.LUT5 [\LUT5(init="11111111111111111111...]
Compiling architecture lut6_v of entity unisim.LUT6 [\LUT6(init="11111111011101111111...]
Compiling architecture lut6_v of entity unisim.LUT6 [\LUT6(init="00000000000101010010...]
Compiling architecture lut4_v of entity unisim.LUT4 [\LUT4(init="0011001101101001")(0...]
Compiling architecture lut5_v of entity unisim.LUT5 [\LUT5(init="10101110000000001010...]
Compiling architecture lut6_v of entity unisim.LUT6 [\LUT6(init="00110011001100110011...]
Compiling architecture lut4_v of entity unisim.LUT4 [\LUT4(init="0000011101111111")(0...]
Compiling architecture lut6_v of entity unisim.LUT6 [\LUT6(init="00100010001000100010...]
Compiling architecture lut4_v of entity unisim.LUT4 [\LUT4(init="1100010001000000")(0...]
Compiling architecture lut6_v of entity unisim.LUT6 [\LUT6(init="00000000001000100000...]
Compiling architecture lut6_v of entity unisim.LUT6 [\LUT6(init="11111111001100111100...]
Compiling architecture lut5_v of entity unisim.LUT5 [\LUT5(init="11101110111011100100...]
Compiling architecture lut5_v of entity unisim.LUT5 [\LUT5(init="11111000110011000000...]
Compiling architecture lut6_v of entity unisim.LUT6 [\LUT6(init="11111111111111111111...]
Compiling architecture lut6_v of entity unisim.LUT6 [\LUT6(init="11111111111111111111...]
Compiling architecture lut6_v of entity unisim.LUT6 [\LUT6(init="10101010101010101011...]
Compiling architecture lut5_v of entity unisim.LUT5 [\LUT5(init="11111111111111111000...]
Compiling architecture lut6_v of entity unisim.LUT6 [\LUT6(init="10111000101110111011...]
Compiling architecture lut6_v of entity unisim.LUT6 [\LUT6(init="11111111111111111100...]
Compiling architecture lut6_v of entity unisim.LUT6 [\LUT6(init="11111111111100000101...]
Compiling architecture lut5_v of entity unisim.LUT5 [\LUT5(init="10110010111100110011...]
Compiling architecture lut6_v of entity unisim.LUT6 [\LUT6(init="00110011001100110011...]
Compiling architecture lut5_v of entity unisim.LUT5 [\LUT5(init="00000011001010110010...]
Compiling architecture lut6_v of entity unisim.LUT6 [\LUT6(init="00001111100110010000...]
Compiling architecture lut3_v of entity unisim.LUT3 [\LUT3(init="01000111")(0,7)\]
Compiling architecture lut6_v of entity unisim.LUT6 [\LUT6(init="11110100111101111111...]
Compiling architecture lut6_v of entity unisim.LUT6 [\LUT6(init="11011101110110001000...]
Compiling architecture lut6_v of entity unisim.LUT6 [\LUT6(init="11101110111010101110...]
Compiling architecture lut6_v of entity unisim.LUT6 [\LUT6(init="11111011111110001111...]
Compiling architecture lut4_v of entity unisim.LUT4 [\LUT4(init="1111010011110111")(0...]
Compiling architecture lut5_v of entity unisim.LUT5 [\LUT5(init="10111011001010110010...]
Compiling architecture lut5_v of entity unisim.LUT5 [\LUT5(init="00010111011101110001...]
Compiling architecture lut6_v of entity unisim.LUT6 [\LUT6(init="11001111110000001010...]
Compiling architecture lut6_v of entity unisim.LUT6 [\LUT6(init="00000000000000000000...]
Compiling architecture lut6_v of entity unisim.LUT6 [\LUT6(init="10101111101011111111...]
Compiling architecture lut4_v of entity unisim.LUT4 [\LUT4(init="1110111111100000")(0...]
Compiling architecture lut6_v of entity unisim.LUT6 [\LUT6(init="01110100010001110111...]
Compiling architecture lut6_v of entity unisim.LUT6 [\LUT6(init="01010101010101010101...]
Compiling architecture lut6_v of entity unisim.LUT6 [\LUT6(init="00000000100010000000...]
Compiling architecture lut6_v of entity unisim.LUT6 [\LUT6(init="10001000100010001000...]
Compiling architecture lut6_v of entity unisim.LUT6 [\LUT6(init="00000000101100011111...]
Compiling architecture lut5_v of entity unisim.LUT5 [\LUT5(init="11110100111101001111...]
Compiling architecture lut6_v of entity unisim.LUT6 [\LUT6(init="01000111111111110100...]
Compiling architecture lut4_v of entity unisim.LUT4 [\LUT4(init="0000010000000111")(0...]
Compiling architecture lut5_v of entity unisim.LUT5 [\LUT5(init="00111011001010110010...]
Compiling architecture lut4_v of entity unisim.LUT4 [\LUT4(init="1111000000010001")(0...]
Compiling architecture lut5_v of entity unisim.LUT5 [\LUT5(init="11111111000000001011...]
Compiling architecture lut3_v of entity unisim.LUT3 [\LUT3(init="10000000")(0,7)\]
Compiling architecture lut6_v of entity unisim.LUT6 [\LUT6(init="11110111011101111111...]
Compiling architecture lut6_v of entity unisim.LUT6 [\LUT6(init="11111111111111111111...]
Compiling architecture lut5_v of entity unisim.LUT5 [\LUT5(init="00110011000000001011...]
Compiling architecture lut6_v of entity unisim.LUT6 [\LUT6(init="11111100111111001111...]
Compiling architecture lut3_v of entity unisim.LUT3 [\LUT3(init="10110010")(0,7)\]
Compiling architecture lut3_v of entity unisim.LUT3 [\LUT3(init="01110001")(0,7)\]
Compiling architecture lut6_v of entity unisim.LUT6 [\LUT6(init="00000000111111110000...]
Compiling architecture lut6_v of entity unisim.LUT6 [\LUT6(init="10111011101110111011...]
Compiling architecture lut6_v of entity unisim.LUT6 [\LUT6(init="01011111010100001100...]
Compiling architecture lut3_v of entity unisim.LUT3 [\LUT3(init="00101011")(0,7)\]
Compiling architecture lut5_v of entity unisim.LUT5 [\LUT5(init="01000111010001110000...]
Compiling architecture lut6_v of entity unisim.LUT6 [\LUT6(init="11111011101110111111...]
Compiling architecture lut6_v of entity unisim.LUT6 [\LUT6(init="00000000101110001111...]
Compiling architecture lut4_v of entity unisim.LUT4 [\LUT4(init="0000000010111000")(0...]
Compiling architecture lut5_v of entity unisim.LUT5 [\LUT5(init="11111111000000000100...]
Compiling architecture lut3_v of entity unisim.LUT3 [\LUT3(init="00011101")(0,7)\]
Compiling architecture lut6_v of entity unisim.LUT6 [\LUT6(init="00000000000000000100...]
Compiling architecture lut6_v of entity unisim.LUT6 [\LUT6(init="10101010101010101010...]
Compiling architecture lut5_v of entity unisim.LUT5 [\LUT5(init="11111000111111111111...]
Compiling architecture lut5_v of entity unisim.LUT5 [\LUT5(init="00110101111111110011...]
Compiling architecture lut6_v of entity unisim.LUT6 [\LUT6(init="10111000101110001011...]
Compiling architecture lut4_v of entity unisim.LUT4 [\LUT4(init="1011101110111000")(0...]
Compiling architecture lut6_v of entity unisim.LUT6 [\LUT6(init="11111111111111111111...]
Compiling architecture lut6_v of entity unisim.LUT6 [\LUT6(init="10101011111110111111...]
Compiling architecture lut4_v of entity unisim.LUT4 [\LUT4(init="1010101111111011")(0...]
Compiling architecture lut5_v of entity unisim.LUT5 [\LUT5(init="10111011101110001000...]
Compiling architecture lut6_v of entity unisim.LUT6 [\LUT6(init="11111101010101010000...]
Compiling architecture lut6_v of entity unisim.LUT6 [\LUT6(init="10101010101010101110...]
Compiling architecture lut5_v of entity unisim.LUT5 [\LUT5(init="10001111111111111000...]
Compiling architecture lut2_v of entity unisim.LUT2 [\LUT2(init="1101")(0,3)\]
Compiling architecture lut6_v of entity unisim.LUT6 [\LUT6(init="11110100111111111111...]
Compiling architecture lut3_v of entity unisim.LUT3 [\LUT3(init="00101010")(0,7)\]
Compiling architecture lut4_v of entity unisim.LUT4 [\LUT4(init="0000000000011011")(0...]
Compiling architecture lut4_v of entity unisim.LUT4 [\LUT4(init="1111111111100100")(0...]
Compiling architecture lut6_v of entity unisim.LUT6 [\LUT6(init="10111000111111111011...]
Compiling architecture lut6_v of entity unisim.LUT6 [\LUT6(init="10001000111110001000...]
Compiling architecture lut6_v of entity unisim.LUT6 [\LUT6(init="10111011101110001011...]
Compiling architecture lut3_v of entity unisim.LUT3 [\LUT3(init="00110101")(0,7)\]
Compiling architecture lut5_v of entity unisim.LUT5 [\LUT5(init="10001000101110001011...]
Compiling architecture lut3_v of entity unisim.LUT3 [\LUT3(init="00111010")(0,7)\]
Compiling architecture lut6_v of entity unisim.LUT6 [\LUT6(init="00000000100011101111...]
Compiling architecture lut6_v of entity unisim.LUT6 [\LUT6(init="11111111000000011111...]
Compiling architecture lut6_v of entity unisim.LUT6 [\LUT6(init="00000000000000000000...]
Compiling architecture lut6_v of entity unisim.LUT6 [\LUT6(init="00001011000000000000...]
Compiling architecture lut6_v of entity unisim.LUT6 [\LUT6(init="00010000000000000001...]
Compiling architecture lut4_v of entity unisim.LUT4 [\LUT4(init="0001011101110111")(0...]
Compiling architecture lut6_v of entity unisim.LUT6 [\LUT6(init="11111111111111111111...]
Compiling architecture lut4_v of entity unisim.LUT4 [\LUT4(init="1111100010000000")(0...]
Compiling architecture lut6_v of entity unisim.LUT6 [\LUT6(init="00000000000000000000...]
Compiling architecture lut6_v of entity unisim.LUT6 [\LUT6(init="11111111111111111111...]
Compiling architecture lut6_v of entity unisim.LUT6 [\LUT6(init="00100000001000000010...]
Compiling architecture lut6_v of entity unisim.LUT6 [\LUT6(init="00000000100010000000...]
Compiling architecture lut5_v of entity unisim.LUT5 [\LUT5(init="00110011011111110000...]
Compiling architecture lut4_v of entity unisim.LUT4 [\LUT4(init="1000111110000000")(0...]
Compiling architecture lut6_v of entity unisim.LUT6 [\LUT6(init="00110011001100000000...]
Compiling architecture lut6_v of entity unisim.LUT6 [\LUT6(init="10111011101110111000...]
Compiling architecture lut6_v of entity unisim.LUT6 [\LUT6(init="00000000000000000001...]
Compiling architecture lut5_v of entity unisim.LUT5 [\LUT5(init="10111010111111110011...]
Compiling architecture lut2_v of entity unisim.LUT2 [\LUT2(init="0100")(0,3)\]
Compiling architecture lut6_v of entity unisim.LUT6 [\LUT6(init="00000000000000000000...]
Compiling architecture lut5_v of entity unisim.LUT5 [\LUT5(init="11110000100010001100...]
Compiling architecture lut5_v of entity unisim.LUT5 [\LUT5(init="11111111111110001111...]
Compiling architecture lut6_v of entity unisim.LUT6 [\LUT6(init="01110100111111110100...]
Compiling architecture lut6_v of entity unisim.LUT6 [\LUT6(init="10101010101110111010...]
Compiling architecture lut4_v of entity unisim.LUT4 [\LUT4(init="0001111101011111")(0...]
Compiling architecture lut6_v of entity unisim.LUT6 [\LUT6(init="00000111000000000000...]
Compiling architecture lut6_v of entity unisim.LUT6 [\LUT6(init="01110111010001110100...]
Compiling architecture lut6_v of entity unisim.LUT6 [\LUT6(init="00011111000100000111...]
Compiling architecture lut6_v of entity unisim.LUT6 [\LUT6(init="11111111111111111111...]
Compiling architecture lut6_v of entity unisim.LUT6 [\LUT6(init="11111111111111110000...]
Compiling architecture lut6_v of entity unisim.LUT6 [\LUT6(init="11111111111111111011...]
Compiling architecture lut6_v of entity unisim.LUT6 [\LUT6(init="00000000000000000000...]
Compiling architecture lut6_v of entity unisim.LUT6 [\LUT6(init="11101111111000001000...]
Compiling architecture lut6_v of entity unisim.LUT6 [\LUT6(init="00010000110100000001...]
Compiling architecture lut6_v of entity unisim.LUT6 [\LUT6(init="10111000101110111011...]
Compiling architecture lut5_v of entity unisim.LUT5 [\LUT5(init="00000000000000000000...]
Compiling architecture lut4_v of entity unisim.LUT4 [\LUT4(init="1110100010001000")(0...]
Compiling architecture lut5_v of entity unisim.LUT5 [\LUT5(init="01000100010001000100...]
Compiling architecture lut6_v of entity unisim.LUT6 [\LUT6(init="11111111101110111100...]
Compiling architecture lut5_v of entity unisim.LUT5 [\LUT5(init="10101010101010101010...]
Compiling architecture lut6_v of entity unisim.LUT6 [\LUT6(init="11111101111111011111...]
Compiling architecture lut3_v of entity unisim.LUT3 [\LUT3(init="11111011")(0,7)\]
Compiling architecture lut5_v of entity unisim.LUT5 [\LUT5(init="11111111111101001111...]
Compiling architecture lut6_v of entity unisim.LUT6 [\LUT6(init="01000100010001000100...]
Compiling architecture lut6_v of entity unisim.LUT6 [\LUT6(init="00100111000000000010...]
Compiling architecture lut6_v of entity unisim.LUT6 [\LUT6(init="10111011101110001111...]
Compiling architecture lut6_v of entity unisim.LUT6 [\LUT6(init="00000000000000000000...]
Compiling architecture lut6_v of entity unisim.LUT6 [\LUT6(init="11111111101100101111...]
Compiling architecture lut4_v of entity unisim.LUT4 [\LUT4(init="0001101111111111")(0...]
Compiling architecture lut6_v of entity unisim.LUT6 [\LUT6(init="10001011100010001000...]
Compiling architecture lut2_v of entity unisim.LUT2 [\LUT2(init="0111")(0,3)\]
Compiling architecture lut6_v of entity unisim.LUT6 [\LUT6(init="01010101011101110101...]
Compiling architecture lut6_v of entity unisim.LUT6 [\LUT6(init="11101111001011111110...]
Compiling architecture lut6_v of entity unisim.LUT6 [\LUT6(init="00110111000000001111...]
Compiling architecture lut6_v of entity unisim.LUT6 [\LUT6(init="11111111111111111111...]
Compiling architecture lut6_v of entity unisim.LUT6 [\LUT6(init="11111110101010101110...]
Compiling architecture lut6_v of entity unisim.LUT6 [\LUT6(init="00000000000000000000...]
Compiling architecture lut4_v of entity unisim.LUT4 [\LUT4(init="0100111100000100")(0...]
Compiling architecture lut6_v of entity unisim.LUT6 [\LUT6(init="11011101000011010000...]
Compiling architecture lut6_v of entity unisim.LUT6 [\LUT6(init="11111111110100001111...]
Compiling architecture lut6_v of entity unisim.LUT6 [\LUT6(init="00101110111111110000...]
Compiling architecture lut6_v of entity unisim.LUT6 [\LUT6(init="01000100010101010100...]
Compiling architecture lut3_v of entity unisim.LUT3 [\LUT3(init="10101000")(0,7)\]
Compiling architecture lut6_v of entity unisim.LUT6 [\LUT6(init="11111111101010101111...]
Compiling architecture lut6_v of entity unisim.LUT6 [\LUT6(init="11111111010011111111...]
Compiling architecture lut4_v of entity unisim.LUT4 [\LUT4(init="0100000011110100")(0...]
Compiling architecture lut4_v of entity unisim.LUT4 [\LUT4(init="1011001010111011")(0...]
Compiling architecture lut6_v of entity unisim.LUT6 [\LUT6(init="11101110111000001110...]
Compiling architecture lut3_v of entity unisim.LUT3 [\LUT3(init="00110111")(0,7)\]
Compiling architecture lut6_v of entity unisim.LUT6 [\LUT6(init="00000110111101100000...]
Compiling architecture lut6_v of entity unisim.LUT6 [\LUT6(init="11111111111111110100...]
Compiling architecture lut4_v of entity unisim.LUT4 [\LUT4(init="0000000000000010")(0...]
Compiling architecture lut2_v of entity unisim.LUT2 [\LUT2(init="1011")(0,3)\]
Compiling architecture lut6_v of entity unisim.LUT6 [\LUT6(init="01000100010001000100...]
Compiling architecture lut6_v of entity unisim.LUT6 [\LUT6(init="11101110100010001110...]
Compiling architecture lut6_v of entity unisim.LUT6 [\LUT6(init="00000000000000000000...]
Compiling architecture lut4_v of entity unisim.LUT4 [\LUT4(init="0000000000001000")(0...]
Compiling architecture lut6_v of entity unisim.LUT6 [\LUT6(init="00000000000000000000...]
Compiling architecture lut4_v of entity unisim.LUT4 [\LUT4(init="1111111111111110")(0...]
Compiling architecture lut4_v of entity unisim.LUT4 [\LUT4(init="0111111111111111")(0...]
Compiling architecture lut3_v of entity unisim.LUT3 [\LUT3(init="00100111")(0,7)\]
Compiling architecture lut3_v of entity unisim.LUT3 [\LUT3(init="10101110")(0,7)\]
Compiling architecture lut6_v of entity unisim.LUT6 [\LUT6(init="00000000101010000000...]
Compiling architecture lut6_v of entity unisim.LUT6 [\LUT6(init="00000000000000000000...]
Compiling architecture lut6_v of entity unisim.LUT6 [\LUT6(init="11111111111111111111...]
Compiling architecture lut3_v of entity unisim.LUT3 [\LUT3(init="10010011")(0,7)\]
Compiling architecture lut2_v of entity unisim.LUT2 [\LUT2(init="1001")(0,3)\]
Compiling architecture lut6_v of entity unisim.LUT6 [\LUT6(init="00000000000000000000...]
Compiling architecture lut3_v of entity unisim.LUT3 [\LUT3(init="01101001")(0,7)\]
Compiling architecture lut6_v of entity unisim.LUT6 [\LUT6(init="10001000100010001100...]
Compiling architecture lut3_v of entity unisim.LUT3 [\LUT3(init="10001101")(0,7)\]
Compiling architecture lut6_v of entity unisim.LUT6 [\LUT6(init="11111111111111111111...]
Compiling architecture lut6_v of entity unisim.LUT6 [\LUT6(init="11111111111111111111...]
Compiling architecture lut6_v of entity unisim.LUT6 [\LUT6(init="11111110101011101111...]
Compiling architecture lut4_v of entity unisim.LUT4 [\LUT4(init="0010000011110010")(0...]
Compiling architecture lut4_v of entity unisim.LUT4 [\LUT4(init="0000000100011111")(0...]
Compiling architecture lut5_v of entity unisim.LUT5 [\LUT5(init="11111111111111110111...]
Compiling architecture lut5_v of entity unisim.LUT5 [\LUT5(init="10111111111111111111...]
Compiling architecture lut4_v of entity unisim.LUT4 [\LUT4(init="1111111110101000")(0...]
Compiling architecture lut4_v of entity unisim.LUT4 [\LUT4(init="0101010100010111")(0...]
Compiling architecture lut6_v of entity unisim.LUT6 [\LUT6(init="11111111111111111111...]
Compiling architecture lut6_v of entity unisim.LUT6 [\LUT6(init="11111111111111111111...]
Compiling architecture lut6_v of entity unisim.LUT6 [\LUT6(init="11111111111111101111...]
Compiling architecture lut6_v of entity unisim.LUT6 [\LUT6(init="11111111111111111111...]
Compiling architecture lut6_v of entity unisim.LUT6 [\LUT6(init="11111111111111111111...]
Compiling architecture lut6_v of entity unisim.LUT6 [\LUT6(init="11111111111111111111...]
Compiling architecture lut4_v of entity unisim.LUT4 [\LUT4(init="1111111101010111")(0...]
Compiling architecture lut6_v of entity unisim.LUT6 [\LUT6(init="11111111111111111111...]
Compiling architecture lut6_v of entity unisim.LUT6 [\LUT6(init="11111110111111111111...]
Compiling architecture lut6_v of entity unisim.LUT6 [\LUT6(init="11111111111111111111...]
Compiling architecture lut6_v of entity unisim.LUT6 [\LUT6(init="10101010101010101010...]
Compiling architecture lut6_v of entity unisim.LUT6 [\LUT6(init="00000000000000000000...]
Compiling architecture lut5_v of entity unisim.LUT5 [\LUT5(init="11111111111111111110...]
Compiling architecture lut6_v of entity unisim.LUT6 [\LUT6(init="11011000100011011101...]
Compiling architecture lut4_v of entity unisim.LUT4 [\LUT4(init="1111100101100000")(0...]
Compiling architecture lut6_v of entity unisim.LUT6 [\LUT6(init="11011000110111011000...]
Compiling architecture lut6_v of entity unisim.LUT6 [\LUT6(init="00000000000000000000...]
Compiling architecture lut6_v of entity unisim.LUT6 [\LUT6(init="11101111000011101111...]
Compiling architecture lut5_v of entity unisim.LUT5 [\LUT5(init="10110010000000001111...]
Compiling architecture lut6_v of entity unisim.LUT6 [\LUT6(init="00000000000000000000...]
Compiling architecture lut6_v of entity unisim.LUT6 [\LUT6(init="10001000100011001000...]
Compiling architecture lut5_v of entity unisim.LUT5 [\LUT5(init="11111111111111111110...]
Compiling architecture fdce_v of entity unisim.FDCE [fdce_default]
Compiling architecture structure of entity xil_defaultlib.\enflopr__parameterized2\ [\enflopr__parameterized2_default...]
Compiling architecture structure of entity xil_defaultlib.wallDtoE [walldtoe_default]
Compiling architecture lut6_v of entity unisim.LUT6 [\LUT6(init="10111111111111111111...]
Compiling architecture structure of entity xil_defaultlib.flopr [flopr_default]
Compiling architecture structure of entity xil_defaultlib.wallEtoM [walletom_default]
Compiling architecture lut3_v of entity unisim.LUT3 [\LUT3(init="01010111")(0,7)\]
Compiling architecture lut6_v of entity unisim.LUT6 [\LUT6(init="00000000000000000000...]
Compiling architecture lut3_v of entity unisim.LUT3 [\LUT3(init="00000001")(0,7)\]
Compiling architecture lut6_v of entity unisim.LUT6 [\LUT6(init="00000000000000000000...]
Compiling architecture lut5_v of entity unisim.LUT5 [\LUT5(init="00000000000000001111...]
Compiling architecture lut6_v of entity unisim.LUT6 [\LUT6(init="00001010100000000000...]
Compiling architecture lut6_v of entity unisim.LUT6 [\LUT6(init="00000000000000000000...]
Compiling architecture lut6_v of entity unisim.LUT6 [\LUT6(init="00000000000000000000...]
Compiling architecture lut3_v of entity unisim.LUT3 [\LUT3(init="00001000")(0,7)\]
Compiling architecture lut6_v of entity unisim.LUT6 [\LUT6(init="00001000000000000000...]
Compiling architecture lut6_v of entity unisim.LUT6 [\LUT6(init="00000000000010000000...]
Compiling architecture lut6_v of entity unisim.LUT6 [\LUT6(init="00000000000000000000...]
Compiling architecture lut5_v of entity unisim.LUT5 [\LUT5(init="00000000000000001110...]
Compiling architecture lut6_v of entity unisim.LUT6 [\LUT6(init="00000000000000000000...]
Compiling architecture lut6_v of entity unisim.LUT6 [\LUT6(init="00000000000000000000...]
Compiling architecture lut6_v of entity unisim.LUT6 [\LUT6(init="00000000000000000000...]
Compiling architecture lut6_v of entity unisim.LUT6 [\LUT6(init="00000000000000000000...]
Compiling architecture lut5_v of entity unisim.LUT5 [\LUT5(init="00000000000000000100...]
Compiling architecture lut5_v of entity unisim.LUT5 [\LUT5(init="11111010111110100001...]
Compiling architecture lut6_v of entity unisim.LUT6 [\LUT6(init="00000000001100110000...]
Compiling architecture lut6_v of entity unisim.LUT6 [\LUT6(init="00000000000000000000...]
Compiling architecture lut6_v of entity unisim.LUT6 [\LUT6(init="00000000000000000000...]
Compiling architecture lut6_v of entity unisim.LUT6 [\LUT6(init="00000000000000001000...]
Compiling architecture lut6_v of entity unisim.LUT6 [\LUT6(init="00000000000000000000...]
Compiling architecture lut6_v of entity unisim.LUT6 [\LUT6(init="00000000000000000000...]
Compiling architecture lut3_v of entity unisim.LUT3 [\LUT3(init="00000100")(0,7)\]
Compiling architecture lut6_v of entity unisim.LUT6 [\LUT6(init="00000000000000000000...]
Compiling architecture lut6_v of entity unisim.LUT6 [\LUT6(init="00000000000000000000...]
Compiling architecture lut6_v of entity unisim.LUT6 [\LUT6(init="00000000000000000100...]
Compiling architecture lut5_v of entity unisim.LUT5 [\LUT5(init="00000000000000000010...]
Compiling architecture lut4_v of entity unisim.LUT4 [\LUT4(init="0000000000101010")(0...]
Compiling architecture lut6_v of entity unisim.LUT6 [\LUT6(init="00000000000000000001...]
Compiling architecture lut6_v of entity unisim.LUT6 [\LUT6(init="00000000000000000000...]
Compiling architecture lut3_v of entity unisim.LUT3 [\LUT3(init="00010000")(0,7)\]
Compiling architecture lut5_v of entity unisim.LUT5 [\LUT5(init="00000000000000000000...]
Compiling architecture structure of entity xil_defaultlib.enflopr_19 [enflopr_19_default]
Compiling architecture structure of entity xil_defaultlib.enflopr_20 [enflopr_20_default]
Compiling architecture structure of entity xil_defaultlib.enflopr_21 [enflopr_21_default]
Compiling architecture structure of entity xil_defaultlib.wallFtoD [wallftod_default]
Compiling architecture lut6_v of entity unisim.LUT6 [\LUT6(init="00000000000000000000...]
Compiling architecture lut6_v of entity unisim.LUT6 [\LUT6(init="00000000000000000000...]
Compiling architecture lut6_v of entity unisim.LUT6 [\LUT6(init="00000000000000000000...]
Compiling architecture lut6_v of entity unisim.LUT6 [\LUT6(init="00000000000000000000...]
Compiling architecture lut6_v of entity unisim.LUT6 [\LUT6(init="11110000111111111010...]
Compiling architecture lut5_v of entity unisim.LUT5 [\LUT5(init="11111110111111110001...]
Compiling architecture lut6_v of entity unisim.LUT6 [\LUT6(init="11101111111010101111...]
Compiling architecture structure of entity xil_defaultlib.\flopr__parameterized1\ [\flopr__parameterized1_default\]
Compiling architecture structure of entity xil_defaultlib.wallMtoW [wallmtow_default]
Compiling architecture lut5_v of entity unisim.LUT5 [\LUT5(init="01110010100011011000...]
Compiling architecture lut6_v of entity unisim.LUT6 [\LUT6(init="00000000111000101111...]
Compiling architecture structure of entity xil_defaultlib.divider [divider_default]
Compiling architecture dsp48e1_v of entity unisim.DSP48E1 [\DSP48E1(acascreg=0,alumodereg=0...]
Compiling architecture dsp48e1_v of entity unisim.DSP48E1 [\DSP48E1(acascreg=0,alumodereg=0...]
Compiling architecture lut6_v of entity unisim.LUT6 [\LUT6(init="00001111010101010000...]
Compiling architecture lut6_v of entity unisim.LUT6 [\LUT6(init="11110000111111111100...]
Compiling architecture lut6_v of entity unisim.LUT6 [\LUT6(init="11111111101010101111...]
Compiling architecture lut6_v of entity unisim.LUT6 [\LUT6(init="11111111110011001111...]
Compiling architecture lut6_v of entity unisim.LUT6 [\LUT6(init="10101010110011001111...]
Compiling architecture lut6_v of entity unisim.LUT6 [\LUT6(init="10101010110011001111...]
Compiling architecture lut6_v of entity unisim.LUT6 [\LUT6(init="11001100101010101111...]
Compiling architecture lut6_v of entity unisim.LUT6 [\LUT6(init="11001100101010101111...]
Compiling architecture structure of entity xil_defaultlib.multiplier [multiplier_default]
Compiling architecture lut3_v of entity unisim.LUT3 [\LUT3(init="11000110")(0,7)\]
Compiling architecture lut6_v of entity unisim.LUT6 [\LUT6(init="00101111001000000010...]
Compiling architecture lut5_v of entity unisim.LUT5 [\LUT5(init="11010010111100001110...]
Compiling architecture lut5_v of entity unisim.LUT5 [\LUT5(init="11001001100110011001...]
Compiling architecture lut4_v of entity unisim.LUT4 [\LUT4(init="1110000110110100")(0...]
Compiling architecture lut4_v of entity unisim.LUT4 [\LUT4(init="1011010011100001")(0...]
Compiling architecture lut6_v of entity unisim.LUT6 [\LUT6(init="11111011101110100000...]
Compiling architecture lut6_v of entity unisim.LUT6 [\LUT6(init="11101010111111100001...]
Compiling architecture lut3_v of entity unisim.LUT3 [\LUT3(init="00101101")(0,7)\]
Compiling architecture lut5_v of entity unisim.LUT5 [\LUT5(init="00000000111111111001...]
Compiling architecture lut6_v of entity unisim.LUT6 [\LUT6(init="11101111101011100001...]
Compiling architecture lut4_v of entity unisim.LUT4 [\LUT4(init="0001111001001011")(0...]
Compiling architecture lut6_v of entity unisim.LUT6 [\LUT6(init="00010000010100011110...]
Compiling architecture lut6_v of entity unisim.LUT6 [\LUT6(init="00000100010001011111...]
Compiling architecture lut6_v of entity unisim.LUT6 [\LUT6(init="10101011111111110101...]
Compiling architecture lut6_v of entity unisim.LUT6 [\LUT6(init="11111111111010100000...]
Compiling architecture lut5_v of entity unisim.LUT5 [\LUT5(init="10101010101010101000...]
Compiling architecture lut5_v of entity unisim.LUT5 [\LUT5(init="00000000000011101110...]
Compiling architecture lut5_v of entity unisim.LUT5 [\LUT5(init="00000000011100010111...]
Compiling architecture lut4_v of entity unisim.LUT4 [\LUT4(init="1101110100001101")(0...]
Compiling architecture lut5_v of entity unisim.LUT5 [\LUT5(init="10101010101010101000...]
Compiling architecture lut5_v of entity unisim.LUT5 [\LUT5(init="10101000101010001010...]
Compiling architecture lut4_v of entity unisim.LUT4 [\LUT4(init="0100101100011110")(0...]
Compiling architecture lut6_v of entity unisim.LUT6 [\LUT6(init="11111111111010000000...]
Compiling architecture lut6_v of entity unisim.LUT6 [\LUT6(init="11111111000011011111...]
Compiling architecture lut6_v of entity unisim.LUT6 [\LUT6(init="11101111000011101111...]
Compiling architecture lut3_v of entity unisim.LUT3 [\LUT3(init="11110001")(0,7)\]
Compiling architecture lut6_v of entity unisim.LUT6 [\LUT6(init="11111111111100001111...]
Compiling architecture lut3_v of entity unisim.LUT3 [\LUT3(init="11100000")(0,7)\]
Compiling architecture lut6_v of entity unisim.LUT6 [\LUT6(init="00000000000011110000...]
Compiling architecture lut4_v of entity unisim.LUT4 [\LUT4(init="1110111011100000")(0...]
Compiling architecture lut4_v of entity unisim.LUT4 [\LUT4(init="0001000100011111")(0...]
Compiling architecture lut6_v of entity unisim.LUT6 [\LUT6(init="00010001000111110001...]
Compiling architecture lut4_v of entity unisim.LUT4 [\LUT4(init="0000011101110111")(0...]
Compiling architecture lut6_v of entity unisim.LUT6 [\LUT6(init="01010001000000001010...]
Compiling architecture lut6_v of entity unisim.LUT6 [\LUT6(init="11111110101010100000...]
Compiling architecture lut6_v of entity unisim.LUT6 [\LUT6(init="01010101000001001010...]
Compiling architecture lut6_v of entity unisim.LUT6 [\LUT6(init="11111111101011100000...]
Compiling architecture lut4_v of entity unisim.LUT4 [\LUT4(init="0100111101000100")(0...]
Compiling architecture lut5_v of entity unisim.LUT5 [\LUT5(init="11111111111010001110...]
Compiling architecture lut6_v of entity unisim.LUT6 [\LUT6(init="01000000010101001011...]
Compiling architecture lut6_v of entity unisim.LUT6 [\LUT6(init="01010001000100001010...]
Compiling architecture lut6_v of entity unisim.LUT6 [\LUT6(init="11111110111010100000...]
Compiling architecture lut5_v of entity unisim.LUT5 [\LUT5(init="11010100111111110000...]
Compiling architecture lut5_v of entity unisim.LUT5 [\LUT5(init="11111111111010001110...]
Compiling architecture lut6_v of entity unisim.LUT6 [\LUT6(init="01010101000100001010...]
Compiling architecture lut6_v of entity unisim.LUT6 [\LUT6(init="11111111101110100000...]
Compiling architecture lut3_v of entity unisim.LUT3 [\LUT3(init="01001111")(0,7)\]
Compiling architecture lut6_v of entity unisim.LUT6 [\LUT6(init="11111111111111111111...]
Compiling architecture lut6_v of entity unisim.LUT6 [\LUT6(init="00010000111100010000...]
Compiling architecture lut3_v of entity unisim.LUT3 [\LUT3(init="00011111")(0,7)\]
Compiling architecture lut6_v of entity unisim.LUT6 [\LUT6(init="11111111111000001111...]
Compiling architecture lut6_v of entity unisim.LUT6 [\LUT6(init="11111111111111111111...]
Compiling architecture lut6_v of entity unisim.LUT6 [\LUT6(init="01001111000001000000...]
Compiling architecture lut6_v of entity unisim.LUT6 [\LUT6(init="10100010000000001010...]
Compiling architecture lut6_v of entity unisim.LUT6 [\LUT6(init="10111010111110110100...]
Compiling architecture lut6_v of entity unisim.LUT6 [\LUT6(init="10101010101010101010...]
Compiling architecture lut6_v of entity unisim.LUT6 [\LUT6(init="10101010101010101010...]
Compiling architecture lut6_v of entity unisim.LUT6 [\LUT6(init="10101110101010101111...]
Compiling architecture lut6_v of entity unisim.LUT6 [\LUT6(init="11111111111111111010...]
Compiling architecture lut6_v of entity unisim.LUT6 [\LUT6(init="10111011000010111011...]
Compiling architecture lut6_v of entity unisim.LUT6 [\LUT6(init="11010100110111011101...]
Compiling architecture lut5_v of entity unisim.LUT5 [\LUT5(init="11101110111010001110...]
Compiling architecture lut6_v of entity unisim.LUT6 [\LUT6(init="10111011101010110100...]
Compiling architecture lut6_v of entity unisim.LUT6 [\LUT6(init="10111011101110111011...]
Compiling architecture lut4_v of entity unisim.LUT4 [\LUT4(init="0011001110010110")(0...]
Compiling architecture lut6_v of entity unisim.LUT6 [\LUT6(init="11111111111111111111...]
Compiling architecture lut6_v of entity unisim.LUT6 [\LUT6(init="00000000101000100000...]
Compiling architecture lut6_v of entity unisim.LUT6 [\LUT6(init="11111111111111111111...]
Compiling architecture lut4_v of entity unisim.LUT4 [\LUT4(init="1011000010111011")(0...]
Compiling architecture lut6_v of entity unisim.LUT6 [\LUT6(init="00010000111100010000...]
Compiling architecture lut4_v of entity unisim.LUT4 [\LUT4(init="0011011001100011")(0...]
Compiling architecture lut4_v of entity unisim.LUT4 [\LUT4(init="1001110011001001")(0...]
Compiling architecture lut6_v of entity unisim.LUT6 [\LUT6(init="00110011001100110011...]
Compiling architecture lut6_v of entity unisim.LUT6 [\LUT6(init="11001100110011001100...]
Compiling architecture lut6_v of entity unisim.LUT6 [\LUT6(init="00000000101111110000...]
Compiling architecture lut4_v of entity unisim.LUT4 [\LUT4(init="1101000000001101")(0...]
Compiling architecture lut3_v of entity unisim.LUT3 [\LUT3(init="00010111")(0,7)\]
Compiling architecture lut4_v of entity unisim.LUT4 [\LUT4(init="0000011101110000")(0...]
Compiling architecture lut6_v of entity unisim.LUT6 [\LUT6(init="11011101100010001101...]
Compiling architecture structure of entity xil_defaultlib.remainder [remainder_default]
Compiling architecture structure of entity xil_defaultlib.alu [alu_default]
Compiling architecture structure of entity xil_defaultlib.adder [adder_default]
Compiling architecture structure of entity xil_defaultlib.adder_18 [adder_18_default]
Compiling architecture lut5_v of entity unisim.LUT5 [\LUT5(init="00010000000100000001...]
Compiling architecture lut6_v of entity unisim.LUT6 [\LUT6(init="00011111111111110001...]
Compiling architecture lut6_v of entity unisim.LUT6 [\LUT6(init="11111111111111111111...]
Compiling architecture lut6_v of entity unisim.LUT6 [\LUT6(init="00000000000000000100...]
Compiling architecture lut6_v of entity unisim.LUT6 [\LUT6(init="10111011101110001011...]
Compiling architecture lut6_v of entity unisim.LUT6 [\LUT6(init="10001011100010111000...]
Compiling architecture lut6_v of entity unisim.LUT6 [\LUT6(init="10001000100010111011...]
Compiling architecture lut5_v of entity unisim.LUT5 [\LUT5(init="10101010101000100000...]
Compiling architecture lut6_v of entity unisim.LUT6 [\LUT6(init="00000000000000000000...]
Compiling architecture lut6_v of entity unisim.LUT6 [\LUT6(init="11111111111111111111...]
Compiling architecture lut5_v of entity unisim.LUT5 [\LUT5(init="00000000000000000000...]
Compiling architecture lut6_v of entity unisim.LUT6 [\LUT6(init="11111111111111111111...]
Compiling architecture lut5_v of entity unisim.LUT5 [\LUT5(init="00000000000000000000...]
Compiling architecture lut3_v of entity unisim.LUT3 [\LUT3(init="11000101")(0,7)\]
Compiling architecture structure of entity xil_defaultlib.enflopr [enflopr_default]
Compiling architecture fdce_v of entity unisim.FDCE [\FDCE(is_c_inverted='1')\]
Compiling architecture lut5_v of entity unisim.LUT5 [\LUT5(init="10101111110000001010...]
Compiling architecture structure of entity xil_defaultlib.regfile [regfile_default]
Compiling architecture structure of entity xil_defaultlib.datapath_struct_write_on_neg_edge [datapath_struct_write_on_neg_edg...]
Compiling architecture structure of entity xil_defaultlib.riscvpipeline_struct_neg [riscvpipeline_struct_neg_default]
Compiling architecture lut4_v of entity unisim.LUT4 [\LUT4(init="1110111100000000")(0...]
Compiling architecture lut4_v of entity unisim.LUT4 [\LUT4(init="0001111111100000")(0...]
Compiling architecture lut4_v of entity unisim.LUT4 [\LUT4(init="1100111100100000")(0...]
Compiling architecture lut3_v of entity unisim.LUT3 [\LUT3(init="01101010")(0,7)\]
Compiling architecture lut4_v of entity unisim.LUT4 [\LUT4(init="0110101010101010")(0...]
Compiling architecture lut5_v of entity unisim.LUT5 [\LUT5(init="01101010101010101010...]
Compiling architecture lut6_v of entity unisim.LUT6 [\LUT6(init="01111111111111111111...]
Compiling architecture lut6_v of entity unisim.LUT6 [\LUT6(init="01101010101010101010...]
Compiling architecture lut5_v of entity unisim.LUT5 [\LUT5(init="10000000000000000000...]
Compiling architecture lut6_v of entity unisim.LUT6 [\LUT6(init="00000001000000010000...]
Compiling architecture lut6_v of entity unisim.LUT6 [\LUT6(init="11101111111011111110...]
Compiling architecture lut5_v of entity unisim.LUT5 [\LUT5(init="00001010000010101000...]
Compiling architecture lut6_v of entity unisim.LUT6 [\LUT6(init="11111111111111111111...]
Compiling architecture lut5_v of entity unisim.LUT5 [\LUT5(init="11111111000000000111...]
Compiling architecture lut6_v of entity unisim.LUT6 [\LUT6(init="11011101110111011101...]
Compiling architecture lut6_v of entity unisim.LUT6 [\LUT6(init="01010101010101010101...]
Compiling architecture lut5_v of entity unisim.LUT5 [\LUT5(init="01100000011011110110...]
Compiling architecture lut5_v of entity unisim.LUT5 [\LUT5(init="10011111100100001001...]
Compiling architecture lut6_v of entity unisim.LUT6 [\LUT6(init="00000100111111111111...]
Compiling architecture lut5_v of entity unisim.LUT5 [\LUT5(init="01010101011101011111...]
Compiling architecture lut6_v of entity unisim.LUT6 [\LUT6(init="00110011110100111111...]
Compiling architecture lut5_v of entity unisim.LUT5 [\LUT5(init="01010101101101011111...]
Compiling architecture lut4_v of entity unisim.LUT4 [\LUT4(init="0111100010000111")(0...]
Compiling architecture lut4_v of entity unisim.LUT4 [\LUT4(init="0101010101011101")(0...]
Compiling architecture lut4_v of entity unisim.LUT4 [\LUT4(init="0101010110110101")(0...]
Compiling architecture lut4_v of entity unisim.LUT4 [\LUT4(init="0110001101110011")(0...]
Compiling architecture lut4_v of entity unisim.LUT4 [\LUT4(init="1011010001001011")(0...]
Compiling architecture lut6_v of entity unisim.LUT6 [\LUT6(init="00000000000000000001...]
Compiling architecture lut6_v of entity unisim.LUT6 [\LUT6(init="11111111111111111111...]
Compiling architecture lut6_v of entity unisim.LUT6 [\LUT6(init="11111111111111110001...]
Compiling architecture lut5_v of entity unisim.LUT5 [\LUT5(init="10111111111111010100...]
Compiling architecture lut6_v of entity unisim.LUT6 [\LUT6(init="00000000000000000000...]
Compiling architecture lut5_v of entity unisim.LUT5 [\LUT5(init="01100110011001110111...]
Compiling architecture lut6_v of entity unisim.LUT6 [\LUT6(init="00000101111101010000...]
Compiling architecture lut6_v of entity unisim.LUT6 [\LUT6(init="10111011100010111011...]
Compiling architecture lut5_v of entity unisim.LUT5 [\LUT5(init="10101000111111111010...]
Compiling architecture lut4_v of entity unisim.LUT4 [\LUT4(init="1000100010000000")(0...]
Compiling architecture lut6_v of entity unisim.LUT6 [\LUT6(init="00000000111111110000...]
Compiling architecture lut4_v of entity unisim.LUT4 [\LUT4(init="1010101111111111")(0...]
Compiling architecture lut6_v of entity unisim.LUT6 [\LUT6(init="00000000000000000000...]
Compiling architecture lut4_v of entity unisim.LUT4 [\LUT4(init="1110000100011110")(0...]
Compiling architecture lut4_v of entity unisim.LUT4 [\LUT4(init="0001111011100001")(0...]
Compiling architecture lut6_v of entity unisim.LUT6 [\LUT6(init="00000000010001010000...]
Compiling architecture lut6_v of entity unisim.LUT6 [\LUT6(init="11111111111111111111...]
Compiling architecture lut5_v of entity unisim.LUT5 [\LUT5(init="00110000001111110101...]
Compiling architecture lut5_v of entity unisim.LUT5 [\LUT5(init="10100101010110101001...]
Compiling architecture lut6_v of entity unisim.LUT6 [\LUT6(init="01010101010101010101...]
Compiling architecture lut6_v of entity unisim.LUT6 [\LUT6(init="10101010101010101111...]
Compiling architecture lut5_v of entity unisim.LUT5 [\LUT5(init="10101010101010110101...]
Compiling architecture lut6_v of entity unisim.LUT6 [\LUT6(init="00000001000100000111...]
Compiling architecture lut6_v of entity unisim.LUT6 [\LUT6(init="01010101010101011101...]
Compiling architecture lut6_v of entity unisim.LUT6 [\LUT6(init="10111011101110111011...]
Compiling architecture lut3_v of entity unisim.LUT3 [\LUT3(init="00000010")(0,7)\]
Compiling architecture rb18_internal_vhdl_v of entity unisim.RB18_INTERNAL_VHDL [\RB18_INTERNAL_VHDL(bram_size=18...]
Compiling architecture ramb18e1_v of entity unisim.RAMB18E1 [\RAMB18E1(init_00="0000000000000...]
Compiling architecture lut6_v of entity unisim.LUT6 [\LUT6(init="00000000000000000000...]
Compiling architecture lut5_v of entity unisim.LUT5 [\LUT5(init="11111010110000000000...]
Compiling architecture lut6_v of entity unisim.LUT6 [\LUT6(init="00001111010101010011...]
Compiling architecture structure of entity xil_defaultlib.Font_Rom_17 [font_rom_17_default]
Compiling architecture lut4_v of entity unisim.LUT4 [\LUT4(init="0000000000100000")(0...]
Compiling architecture structure of entity xil_defaultlib.Pixel_On_Text [pixel_on_text_default]
Compiling architecture lut4_v of entity unisim.LUT4 [\LUT4(init="0000000101010001")(0...]
Compiling architecture lut6_v of entity unisim.LUT6 [\LUT6(init="10111011101110111011...]
Compiling architecture lut6_v of entity unisim.LUT6 [\LUT6(init="11110000111111111111...]
Compiling architecture lut6_v of entity unisim.LUT6 [\LUT6(init="00001000001000000010...]
Compiling architecture lut5_v of entity unisim.LUT5 [\LUT5(init="10111000101110001011...]
Compiling architecture lut6_v of entity unisim.LUT6 [\LUT6(init="00000000000000000000...]
Compiling architecture lut6_v of entity unisim.LUT6 [\LUT6(init="11111111111111111011...]
Compiling architecture lut6_v of entity unisim.LUT6 [\LUT6(init="01100111011001110110...]
Compiling architecture lut5_v of entity unisim.LUT5 [\LUT5(init="10001011101110111000...]
Compiling architecture lut6_v of entity unisim.LUT6 [\LUT6(init="11111101111111111111...]
Compiling architecture lut5_v of entity unisim.LUT5 [\LUT5(init="10100101010110101001...]
Compiling architecture lut6_v of entity unisim.LUT6 [\LUT6(init="10100000101000001100...]
Compiling architecture lut5_v of entity unisim.LUT5 [\LUT5(init="01111111111111101000...]
Compiling architecture lut5_v of entity unisim.LUT5 [\LUT5(init="10111011101110111011...]
Compiling architecture lut5_v of entity unisim.LUT5 [\LUT5(init="01010101010101001010...]
Compiling architecture lut6_v of entity unisim.LUT6 [\LUT6(init="10101010111110101111...]
Compiling architecture lut6_v of entity unisim.LUT6 [\LUT6(init="00010001000100010001...]
Compiling architecture lut3_v of entity unisim.LUT3 [\LUT3(init="11010000")(0,7)\]
Compiling architecture lut6_v of entity unisim.LUT6 [\LUT6(init="11111111111111111111...]
Compiling architecture lut6_v of entity unisim.LUT6 [\LUT6(init="10101010101010100010...]
Compiling architecture lut6_v of entity unisim.LUT6 [\LUT6(init="10101010101010101111...]
Compiling architecture lut5_v of entity unisim.LUT5 [\LUT5(init="00000110111101101111...]
Compiling architecture lut6_v of entity unisim.LUT6 [\LUT6(init="00000000000000000000...]
Compiling architecture lut6_v of entity unisim.LUT6 [\LUT6(init="00000000111111011111...]
Compiling architecture lut6_v of entity unisim.LUT6 [\LUT6(init="01010101010111011111...]
Compiling architecture lut5_v of entity unisim.LUT5 [\LUT5(init="10111110101110111011...]
Compiling architecture lut6_v of entity unisim.LUT6 [\LUT6(init="01100011011100111111...]
Compiling architecture lut6_v of entity unisim.LUT6 [\LUT6(init="00001100111101111111...]
Compiling architecture lut6_v of entity unisim.LUT6 [\LUT6(init="01010101101101011111...]
Compiling architecture lut4_v of entity unisim.LUT4 [\LUT4(init="0000010011111111")(0...]
Compiling architecture lut4_v of entity unisim.LUT4 [\LUT4(init="0011001111010011")(0...]
Compiling architecture lut5_v of entity unisim.LUT5 [\LUT5(init="11111111101110000000...]
Compiling architecture lut6_v of entity unisim.LUT6 [\LUT6(init="00000001000000010000...]
Compiling architecture lut6_v of entity unisim.LUT6 [\LUT6(init="11111110111111101111...]
Compiling architecture lut6_v of entity unisim.LUT6 [\LUT6(init="11111111111111111111...]
Compiling architecture lut5_v of entity unisim.LUT5 [\LUT5(init="11111111111100100000...]
Compiling architecture structure of entity xil_defaultlib.Pixel_On_Text_0 [pixel_on_text_0_default]
Compiling architecture rb18_internal_vhdl_v of entity unisim.RB18_INTERNAL_VHDL [\RB18_INTERNAL_VHDL(bram_size=18...]
Compiling architecture ramb18e1_v of entity unisim.RAMB18E1 [\RAMB18E1(init_00="0000000000000...]
Compiling architecture lut6_v of entity unisim.LUT6 [\LUT6(init="01000001010000010100...]
Compiling architecture lut6_v of entity unisim.LUT6 [\LUT6(init="00100000001000001111...]
Compiling architecture lut6_v of entity unisim.LUT6 [\LUT6(init="00000000111011100000...]
Compiling architecture lut6_v of entity unisim.LUT6 [\LUT6(init="11111110111111111010...]
Compiling architecture lut6_v of entity unisim.LUT6 [\LUT6(init="00000000000000000000...]
Compiling architecture lut6_v of entity unisim.LUT6 [\LUT6(init="00000000111011100000...]
Compiling architecture lut6_v of entity unisim.LUT6 [\LUT6(init="11111010111111111010...]
Compiling architecture lut5_v of entity unisim.LUT5 [\LUT5(init="00000010101000100000...]
Compiling architecture lut5_v of entity unisim.LUT5 [\LUT5(init="11001111001000000000...]
Compiling architecture lut6_v of entity unisim.LUT6 [\LUT6(init="10101011111111111111...]
Compiling architecture lut6_v of entity unisim.LUT6 [\LUT6(init="00011000000110000001...]
Compiling architecture lut6_v of entity unisim.LUT6 [\LUT6(init="11111111111111111111...]
Compiling architecture lut6_v of entity unisim.LUT6 [\LUT6(init="10111111101111111011...]
Compiling architecture lut6_v of entity unisim.LUT6 [\LUT6(init="11111111000111110000...]
Compiling architecture lut4_v of entity unisim.LUT4 [\LUT4(init="0000001010100010")(0...]
Compiling architecture lut6_v of entity unisim.LUT6 [\LUT6(init="00000010101000101111...]
Compiling architecture lut6_v of entity unisim.LUT6 [\LUT6(init="00000000000000000000...]
Compiling architecture lut5_v of entity unisim.LUT5 [\LUT5(init="11111111000000000000...]
Compiling architecture lut6_v of entity unisim.LUT6 [\LUT6(init="11111111100000001000...]
Compiling architecture lut4_v of entity unisim.LUT4 [\LUT4(init="0010001000101010")(0...]
Compiling architecture lut6_v of entity unisim.LUT6 [\LUT6(init="11111111101100001111...]
Compiling architecture lut6_v of entity unisim.LUT6 [\LUT6(init="10001000100010001000...]
Compiling architecture lut6_v of entity unisim.LUT6 [\LUT6(init="00100100001001000010...]
Compiling architecture lut6_v of entity unisim.LUT6 [\LUT6(init="11111111111111111111...]
Compiling architecture lut3_v of entity unisim.LUT3 [\LUT3(init="00100011")(0,7)\]
Compiling architecture lut6_v of entity unisim.LUT6 [\LUT6(init="11111111111111111111...]
Compiling architecture lut5_v of entity unisim.LUT5 [\LUT5(init="00000010101000101111...]
Compiling architecture lut5_v of entity unisim.LUT5 [\LUT5(init="00101000001010000010...]
Compiling architecture lut5_v of entity unisim.LUT5 [\LUT5(init="10001000100010001000...]
Compiling architecture lut5_v of entity unisim.LUT5 [\LUT5(init="10001000001010001000...]
Compiling architecture lut6_v of entity unisim.LUT6 [\LUT6(init="00010001000100010001...]
Compiling architecture lut4_v of entity unisim.LUT4 [\LUT4(init="1010101101010100")(0...]
Compiling architecture lut6_v of entity unisim.LUT6 [\LUT6(init="00000000000000001000...]
Compiling architecture lut6_v of entity unisim.LUT6 [\LUT6(init="00101110001000100010...]
Compiling architecture lut6_v of entity unisim.LUT6 [\LUT6(init="00000000000000000011...]
Compiling architecture lut6_v of entity unisim.LUT6 [\LUT6(init="00100000001000000011...]
Compiling architecture lut5_v of entity unisim.LUT5 [\LUT5(init="10000000000000010111...]
Compiling architecture lut6_v of entity unisim.LUT6 [\LUT6(init="11101111111011111110...]
Compiling architecture lut5_v of entity unisim.LUT5 [\LUT5(init="01011010101001010110...]
Compiling architecture lut6_v of entity unisim.LUT6 [\LUT6(init="10100000101000001100...]
Compiling architecture lut6_v of entity unisim.LUT6 [\LUT6(init="10100010000000100000...]
Compiling architecture lut6_v of entity unisim.LUT6 [\LUT6(init="11111110111011111111...]
Compiling architecture lut6_v of entity unisim.LUT6 [\LUT6(init="00000000000000000000...]
Compiling architecture lut6_v of entity unisim.LUT6 [\LUT6(init="11111100111111111111...]
Compiling architecture lut5_v of entity unisim.LUT5 [\LUT5(init="00000001000000000000...]
Compiling architecture lut6_v of entity unisim.LUT6 [\LUT6(init="01111111010111111111...]
Compiling architecture lut6_v of entity unisim.LUT6 [\LUT6(init="00000000000000000000...]
Compiling architecture lut6_v of entity unisim.LUT6 [\LUT6(init="10101011101110111010...]
Compiling architecture lut6_v of entity unisim.LUT6 [\LUT6(init="10111000100010000000...]
Compiling architecture lut6_v of entity unisim.LUT6 [\LUT6(init="11101111111011111110...]
Compiling architecture lut6_v of entity unisim.LUT6 [\LUT6(init="01010001010100010101...]
Compiling architecture lut6_v of entity unisim.LUT6 [\LUT6(init="11011111111111111000...]
Compiling architecture lut6_v of entity unisim.LUT6 [\LUT6(init="01000100010001000100...]
Compiling architecture lut6_v of entity unisim.LUT6 [\LUT6(init="01010111111111111111...]
Compiling architecture lut6_v of entity unisim.LUT6 [\LUT6(init="00000000101100000000...]
Compiling architecture lut6_v of entity unisim.LUT6 [\LUT6(init="01000100010001000100...]
Compiling architecture lut6_v of entity unisim.LUT6 [\LUT6(init="01010101010101010000...]
Compiling architecture lut6_v of entity unisim.LUT6 [\LUT6(init="01011111010011110101...]
Compiling architecture lut6_v of entity unisim.LUT6 [\LUT6(init="11101110111011101110...]
Compiling architecture lut5_v of entity unisim.LUT5 [\LUT5(init="10111011101110111011...]
Compiling architecture lut6_v of entity unisim.LUT6 [\LUT6(init="11101111000000001111...]
Compiling architecture lut6_v of entity unisim.LUT6 [\LUT6(init="11011111110111111111...]
Compiling architecture lut4_v of entity unisim.LUT4 [\LUT4(init="0100101101000100")(0...]
Compiling architecture lut5_v of entity unisim.LUT5 [\LUT5(init="11101011111010111110...]
Compiling architecture lut6_v of entity unisim.LUT6 [\LUT6(init="11111010110010101111...]
Compiling architecture lut6_v of entity unisim.LUT6 [\LUT6(init="01101001010110100110...]
Compiling architecture lut6_v of entity unisim.LUT6 [\LUT6(init="11010111110111111101...]
Compiling architecture lut5_v of entity unisim.LUT5 [\LUT5(init="10101010101011101010...]
Compiling architecture lut5_v of entity unisim.LUT5 [\LUT5(init="00110010111111111100...]
Compiling architecture lut6_v of entity unisim.LUT6 [\LUT6(init="11111111000100000000...]
Compiling architecture lut6_v of entity unisim.LUT6 [\LUT6(init="11111111010101111111...]
Compiling architecture lut6_v of entity unisim.LUT6 [\LUT6(init="11101110111011101110...]
Compiling architecture lut6_v of entity unisim.LUT6 [\LUT6(init="11111111111111111111...]
Compiling architecture lut6_v of entity unisim.LUT6 [\LUT6(init="11111101110111011111...]
Compiling architecture lut6_v of entity unisim.LUT6 [\LUT6(init="00000000000000001010...]
Compiling architecture lut6_v of entity unisim.LUT6 [\LUT6(init="10100010101000101010...]
Compiling architecture lut6_v of entity unisim.LUT6 [\LUT6(init="11110111110101011110...]
Compiling architecture lut5_v of entity unisim.LUT5 [\LUT5(init="00000000000000000000...]
Compiling architecture lut5_v of entity unisim.LUT5 [\LUT5(init="00010001000101001101...]
Compiling architecture structure of entity xil_defaultlib.Font_Rom_16 [font_rom_16_default]
Compiling architecture lut4_v of entity unisim.LUT4 [\LUT4(init="0001000000000000")(0...]
Compiling architecture structure of entity xil_defaultlib.Pixel_On_Text_1 [pixel_on_text_1_default]
Compiling architecture lut4_v of entity unisim.LUT4 [\LUT4(init="1011100010111011")(0...]
Compiling architecture lut5_v of entity unisim.LUT5 [\LUT5(init="00000000000000010000...]
Compiling architecture lut6_v of entity unisim.LUT6 [\LUT6(init="01011111010111000101...]
Compiling architecture lut5_v of entity unisim.LUT5 [\LUT5(init="10011001100111011101...]
Compiling architecture lut5_v of entity unisim.LUT5 [\LUT5(init="01010111111111110101...]
Compiling architecture lut4_v of entity unisim.LUT4 [\LUT4(init="1110000011111111")(0...]
Compiling architecture lut4_v of entity unisim.LUT4 [\LUT4(init="0101011111111111")(0...]
Compiling architecture lut6_v of entity unisim.LUT6 [\LUT6(init="01001111111111111111...]
Compiling architecture lut6_v of entity unisim.LUT6 [\LUT6(init="01010101010101010000...]
Compiling architecture lut5_v of entity unisim.LUT5 [\LUT5(init="11111111111111110101...]
Compiling architecture lut6_v of entity unisim.LUT6 [\LUT6(init="10111000101110111111...]
Compiling architecture lut6_v of entity unisim.LUT6 [\LUT6(init="00000001000000010101...]
Compiling architecture lut5_v of entity unisim.LUT5 [\LUT5(init="11111111111100001111...]
Compiling architecture lut6_v of entity unisim.LUT6 [\LUT6(init="10111011101110111011...]
Compiling architecture lut6_v of entity unisim.LUT6 [\LUT6(init="00000000000000000000...]
Compiling architecture lut6_v of entity unisim.LUT6 [\LUT6(init="10111011101110111011...]
Compiling architecture lut5_v of entity unisim.LUT5 [\LUT5(init="11111111111111111111...]
Compiling architecture lut5_v of entity unisim.LUT5 [\LUT5(init="10101010101110101111...]
Compiling architecture lut5_v of entity unisim.LUT5 [\LUT5(init="11101111111011111110...]
Compiling architecture lut6_v of entity unisim.LUT6 [\LUT6(init="00000000000000001111...]
Compiling architecture lut5_v of entity unisim.LUT5 [\LUT5(init="11101110111010101011...]
Compiling architecture lut6_v of entity unisim.LUT6 [\LUT6(init="00000000000000000000...]
Compiling architecture lut6_v of entity unisim.LUT6 [\LUT6(init="00000000000000000000...]
Compiling architecture lut5_v of entity unisim.LUT5 [\LUT5(init="10111011111010111011...]
Compiling architecture lut4_v of entity unisim.LUT4 [\LUT4(init="0101010101010001")(0...]
Compiling architecture lut4_v of entity unisim.LUT4 [\LUT4(init="1010101010100010")(0...]
Compiling architecture lut5_v of entity unisim.LUT5 [\LUT5(init="10001000100010111000...]
Compiling architecture lut5_v of entity unisim.LUT5 [\LUT5(init="00110011000000110000...]
Compiling architecture lut5_v of entity unisim.LUT5 [\LUT5(init="10011000110011000000...]
Compiling architecture lut4_v of entity unisim.LUT4 [\LUT4(init="0011000011011111")(0...]
Compiling architecture lut4_v of entity unisim.LUT4 [\LUT4(init="1000011101111000")(0...]
Compiling architecture lut5_v of entity unisim.LUT5 [\LUT5(init="00000001000000010000...]
Compiling architecture structure of entity xil_defaultlib.Pixel_On_Text_2 [pixel_on_text_2_default]
Compiling architecture lut6_v of entity unisim.LUT6 [\LUT6(init="10100000101010100000...]
Compiling architecture lut6_v of entity unisim.LUT6 [\LUT6(init="11111101111111011111...]
Compiling architecture lut5_v of entity unisim.LUT5 [\LUT5(init="11111111000000001011...]
Compiling architecture lut6_v of entity unisim.LUT6 [\LUT6(init="11111011111110111111...]
Compiling architecture lut6_v of entity unisim.LUT6 [\LUT6(init="10101010101010101010...]
Compiling architecture lut6_v of entity unisim.LUT6 [\LUT6(init="00000000000000000100...]
Compiling architecture lut6_v of entity unisim.LUT6 [\LUT6(init="11111111111111110000...]
Compiling architecture lut6_v of entity unisim.LUT6 [\LUT6(init="11110000111111111111...]
Compiling architecture lut6_v of entity unisim.LUT6 [\LUT6(init="01010101010101010000...]
Compiling architecture lut6_v of entity unisim.LUT6 [\LUT6(init="00010001000100010001...]
Compiling architecture lut6_v of entity unisim.LUT6 [\LUT6(init="00000101010001010101...]
Compiling architecture lut6_v of entity unisim.LUT6 [\LUT6(init="11111111111111110101...]
Compiling architecture lut5_v of entity unisim.LUT5 [\LUT5(init="01110100111111110111...]
Compiling architecture lut5_v of entity unisim.LUT5 [\LUT5(init="01010101010101011010...]
Compiling architecture lut6_v of entity unisim.LUT6 [\LUT6(init="01100110011001100110...]
Compiling architecture lut6_v of entity unisim.LUT6 [\LUT6(init="11000001110000111100...]
Compiling architecture lut6_v of entity unisim.LUT6 [\LUT6(init="00000000000000000000...]
Compiling architecture lut6_v of entity unisim.LUT6 [\LUT6(init="11001100111111111111...]
Compiling architecture lut6_v of entity unisim.LUT6 [\LUT6(init="00001111001100110101...]
Compiling architecture structure of entity xil_defaultlib.Font_Rom_15 [font_rom_15_default]
Compiling architecture structure of entity xil_defaultlib.Pixel_On_Text_3 [pixel_on_text_3_default]
Compiling architecture lut4_v of entity unisim.LUT4 [\LUT4(init="0000000111111111")(0...]
Compiling architecture structure of entity xil_defaultlib.Pixel_On_Text_4 [pixel_on_text_4_default]
Compiling architecture lut6_v of entity unisim.LUT6 [\LUT6(init="11001111101011111100...]
Compiling architecture lut6_v of entity unisim.LUT6 [\LUT6(init="00000010000000100000...]
Compiling architecture lut3_v of entity unisim.LUT3 [\LUT3(init="00001101")(0,7)\]
Compiling architecture lut3_v of entity unisim.LUT3 [\LUT3(init="01000000")(0,7)\]
Compiling architecture lut3_v of entity unisim.LUT3 [\LUT3(init="10011010")(0,7)\]
Compiling architecture lut5_v of entity unisim.LUT5 [\LUT5(init="01000000101111111011...]
Compiling architecture lut6_v of entity unisim.LUT6 [\LUT6(init="00000000000000001000...]
Compiling architecture lut6_v of entity unisim.LUT6 [\LUT6(init="00000000000000000000...]
Compiling architecture lut6_v of entity unisim.LUT6 [\LUT6(init="01011010011110100101...]
Compiling architecture lut6_v of entity unisim.LUT6 [\LUT6(init="10101010100010101111...]
Compiling architecture lut6_v of entity unisim.LUT6 [\LUT6(init="00100010111000101110...]
Compiling architecture lut6_v of entity unisim.LUT6 [\LUT6(init="11001010110010101111...]
Compiling architecture lut6_v of entity unisim.LUT6 [\LUT6(init="10111000000000001011...]
Compiling architecture lut6_v of entity unisim.LUT6 [\LUT6(init="00001000000010000000...]
Compiling architecture lut6_v of entity unisim.LUT6 [\LUT6(init="00000000000000001010...]
Compiling architecture lut6_v of entity unisim.LUT6 [\LUT6(init="11101111111111111111...]
Compiling architecture lut6_v of entity unisim.LUT6 [\LUT6(init="00111100001111000011...]
Compiling architecture lut6_v of entity unisim.LUT6 [\LUT6(init="10111011101111111111...]
Compiling architecture lut6_v of entity unisim.LUT6 [\LUT6(init="11111111111011111010...]
Compiling architecture lut6_v of entity unisim.LUT6 [\LUT6(init="10111011101110111011...]
Compiling architecture lut6_v of entity unisim.LUT6 [\LUT6(init="11011111110111111101...]
Compiling architecture lut6_v of entity unisim.LUT6 [\LUT6(init="01001011010001000100...]
Compiling architecture lut6_v of entity unisim.LUT6 [\LUT6(init="11111111111111110000...]
Compiling architecture lut6_v of entity unisim.LUT6 [\LUT6(init="11111111111111111111...]
Compiling architecture structure of entity xil_defaultlib.Font_Rom_14 [font_rom_14_default]
Compiling architecture structure of entity xil_defaultlib.Pixel_On_Text_5 [pixel_on_text_5_default]
Compiling architecture structure of entity xil_defaultlib.Pixel_On_Text_6 [pixel_on_text_6_default]
Compiling architecture lut4_v of entity unisim.LUT4 [\LUT4(init="1010100000000000")(0...]
Compiling architecture lut6_v of entity unisim.LUT6 [\LUT6(init="00001111000000001110...]
Compiling architecture lut4_v of entity unisim.LUT4 [\LUT4(init="0000001000000000")(0...]
Compiling architecture lut6_v of entity unisim.LUT6 [\LUT6(init="11001111001000000000...]
Compiling architecture lut6_v of entity unisim.LUT6 [\LUT6(init="00000000000000000000...]
Compiling architecture lut6_v of entity unisim.LUT6 [\LUT6(init="00010101010100000001...]
Compiling architecture lut6_v of entity unisim.LUT6 [\LUT6(init="00000000000000000000...]
Compiling architecture lut4_v of entity unisim.LUT4 [\LUT4(init="0000000011111000")(0...]
Compiling architecture lut6_v of entity unisim.LUT6 [\LUT6(init="11101110111011100000...]
Compiling architecture lut5_v of entity unisim.LUT5 [\LUT5(init="00100010000000100000...]
Compiling architecture lut6_v of entity unisim.LUT6 [\LUT6(init="11111111000111110000...]
Compiling architecture lut6_v of entity unisim.LUT6 [\LUT6(init="11111111111111111111...]
Compiling architecture lut6_v of entity unisim.LUT6 [\LUT6(init="11101110111011101110...]
Compiling architecture lut6_v of entity unisim.LUT6 [\LUT6(init="00000000000000000000...]
Compiling architecture structure of entity xil_defaultlib.Font_Rom_13 [font_rom_13_default]
Compiling architecture structure of entity xil_defaultlib.Pixel_On_Text_7 [pixel_on_text_7_default]
Compiling architecture structure of entity xil_defaultlib.Pixel_On_Text_8 [pixel_on_text_8_default]
Compiling architecture lut6_v of entity unisim.LUT6 [\LUT6(init="10110000111111111111...]
Compiling architecture lut3_v of entity unisim.LUT3 [\LUT3(init="00011110")(0,7)\]
Compiling architecture lut6_v of entity unisim.LUT6 [\LUT6(init="00000001000001000000...]
Compiling architecture lut6_v of entity unisim.LUT6 [\LUT6(init="01010000010001000100...]
Compiling architecture lut5_v of entity unisim.LUT5 [\LUT5(init="11101110101111101110...]
Compiling architecture lut6_v of entity unisim.LUT6 [\LUT6(init="00000000000000000000...]
Compiling architecture lut5_v of entity unisim.LUT5 [\LUT5(init="00000000000000001110...]
Compiling architecture lut6_v of entity unisim.LUT6 [\LUT6(init="00000000000000000001...]
Compiling architecture lut5_v of entity unisim.LUT5 [\LUT5(init="11111011110111110000...]
Compiling architecture lut6_v of entity unisim.LUT6 [\LUT6(init="00010000000001000000...]
Compiling architecture lut5_v of entity unisim.LUT5 [\LUT5(init="01011010101001011100...]
Compiling architecture structure of entity xil_defaultlib.Font_Rom_12 [font_rom_12_default]
Compiling architecture lut4_v of entity unisim.LUT4 [\LUT4(init="1000100011001000")(0...]
Compiling architecture lut5_v of entity unisim.LUT5 [\LUT5(init="10100000101100001010...]
Compiling architecture structure of entity xil_defaultlib.Pixel_On_Text_9 [pixel_on_text_9_default]
Compiling architecture lut6_v of entity unisim.LUT6 [\LUT6(init="00100010001000100010...]
Compiling architecture lut6_v of entity unisim.LUT6 [\LUT6(init="10101010101010101010...]
Compiling architecture lut6_v of entity unisim.LUT6 [\LUT6(init="00000000000000001010...]
Compiling architecture lut6_v of entity unisim.LUT6 [\LUT6(init="11111111111111111111...]
Compiling architecture lut6_v of entity unisim.LUT6 [\LUT6(init="10100010000000101010...]
Compiling architecture lut6_v of entity unisim.LUT6 [\LUT6(init="01011101111111010101...]
Compiling architecture lut6_v of entity unisim.LUT6 [\LUT6(init="10111111101100001111...]
Compiling architecture lut6_v of entity unisim.LUT6 [\LUT6(init="10100010000000101010...]
Compiling architecture lut6_v of entity unisim.LUT6 [\LUT6(init="00000010000000100000...]
Compiling architecture lut6_v of entity unisim.LUT6 [\LUT6(init="10101111101000001010...]
Compiling architecture lut6_v of entity unisim.LUT6 [\LUT6(init="11111111111111010000...]
Compiling architecture lut5_v of entity unisim.LUT5 [\LUT5(init="00000000101010001010...]
Compiling architecture lut6_v of entity unisim.LUT6 [\LUT6(init="00000000000000000010...]
Compiling architecture lut6_v of entity unisim.LUT6 [\LUT6(init="11101110111011101110...]
Compiling architecture lut6_v of entity unisim.LUT6 [\LUT6(init="11111110101111111110...]
Compiling architecture lut6_v of entity unisim.LUT6 [\LUT6(init="10011001100110011001...]
Compiling architecture lut6_v of entity unisim.LUT6 [\LUT6(init="11111111111111111111...]
Compiling architecture lut6_v of entity unisim.LUT6 [\LUT6(init="10001000100010001000...]
Compiling architecture lut6_v of entity unisim.LUT6 [\LUT6(init="11111111111111110001...]
Compiling architecture lut6_v of entity unisim.LUT6 [\LUT6(init="10101010111111100000...]
Compiling architecture lut6_v of entity unisim.LUT6 [\LUT6(init="11011101010100000111...]
Compiling architecture lut6_v of entity unisim.LUT6 [\LUT6(init="00100010001000101001...]
Compiling architecture lut6_v of entity unisim.LUT6 [\LUT6(init="00000000000000001000...]
Compiling architecture lut6_v of entity unisim.LUT6 [\LUT6(init="01010110111101100101...]
Compiling architecture structure of entity xil_defaultlib.Font_Rom [font_rom_default]
Compiling architecture structure of entity xil_defaultlib.Pixel_On_Text_10 [pixel_on_text_10_default]
Compiling architecture structure of entity xil_defaultlib.Pixel_On_Text_11 [pixel_on_text_11_default]
Compiling architecture lut5_v of entity unisim.LUT5 [\LUT5(init="01000101010101010101...]
Compiling architecture lut5_v of entity unisim.LUT5 [\LUT5(init="00001111111101111111...]
Compiling architecture lut6_v of entity unisim.LUT6 [\LUT6(init="00110011111111111100...]
Compiling architecture lut6_v of entity unisim.LUT6 [\LUT6(init="00000000000000000000...]
Compiling architecture lut4_v of entity unisim.LUT4 [\LUT4(init="1010101001101010")(0...]
Compiling architecture lut6_v of entity unisim.LUT6 [\LUT6(init="00000000000000000000...]
Compiling architecture lut6_v of entity unisim.LUT6 [\LUT6(init="00000000000000001011...]
Compiling architecture lut4_v of entity unisim.LUT4 [\LUT4(init="1000000000000000")(0...]
Compiling architecture lut6_v of entity unisim.LUT6 [\LUT6(init="01111111111111111111...]
Compiling architecture lut6_v of entity unisim.LUT6 [\LUT6(init="11111111110111111101...]
Compiling architecture lut4_v of entity unisim.LUT4 [\LUT4(init="0000000001010111")(0...]
Compiling architecture lut5_v of entity unisim.LUT5 [\LUT5(init="11101010101010101010...]
Compiling architecture lut4_v of entity unisim.LUT4 [\LUT4(init="1111111111011111")(0...]
Compiling architecture lut6_v of entity unisim.LUT6 [\LUT6(init="11111011111111111111...]
Compiling architecture structure of entity xil_defaultlib.vga_debug [vga_debug_default]
Compiling architecture structure of entity xil_defaultlib.top
Built simulation snapshot top_func_impl
