INFO: [VRFC 10-163] Analyzing VHDL file "C:/Users/Samuel/risc_arty/risc_arty.sim/sim_1/impl/func/xsim/top_func_impl.vhd" into library xil_defaultlib
INFO: [VRFC 10-3107] analyzing entity 'Font_Rom'
INFO: [VRFC 10-3107] analyzing entity 'Font_Rom_12'
INFO: [VRFC 10-3107] analyzing entity 'Font_Rom_13'
INFO: [VRFC 10-3107] analyzing entity 'Font_Rom_14'
INFO: [VRFC 10-3107] analyzing entity 'Font_Rom_15'
INFO: [VRFC 10-3107] analyzing entity 'Font_Rom_16'
INFO: [VRFC 10-3107] analyzing entity 'Font_Rom_17'
INFO: [VRFC 10-3107] analyzing entity 'Pixel_On_Text_0'
INFO: [VRFC 10-3107] analyzing entity 'Pixel_On_Text_11'
INFO: [VRFC 10-3107] analyzing entity 'Pixel_On_Text_2'
INFO: [VRFC 10-3107] analyzing entity 'Pixel_On_Text_4'
INFO: [VRFC 10-3107] analyzing entity 'Pixel_On_Text_6'
INFO: [VRFC 10-3107] analyzing entity 'Pixel_On_Text_8'
INFO: [VRFC 10-3107] analyzing entity 'adder'
INFO: [VRFC 10-3107] analyzing entity 'adder_18'
INFO: [VRFC 10-3107] analyzing entity 'aludec'
INFO: [VRFC 10-3107] analyzing entity 'divider'
INFO: [VRFC 10-3107] analyzing entity 'enflopr'
INFO: [VRFC 10-3107] analyzing entity 'enflopr_19'
INFO: [VRFC 10-3107] analyzing entity 'enflopr_20'
INFO: [VRFC 10-3107] analyzing entity 'enflopr_21'
INFO: [VRFC 10-3107] analyzing entity '\enflopr__parameterized2\'
INFO: [VRFC 10-3107] analyzing entity 'flopr'
INFO: [VRFC 10-3107] analyzing entity '\flopr__parameterized1\'
INFO: [VRFC 10-3107] analyzing entity 'multiplier'
INFO: [VRFC 10-3107] analyzing entity 'regfile'
INFO: [VRFC 10-3107] analyzing entity 'remainder'
INFO: [VRFC 10-3107] analyzing entity 'dmem_bram_blk_mem_gen_prim_wrapper_init'
INFO: [VRFC 10-3107] analyzing entity 'imem_bram_blk_mem_gen_prim_wrapper_init'
INFO: [VRFC 10-3107] analyzing entity 'Pixel_On_Text'
INFO: [VRFC 10-3107] analyzing entity 'Pixel_On_Text_1'
INFO: [VRFC 10-3107] analyzing entity 'Pixel_On_Text_10'
INFO: [VRFC 10-3107] analyzing entity 'Pixel_On_Text_3'
INFO: [VRFC 10-3107] analyzing entity 'Pixel_On_Text_5'
INFO: [VRFC 10-3107] analyzing entity 'Pixel_On_Text_7'
INFO: [VRFC 10-3107] analyzing entity 'Pixel_On_Text_9'
INFO: [VRFC 10-3107] analyzing entity 'alu'
INFO: [VRFC 10-3107] analyzing entity 'controller'
INFO: [VRFC 10-3107] analyzing entity 'wallDtoE'
INFO: [VRFC 10-3107] analyzing entity 'wallEtoM'
INFO: [VRFC 10-3107] analyzing entity 'wallFtoD'
INFO: [VRFC 10-3107] analyzing entity 'wallMtoW'
INFO: [VRFC 10-3107] analyzing entity 'dmem_bram_blk_mem_gen_prim_width'
INFO: [VRFC 10-3107] analyzing entity 'imem_bram_blk_mem_gen_prim_width'
INFO: [VRFC 10-3107] analyzing entity 'datapath_struct_write_on_neg_edge'
INFO: [VRFC 10-3107] analyzing entity 'vga_debug'
INFO: [VRFC 10-3107] analyzing entity 'dmem_bram_blk_mem_gen_generic_cstr'
INFO: [VRFC 10-3107] analyzing entity 'imem_bram_blk_mem_gen_generic_cstr'
INFO: [VRFC 10-3107] analyzing entity 'riscvpipeline_struct_neg'
INFO: [VRFC 10-3107] analyzing entity 'dmem_bram_blk_mem_gen_top'
INFO: [VRFC 10-3107] analyzing entity 'imem_bram_blk_mem_gen_top'
INFO: [VRFC 10-3107] analyzing entity 'dmem_bram_blk_mem_gen_v8_4_8_synth'
INFO: [VRFC 10-3107] analyzing entity 'imem_bram_blk_mem_gen_v8_4_8_synth'
INFO: [VRFC 10-3107] analyzing entity 'dmem_bram_blk_mem_gen_v8_4_8'
INFO: [VRFC 10-3107] analyzing entity 'imem_bram_blk_mem_gen_v8_4_8'
INFO: [VRFC 10-3107] analyzing entity 'dmem_bram'
INFO: [VRFC 10-3107] analyzing entity 'imem_bram'
INFO: [VRFC 10-3107] analyzing entity 'dmem'
INFO: [VRFC 10-3107] analyzing entity 'imem'
INFO: [VRFC 10-3107] analyzing entity 'top'
